2024-11-30 15:43:53.169 +01:00 [INF] User profile is available. Using '/Users/kjellwiggo/.aspnet/DataProtection-Keys' as key repository; keys will not be encrypted at rest.
2024-11-30 15:43:53.218 +01:00 [INF] Now listening on: http://localhost:5015
2024-11-30 15:43:53.219 +01:00 [INF] Application started. Press Ctrl+C to shut down.
2024-11-30 15:43:53.219 +01:00 [INF] Hosting environment: Development
2024-11-30 15:43:53.219 +01:00 [INF] Content root path: /Users/kjellwiggo/Developer/GitHub/itpe3200/FoodRegistrationTool
2024-11-30 15:44:18.514 +01:00 [INF] Request starting HTTP/1.1 GET http://localhost:5015/ - null null
2024-11-30 15:44:18.517 +01:00 [WRN] Failed to determine the https port for redirect.
2024-11-30 15:44:18.532 +01:00 [INF] Executing endpoint 'FoodRegistrationTool.Controllers.HomeController.Index (FoodRegistrationTool)'
2024-11-30 15:44:18.540 +01:00 [INF] Route matched with {action = "Index", controller = "Home", page = "", area = ""}. Executing controller action with signature Microsoft.AspNetCore.Mvc.IActionResult Index() on controller FoodRegistrationTool.Controllers.HomeController (FoodRegistrationTool).
2024-11-30 15:44:18.542 +01:00 [INF] Executing ViewResult, running view Index.
2024-11-30 15:44:18.845 +01:00 [INF] Executed ViewResult - view Index executed in 303.8022ms.
2024-11-30 15:44:18.846 +01:00 [INF] Executed action FoodRegistrationTool.Controllers.HomeController.Index (FoodRegistrationTool) in 306.0147ms
2024-11-30 15:44:18.846 +01:00 [INF] Executed endpoint 'FoodRegistrationTool.Controllers.HomeController.Index (FoodRegistrationTool)'
2024-11-30 15:44:18.848 +01:00 [INF] Request finished HTTP/1.1 GET http://localhost:5015/ - 200 null text/html; charset=utf-8 334.2975ms
2024-11-30 15:44:18.862 +01:00 [INF] Request starting HTTP/1.1 GET http://localhost:5015/js/table-nutrition.js - null null
2024-11-30 15:44:18.862 +01:00 [INF] Request starting HTTP/1.1 GET http://localhost:5015/css/bootstrap-icons/font/bootstrap-icons.min.css - null null
2024-11-30 15:44:18.862 +01:00 [INF] Request starting HTTP/1.1 GET http://localhost:5015/FoodRegistrationTool.styles.css?v=-rXHweyj8R1Srhz14u2t5C6l8wvZ9AmWgOYZ4nRx8jA - null null
2024-11-30 15:44:18.862 +01:00 [INF] Request starting HTTP/1.1 GET http://localhost:5015/js/bootstrap.js - null null
2024-11-30 15:44:18.862 +01:00 [INF] Request starting HTTP/1.1 GET http://localhost:5015/css/site.css?v=ejrE1a593sfR5VZA1VBwg_m0WbH_DVBxrN4qtJLwAYo - null null
2024-11-30 15:44:18.862 +01:00 [INF] Request starting HTTP/1.1 GET http://localhost:5015/js/jquery.min.js - null null
2024-11-30 15:44:18.864 +01:00 [INF] The file /js/bootstrap.js was not modified
2024-11-30 15:44:18.864 +01:00 [INF] The file /js/table-nutrition.js was not modified
2024-11-30 15:44:18.864 +01:00 [INF] The file /css/site.css was not modified
2024-11-30 15:44:18.864 +01:00 [INF] The file /css/bootstrap-icons/font/bootstrap-icons.min.css was not modified
2024-11-30 15:44:18.864 +01:00 [INF] Request finished HTTP/1.1 GET http://localhost:5015/js/table-nutrition.js - 304 null text/javascript 1.6815ms
2024-11-30 15:44:18.864 +01:00 [INF] Request finished HTTP/1.1 GET http://localhost:5015/css/bootstrap-icons/font/bootstrap-icons.min.css - 304 null text/css 1.7225ms
2024-11-30 15:44:18.864 +01:00 [INF] The file /FoodRegistrationTool.styles.css was not modified
2024-11-30 15:44:18.864 +01:00 [INF] Request finished HTTP/1.1 GET http://localhost:5015/js/bootstrap.js - 304 null text/javascript 1.674ms
2024-11-30 15:44:18.864 +01:00 [INF] The file /js/jquery.min.js was not modified
2024-11-30 15:44:18.864 +01:00 [INF] Request finished HTTP/1.1 GET http://localhost:5015/css/site.css?v=ejrE1a593sfR5VZA1VBwg_m0WbH_DVBxrN4qtJLwAYo - 304 null text/css 1.7142ms
2024-11-30 15:44:18.864 +01:00 [INF] Request finished HTTP/1.1 GET http://localhost:5015/js/jquery.min.js - 304 null text/javascript 1.8454ms
2024-11-30 15:44:18.864 +01:00 [INF] Request finished HTTP/1.1 GET http://localhost:5015/FoodRegistrationTool.styles.css?v=-rXHweyj8R1Srhz14u2t5C6l8wvZ9AmWgOYZ4nRx8jA - 304 null text/css 1.7751ms
2024-11-30 15:44:18.864 +01:00 [INF] Request starting HTTP/1.1 GET http://localhost:5015/js/jquery.validate.js - null null
2024-11-30 15:44:18.864 +01:00 [INF] Request starting HTTP/1.1 GET http://localhost:5015/js/jquery.validate.unobtrusive.js - null null
2024-11-30 15:44:18.865 +01:00 [INF] The file /js/jquery.validate.unobtrusive.js was not modified
2024-11-30 15:44:18.865 +01:00 [INF] The file /js/jquery.validate.js was not modified
2024-11-30 15:44:18.865 +01:00 [INF] Request finished HTTP/1.1 GET http://localhost:5015/js/jquery.validate.unobtrusive.js - 304 null text/javascript 0.3806ms
2024-11-30 15:44:18.865 +01:00 [INF] Request finished HTTP/1.1 GET http://localhost:5015/js/jquery.validate.js - 304 null text/javascript 0.4526ms
2024-11-30 15:44:18.866 +01:00 [INF] Request starting HTTP/1.1 GET http://localhost:5015/images/carousel3.jpg - null null
2024-11-30 15:44:18.866 +01:00 [INF] The file /images/carousel3.jpg was not modified
2024-11-30 15:44:18.866 +01:00 [INF] Request finished HTTP/1.1 GET http://localhost:5015/images/carousel3.jpg - 304 null image/jpeg 0.3532ms
2024-11-30 15:44:18.866 +01:00 [INF] Request starting HTTP/1.1 GET http://localhost:5015/images/carousel2.jpg - null null
2024-11-30 15:44:18.866 +01:00 [INF] The file /images/carousel2.jpg was not modified
2024-11-30 15:44:18.866 +01:00 [INF] Request finished HTTP/1.1 GET http://localhost:5015/images/carousel2.jpg - 304 null image/jpeg 0.1569ms
2024-11-30 15:44:18.914 +01:00 [INF] Request starting HTTP/1.1 GET http://localhost:5015/lib/jquery/dist/jquery.min.js - null null
2024-11-30 15:44:18.914 +01:00 [INF] Request starting HTTP/1.1 GET http://localhost:5015/images/carousel1.jpg - null null
2024-11-30 15:44:18.914 +01:00 [INF] The file /lib/jquery/dist/jquery.min.js was not modified
2024-11-30 15:44:18.914 +01:00 [INF] The file /images/carousel1.jpg was not modified
2024-11-30 15:44:18.914 +01:00 [INF] Request finished HTTP/1.1 GET http://localhost:5015/lib/jquery/dist/jquery.min.js - 304 null text/javascript 0.328ms
2024-11-30 15:44:18.914 +01:00 [INF] Request finished HTTP/1.1 GET http://localhost:5015/images/carousel1.jpg - 304 null image/jpeg 0.383ms
2024-11-30 15:44:18.916 +01:00 [INF] Request starting HTTP/1.1 GET http://localhost:5015/lib/bootstrap/dist/js/bootstrap.bundle.min.js - null null
2024-11-30 15:44:18.916 +01:00 [INF] The file /lib/bootstrap/dist/js/bootstrap.bundle.min.js was not modified
2024-11-30 15:44:18.916 +01:00 [INF] Request finished HTTP/1.1 GET http://localhost:5015/lib/bootstrap/dist/js/bootstrap.bundle.min.js - 304 null text/javascript 0.4376ms
2024-11-30 15:44:18.919 +01:00 [INF] Request starting HTTP/1.1 GET http://localhost:5015/js/site.js?v=y_Ngd8W21UpuCUhEqGbUKDEqFnNfTjAfb24GhJJGUyM - null null
2024-11-30 15:44:18.919 +01:00 [INF] The file /js/site.js was not modified
2024-11-30 15:44:18.919 +01:00 [INF] Request finished HTTP/1.1 GET http://localhost:5015/js/site.js?v=y_Ngd8W21UpuCUhEqGbUKDEqFnNfTjAfb24GhJJGUyM - 304 null text/javascript 0.2049ms
2024-11-30 15:44:18.931 +01:00 [INF] Request starting HTTP/1.1 GET http://localhost:5015/css/bootstrap-icons/font/fonts/bootstrap-icons.woff2?dd67030699838ea613ee6dbda90effa6 - null null
2024-11-30 15:44:18.931 +01:00 [INF] The file /css/bootstrap-icons/font/fonts/bootstrap-icons.woff2 was not modified
2024-11-30 15:44:18.931 +01:00 [INF] Request finished HTTP/1.1 GET http://localhost:5015/css/bootstrap-icons/font/fonts/bootstrap-icons.woff2?dd67030699838ea613ee6dbda90effa6 - 304 null font/woff2 0.4772ms
2024-11-30 15:44:18.975 +01:00 [INF] Request starting HTTP/1.1 GET http://localhost:5015/favicon.ico - null null
2024-11-30 15:44:18.976 +01:00 [INF] The file /favicon.ico was not modified
2024-11-30 15:44:18.976 +01:00 [INF] Request finished HTTP/1.1 GET http://localhost:5015/favicon.ico - 304 null image/x-icon 0.3188ms
2024-11-30 15:44:27.174 +01:00 [INF] Request starting HTTP/1.1 GET http://localhost:5015/Identity/Account/Register - null null
2024-11-30 15:44:27.178 +01:00 [INF] Executing endpoint '/Account/Register'
2024-11-30 15:44:27.197 +01:00 [INF] Route matched with {page = "/Account/Register", area = "Identity", action = "", controller = ""}. Executing page /Account/Register
2024-11-30 15:44:27.215 +01:00 [INF] Executing handler method FoodRegistrationTool.Areas.Identity.Pages.Account.RegisterModel.OnGetAsync - ModelState is "Valid"
2024-11-30 15:44:27.216 +01:00 [INF] Executed handler method OnGetAsync, returned result .
2024-11-30 15:44:27.217 +01:00 [INF] Executing an implicit handler method - ModelState is "Valid"
2024-11-30 15:44:27.217 +01:00 [INF] Executed an implicit handler method, returned result Microsoft.AspNetCore.Mvc.RazorPages.PageResult.
2024-11-30 15:44:27.236 +01:00 [INF] Executed page /Account/Register in 39.1705ms
2024-11-30 15:44:27.236 +01:00 [INF] Executed endpoint '/Account/Register'
2024-11-30 15:44:27.236 +01:00 [INF] Request finished HTTP/1.1 GET http://localhost:5015/Identity/Account/Register - 200 null text/html; charset=utf-8 62.1709ms
2024-11-30 15:44:27.249 +01:00 [INF] Request starting HTTP/1.1 GET http://localhost:5015/lib/jquery-validation/dist/jquery.validate.min.js - null null
2024-11-30 15:44:27.249 +01:00 [INF] Request starting HTTP/1.1 GET http://localhost:5015/lib/jquery-validation-unobtrusive/jquery.validate.unobtrusive.min.js - null null
2024-11-30 15:44:27.249 +01:00 [INF] The file /lib/jquery-validation/dist/jquery.validate.min.js was not modified
2024-11-30 15:44:27.249 +01:00 [INF] The file /lib/jquery-validation-unobtrusive/jquery.validate.unobtrusive.min.js was not modified
2024-11-30 15:44:27.250 +01:00 [INF] Request finished HTTP/1.1 GET http://localhost:5015/lib/jquery-validation/dist/jquery.validate.min.js - 304 null text/javascript 0.219ms
2024-11-30 15:44:27.250 +01:00 [INF] Request finished HTTP/1.1 GET http://localhost:5015/lib/jquery-validation-unobtrusive/jquery.validate.unobtrusive.min.js - 304 null text/javascript 0.2462ms
2024-11-30 15:44:28.409 +01:00 [INF] Request starting HTTP/1.1 GET http://localhost:5015/ - null null
2024-11-30 15:44:28.412 +01:00 [INF] Executing endpoint 'FoodRegistrationTool.Controllers.HomeController.Index (FoodRegistrationTool)'
2024-11-30 15:44:28.412 +01:00 [INF] Route matched with {action = "Index", controller = "Home", page = "", area = ""}. Executing controller action with signature Microsoft.AspNetCore.Mvc.IActionResult Index() on controller FoodRegistrationTool.Controllers.HomeController (FoodRegistrationTool).
2024-11-30 15:44:28.412 +01:00 [INF] Executing ViewResult, running view Index.
2024-11-30 15:44:28.457 +01:00 [INF] Executed ViewResult - view Index executed in 44.9045ms.
2024-11-30 15:44:28.457 +01:00 [INF] Executed action FoodRegistrationTool.Controllers.HomeController.Index (FoodRegistrationTool) in 45.4141ms
2024-11-30 15:44:28.457 +01:00 [INF] Executed endpoint 'FoodRegistrationTool.Controllers.HomeController.Index (FoodRegistrationTool)'
2024-11-30 15:44:28.458 +01:00 [INF] Request finished HTTP/1.1 GET http://localhost:5015/ - 200 null text/html; charset=utf-8 48.7761ms
2024-11-30 15:44:42.127 +01:00 [INF] Request starting HTTP/1.1 GET http://localhost:5015/ - null null
2024-11-30 15:44:42.128 +01:00 [INF] Executing endpoint 'FoodRegistrationTool.Controllers.HomeController.Index (FoodRegistrationTool)'
2024-11-30 15:44:42.128 +01:00 [INF] Route matched with {action = "Index", controller = "Home", page = "", area = ""}. Executing controller action with signature Microsoft.AspNetCore.Mvc.IActionResult Index() on controller FoodRegistrationTool.Controllers.HomeController (FoodRegistrationTool).
2024-11-30 15:44:42.129 +01:00 [INF] Executing ViewResult, running view Index.
2024-11-30 15:44:42.133 +01:00 [INF] Executed ViewResult - view Index executed in 4.3976ms.
2024-11-30 15:44:42.133 +01:00 [INF] Executed action FoodRegistrationTool.Controllers.HomeController.Index (FoodRegistrationTool) in 4.7903ms
2024-11-30 15:44:42.133 +01:00 [INF] Executed endpoint 'FoodRegistrationTool.Controllers.HomeController.Index (FoodRegistrationTool)'
2024-11-30 15:44:42.134 +01:00 [INF] Request finished HTTP/1.1 GET http://localhost:5015/ - 200 null text/html; charset=utf-8 6.7548ms
2024-11-30 15:44:44.053 +01:00 [INF] Request starting HTTP/1.1 GET http://localhost:5015/Producer/Table - null null
2024-11-30 15:44:44.055 +01:00 [INF] Executing endpoint 'FoodRegistrationTool.Controllers.ProducerController.Table (FoodRegistrationTool)'
2024-11-30 15:44:44.060 +01:00 [INF] Route matched with {action = "Table", controller = "Producer", page = "", area = ""}. Executing controller action with signature System.Threading.Tasks.Task`1[Microsoft.AspNetCore.Mvc.IActionResult] Table() on controller FoodRegistrationTool.Controllers.ProducerController (FoodRegistrationTool).
2024-11-30 15:44:44.171 +01:00 [INF] Executing ViewResult, running view Table.
2024-11-30 15:44:44.219 +01:00 [INF] Executed ViewResult - view Table executed in 48.2772ms.
2024-11-30 15:44:44.220 +01:00 [INF] Executed action FoodRegistrationTool.Controllers.ProducerController.Table (FoodRegistrationTool) in 159.8779ms
2024-11-30 15:44:44.220 +01:00 [INF] Executed endpoint 'FoodRegistrationTool.Controllers.ProducerController.Table (FoodRegistrationTool)'
2024-11-30 15:44:44.220 +01:00 [INF] Request finished HTTP/1.1 GET http://localhost:5015/Producer/Table - 200 null text/html; charset=utf-8 166.6055ms
2024-11-30 15:44:44.233 +01:00 [INF] Request starting HTTP/1.1 GET http://localhost:5015/images/clientImages/bigone.png - null null
2024-11-30 15:44:44.234 +01:00 [INF] The file /images/clientImages/bigone.png was not modified
2024-11-30 15:44:44.234 +01:00 [INF] Request finished HTTP/1.1 GET http://localhost:5015/images/clientImages/bigone.png - 304 null image/png 0.1462ms
2024-11-30 15:44:44.237 +01:00 [INF] Request starting HTTP/1.1 GET http://localhost:5015/images/clientImages/grandiosa245713709.jpg - null null
2024-11-30 15:44:44.237 +01:00 [INF] The file /images/clientImages/grandiosa245713709.jpg was not modified
2024-11-30 15:44:44.237 +01:00 [INF] Request finished HTTP/1.1 GET http://localhost:5015/images/clientImages/grandiosa245713709.jpg - 304 null image/jpeg 0.0773ms
2024-11-30 15:44:44.253 +01:00 [INF] Request starting HTTP/1.1 GET http://localhost:5015/images/clientImages/laarfilet243901232.jpg - null null
2024-11-30 15:44:44.254 +01:00 [INF] Request starting HTTP/1.1 GET http://localhost:5015/images/clientImages/lettmelk244059799.jpg - null null
2024-11-30 15:44:44.254 +01:00 [INF] The file /images/clientImages/laarfilet243901232.jpg was not modified
2024-11-30 15:44:44.254 +01:00 [INF] The file /images/clientImages/lettmelk244059799.jpg was not modified
2024-11-30 15:44:44.254 +01:00 [INF] Request finished HTTP/1.1 GET http://localhost:5015/images/clientImages/lettmelk244059799.jpg - 304 null image/jpeg 0.173ms
2024-11-30 15:44:44.254 +01:00 [INF] Request finished HTTP/1.1 GET http://localhost:5015/images/clientImages/laarfilet243901232.jpg - 304 null image/jpeg 0.3867ms
2024-11-30 15:44:49.991 +01:00 [INF] Request starting HTTP/1.1 GET http://localhost:5015/Product/Table - null null
2024-11-30 15:44:49.991 +01:00 [INF] Executing endpoint 'FoodRegistrationTool.Controllers.ProductController.Table (FoodRegistrationTool)'
2024-11-30 15:44:49.995 +01:00 [INF] Route matched with {action = "Table", controller = "Product", page = "", area = ""}. Executing controller action with signature System.Threading.Tasks.Task`1[Microsoft.AspNetCore.Mvc.IActionResult] Table() on controller FoodRegistrationTool.Controllers.ProductController (FoodRegistrationTool).
2024-11-30 15:44:50.006 +01:00 [INF] Executing ViewResult, running view Table.
2024-11-30 15:44:50.016 +01:00 [INF] Executed ViewResult - view Table executed in 10.4531ms.
2024-11-30 15:44:50.016 +01:00 [INF] Executed action FoodRegistrationTool.Controllers.ProductController.Table (FoodRegistrationTool) in 21.2247ms
2024-11-30 15:44:50.016 +01:00 [INF] Executed endpoint 'FoodRegistrationTool.Controllers.ProductController.Table (FoodRegistrationTool)'
2024-11-30 15:44:50.016 +01:00 [INF] Request finished HTTP/1.1 GET http://localhost:5015/Product/Table - 200 null text/html; charset=utf-8 25.0284ms
2024-11-30 15:44:56.593 +01:00 [INF] Request starting HTTP/1.1 GET http://localhost:5015/Producer/Table - null null
2024-11-30 15:44:56.594 +01:00 [INF] Executing endpoint 'FoodRegistrationTool.Controllers.ProducerController.Table (FoodRegistrationTool)'
2024-11-30 15:44:56.594 +01:00 [INF] Route matched with {action = "Table", controller = "Producer", page = "", area = ""}. Executing controller action with signature System.Threading.Tasks.Task`1[Microsoft.AspNetCore.Mvc.IActionResult] Table() on controller FoodRegistrationTool.Controllers.ProducerController (FoodRegistrationTool).
2024-11-30 15:44:56.598 +01:00 [INF] Executing ViewResult, running view Table.
2024-11-30 15:44:56.602 +01:00 [INF] Executed ViewResult - view Table executed in 3.7791ms.
2024-11-30 15:44:56.602 +01:00 [INF] Executed action FoodRegistrationTool.Controllers.ProducerController.Table (FoodRegistrationTool) in 7.6413ms
2024-11-30 15:44:56.602 +01:00 [INF] Executed endpoint 'FoodRegistrationTool.Controllers.ProducerController.Table (FoodRegistrationTool)'
2024-11-30 15:44:56.602 +01:00 [INF] Request finished HTTP/1.1 GET http://localhost:5015/Producer/Table - 200 null text/html; charset=utf-8 9.7826ms
2024-11-30 15:45:00.807 +01:00 [INF] Request starting HTTP/1.1 GET http://localhost:5015/Product/Table - null null
2024-11-30 15:45:00.809 +01:00 [INF] Executing endpoint 'FoodRegistrationTool.Controllers.ProductController.Table (FoodRegistrationTool)'
2024-11-30 15:45:00.810 +01:00 [INF] Route matched with {action = "Table", controller = "Product", page = "", area = ""}. Executing controller action with signature System.Threading.Tasks.Task`1[Microsoft.AspNetCore.Mvc.IActionResult] Table() on controller FoodRegistrationTool.Controllers.ProductController (FoodRegistrationTool).
2024-11-30 15:45:00.814 +01:00 [INF] Executing ViewResult, running view Table.
2024-11-30 15:45:00.816 +01:00 [INF] Executed ViewResult - view Table executed in 2.3335ms.
2024-11-30 15:45:00.816 +01:00 [INF] Executed action FoodRegistrationTool.Controllers.ProductController.Table (FoodRegistrationTool) in 6.4378ms
2024-11-30 15:45:00.816 +01:00 [INF] Executed endpoint 'FoodRegistrationTool.Controllers.ProductController.Table (FoodRegistrationTool)'
2024-11-30 15:45:00.816 +01:00 [INF] Request finished HTTP/1.1 GET http://localhost:5015/Product/Table - 200 null text/html; charset=utf-8 9.378ms
2024-11-30 15:45:09.036 +01:00 [INF] Request starting HTTP/1.1 GET http://localhost:5015/Producer/Table - null null
2024-11-30 15:45:09.036 +01:00 [INF] Executing endpoint 'FoodRegistrationTool.Controllers.ProducerController.Table (FoodRegistrationTool)'
2024-11-30 15:45:09.036 +01:00 [INF] Route matched with {action = "Table", controller = "Producer", page = "", area = ""}. Executing controller action with signature System.Threading.Tasks.Task`1[Microsoft.AspNetCore.Mvc.IActionResult] Table() on controller FoodRegistrationTool.Controllers.ProducerController (FoodRegistrationTool).
2024-11-30 15:45:09.039 +01:00 [INF] Executing ViewResult, running view Table.
2024-11-30 15:45:09.043 +01:00 [INF] Executed ViewResult - view Table executed in 4.1722ms.
2024-11-30 15:45:09.043 +01:00 [INF] Executed action FoodRegistrationTool.Controllers.ProducerController.Table (FoodRegistrationTool) in 6.6577ms
2024-11-30 15:45:09.043 +01:00 [INF] Executed endpoint 'FoodRegistrationTool.Controllers.ProducerController.Table (FoodRegistrationTool)'
2024-11-30 15:45:09.043 +01:00 [INF] Request finished HTTP/1.1 GET http://localhost:5015/Producer/Table - 200 null text/html; charset=utf-8 7.3109ms
2024-11-30 15:45:16.622 +01:00 [INF] Request starting HTTP/1.1 GET http://localhost:5015/ - null null
2024-11-30 15:45:16.623 +01:00 [INF] Executing endpoint 'FoodRegistrationTool.Controllers.HomeController.Index (FoodRegistrationTool)'
2024-11-30 15:45:16.623 +01:00 [INF] Route matched with {action = "Index", controller = "Home", page = "", area = ""}. Executing controller action with signature Microsoft.AspNetCore.Mvc.IActionResult Index() on controller FoodRegistrationTool.Controllers.HomeController (FoodRegistrationTool).
2024-11-30 15:45:16.623 +01:00 [INF] Executing ViewResult, running view Index.
2024-11-30 15:45:16.626 +01:00 [INF] Executed ViewResult - view Index executed in 2.8821ms.
2024-11-30 15:45:16.626 +01:00 [INF] Executed action FoodRegistrationTool.Controllers.HomeController.Index (FoodRegistrationTool) in 3.1209ms
2024-11-30 15:45:16.626 +01:00 [INF] Executed endpoint 'FoodRegistrationTool.Controllers.HomeController.Index (FoodRegistrationTool)'
2024-11-30 15:45:16.626 +01:00 [INF] Request finished HTTP/1.1 GET http://localhost:5015/ - 200 null text/html; charset=utf-8 4.8084ms
2024-11-30 15:46:33.720 +01:00 [INF] Request starting HTTP/1.1 GET http://localhost:5015/ - null null
2024-11-30 15:46:33.721 +01:00 [INF] Executing endpoint 'FoodRegistrationTool.Controllers.HomeController.Index (FoodRegistrationTool)'
2024-11-30 15:46:33.721 +01:00 [INF] Route matched with {action = "Index", controller = "Home", page = "", area = ""}. Executing controller action with signature Microsoft.AspNetCore.Mvc.IActionResult Index() on controller FoodRegistrationTool.Controllers.HomeController (FoodRegistrationTool).
2024-11-30 15:46:33.721 +01:00 [INF] Executing ViewResult, running view Index.
2024-11-30 15:46:33.726 +01:00 [INF] Executed ViewResult - view Index executed in 4.2159ms.
2024-11-30 15:46:33.726 +01:00 [INF] Executed action FoodRegistrationTool.Controllers.HomeController.Index (FoodRegistrationTool) in 4.6596ms
2024-11-30 15:46:33.726 +01:00 [INF] Executed endpoint 'FoodRegistrationTool.Controllers.HomeController.Index (FoodRegistrationTool)'
2024-11-30 15:46:33.726 +01:00 [INF] Request finished HTTP/1.1 GET http://localhost:5015/ - 200 null text/html; charset=utf-8 5.8241ms
2024-11-30 15:46:58.627 +01:00 [INF] Application is shutting down...
