2024-11-30 21:37:48.145 +01:00 [INF] User profile is available. Using '/Users/kjellwiggo/.aspnet/DataProtection-Keys' as key repository; keys will not be encrypted at rest.
2024-11-30 21:37:48.188 +01:00 [INF] Now listening on: http://localhost:5015
2024-11-30 21:37:48.189 +01:00 [INF] Application started. Press Ctrl+C to shut down.
2024-11-30 21:37:48.189 +01:00 [INF] Hosting environment: Development
2024-11-30 21:37:48.189 +01:00 [INF] Content root path: /Users/kjellwiggo/Developer/GitHub/itpe3200/FoodRegistrationTool
2024-11-30 21:37:49.604 +01:00 [INF] Request starting HTTP/1.1 GET http://localhost:5015/Product/Table - null null
2024-11-30 21:37:49.607 +01:00 [WRN] Failed to determine the https port for redirect.
2024-11-30 21:37:49.846 +01:00 [INF] Executing endpoint 'FoodRegistrationTool.Controllers.ProductController.Table (FoodRegistrationTool)'
2024-11-30 21:37:49.850 +01:00 [INF] Route matched with {action = "Table", controller = "Product", page = "", area = ""}. Executing controller action with signature System.Threading.Tasks.Task`1[Microsoft.AspNetCore.Mvc.IActionResult] Table() on controller FoodRegistrationTool.Controllers.ProductController (FoodRegistrationTool).
2024-11-30 21:37:49.932 +01:00 [INF] Executing ViewResult, running view Table.
2024-11-30 21:37:49.997 +01:00 [INF] Executed ViewResult - view Table executed in 65.5343ms.
2024-11-30 21:37:49.998 +01:00 [INF] Executed action FoodRegistrationTool.Controllers.ProductController.Table (FoodRegistrationTool) in 147.3057ms
2024-11-30 21:37:49.998 +01:00 [INF] Executed endpoint 'FoodRegistrationTool.Controllers.ProductController.Table (FoodRegistrationTool)'
2024-11-30 21:37:50.001 +01:00 [INF] Request finished HTTP/1.1 GET http://localhost:5015/Product/Table - 200 null text/html; charset=utf-8 398.2127ms
2024-11-30 21:37:59.062 +01:00 [INF] Request starting HTTP/1.1 GET http://localhost:5015/Product/Update/1 - null null
2024-11-30 21:37:59.088 +01:00 [INF] Executing endpoint 'FoodRegistrationTool.Controllers.ProductController.Update (FoodRegistrationTool)'
2024-11-30 21:37:59.094 +01:00 [INF] Route matched with {action = "Update", controller = "Product", page = "", area = ""}. Executing controller action with signature System.Threading.Tasks.Task`1[Microsoft.AspNetCore.Mvc.IActionResult] Update(Int32) on controller FoodRegistrationTool.Controllers.ProductController (FoodRegistrationTool).
2024-11-30 21:37:59.138 +01:00 [INF] Executing ViewResult, running view Update.
2024-11-30 21:37:59.158 +01:00 [INF] Executed ViewResult - view Update executed in 19.8849ms.
2024-11-30 21:37:59.158 +01:00 [INF] Executed action FoodRegistrationTool.Controllers.ProductController.Update (FoodRegistrationTool) in 64.0883ms
2024-11-30 21:37:59.158 +01:00 [INF] Executed endpoint 'FoodRegistrationTool.Controllers.ProductController.Update (FoodRegistrationTool)'
2024-11-30 21:37:59.158 +01:00 [INF] Request finished HTTP/1.1 GET http://localhost:5015/Product/Update/1 - 200 null text/html; charset=utf-8 96.1379ms
2024-11-30 21:40:28.076 +01:00 [INF] Application is shutting down...
