2024-11-30 21:50:51.553 +01:00 [INF] User profile is available. Using '/Users/kjellwiggo/.aspnet/DataProtection-Keys' as key repository; keys will not be encrypted at rest.
2024-11-30 21:50:51.597 +01:00 [INF] Now listening on: http://localhost:5015
2024-11-30 21:50:51.598 +01:00 [INF] Application started. Press Ctrl+C to shut down.
2024-11-30 21:50:51.598 +01:00 [INF] Hosting environment: Development
2024-11-30 21:50:51.598 +01:00 [INF] Content root path: /Users/kjellwiggo/Developer/GitHub/itpe3200/FoodRegistrationTool
2024-11-30 21:51:06.894 +01:00 [INF] Request starting HTTP/1.1 GET http://localhost:5015/Producer/Delete/2 - null null
2024-11-30 21:51:06.898 +01:00 [WRN] Failed to determine the https port for redirect.
2024-11-30 21:51:07.142 +01:00 [INF] Executing endpoint 'FoodRegistrationTool.Controllers.ProducerController.Delete (FoodRegistrationTool)'
2024-11-30 21:51:07.147 +01:00 [INF] Route matched with {action = "Delete", controller = "Producer", page = "", area = ""}. Executing controller action with signature System.Threading.Tasks.Task`1[Microsoft.AspNetCore.Mvc.IActionResult] Delete(Int32) on controller FoodRegistrationTool.Controllers.ProducerController (FoodRegistrationTool).
2024-11-30 21:51:07.250 +01:00 [INF] Executing ViewResult, running view Delete.
2024-11-30 21:51:07.310 +01:00 [INF] Executed ViewResult - view Delete executed in 60.2297ms.
2024-11-30 21:51:07.311 +01:00 [INF] Executed action FoodRegistrationTool.Controllers.ProducerController.Delete (FoodRegistrationTool) in 164.0034ms
2024-11-30 21:51:07.311 +01:00 [INF] Executed endpoint 'FoodRegistrationTool.Controllers.ProducerController.Delete (FoodRegistrationTool)'
2024-11-30 21:51:07.314 +01:00 [INF] Request finished HTTP/1.1 GET http://localhost:5015/Producer/Delete/2 - 200 null text/html; charset=utf-8 420.4723ms
2024-11-30 21:51:14.176 +01:00 [INF] Request starting HTTP/1.1 GET http://localhost:5015/Producer/Table - null null
2024-11-30 21:51:14.199 +01:00 [INF] Executing endpoint 'FoodRegistrationTool.Controllers.ProducerController.Table (FoodRegistrationTool)'
2024-11-30 21:51:14.203 +01:00 [INF] Route matched with {action = "Table", controller = "Producer", page = "", area = ""}. Executing controller action with signature System.Threading.Tasks.Task`1[Microsoft.AspNetCore.Mvc.IActionResult] Table() on controller FoodRegistrationTool.Controllers.ProducerController (FoodRegistrationTool).
2024-11-30 21:51:14.212 +01:00 [INF] Executing ViewResult, running view Table.
2024-11-30 21:51:14.246 +01:00 [INF] Executed ViewResult - view Table executed in 35.1225ms.
2024-11-30 21:51:14.247 +01:00 [INF] Executed action FoodRegistrationTool.Controllers.ProducerController.Table (FoodRegistrationTool) in 43.6657ms
2024-11-30 21:51:14.247 +01:00 [INF] Executed endpoint 'FoodRegistrationTool.Controllers.ProducerController.Table (FoodRegistrationTool)'
2024-11-30 21:51:14.247 +01:00 [INF] Request finished HTTP/1.1 GET http://localhost:5015/Producer/Table - 200 null text/html; charset=utf-8 70.3801ms
2024-11-30 21:51:20.840 +01:00 [INF] Request starting HTTP/1.1 GET http://localhost:5015/Producer/Create - null null
2024-11-30 21:51:20.884 +01:00 [INF] Executing endpoint 'FoodRegistrationTool.Controllers.ProducerController.Create (FoodRegistrationTool)'
2024-11-30 21:51:20.885 +01:00 [INF] Route matched with {action = "Create", controller = "Producer", page = "", area = ""}. Executing controller action with signature Microsoft.AspNetCore.Mvc.IActionResult Create() on controller FoodRegistrationTool.Controllers.ProducerController (FoodRegistrationTool).
2024-11-30 21:51:20.885 +01:00 [INF] Executing ViewResult, running view Create.
2024-11-30 21:51:20.895 +01:00 [INF] Executed ViewResult - view Create executed in 9.7055ms.
2024-11-30 21:51:20.895 +01:00 [INF] Executed action FoodRegistrationTool.Controllers.ProducerController.Create (FoodRegistrationTool) in 10.1165ms
2024-11-30 21:51:20.895 +01:00 [INF] Executed endpoint 'FoodRegistrationTool.Controllers.ProducerController.Create (FoodRegistrationTool)'
2024-11-30 21:51:20.895 +01:00 [INF] Request finished HTTP/1.1 GET http://localhost:5015/Producer/Create - 200 null text/html; charset=utf-8 55.2931ms
2024-11-30 21:51:24.361 +01:00 [INF] Request starting HTTP/1.1 GET http://localhost:5015/Producer/Create - null null
2024-11-30 21:51:24.368 +01:00 [INF] Executing endpoint 'FoodRegistrationTool.Controllers.ProducerController.Create (FoodRegistrationTool)'
2024-11-30 21:51:24.368 +01:00 [INF] Route matched with {action = "Create", controller = "Producer", page = "", area = ""}. Executing controller action with signature Microsoft.AspNetCore.Mvc.IActionResult Create() on controller FoodRegistrationTool.Controllers.ProducerController (FoodRegistrationTool).
2024-11-30 21:51:24.368 +01:00 [INF] Executing ViewResult, running view Create.
2024-11-30 21:51:24.372 +01:00 [INF] Executed ViewResult - view Create executed in 4.1128ms.
2024-11-30 21:51:24.373 +01:00 [INF] Executed action FoodRegistrationTool.Controllers.ProducerController.Create (FoodRegistrationTool) in 4.6312ms
2024-11-30 21:51:24.373 +01:00 [INF] Executed endpoint 'FoodRegistrationTool.Controllers.ProducerController.Create (FoodRegistrationTool)'
2024-11-30 21:51:24.373 +01:00 [INF] Request finished HTTP/1.1 GET http://localhost:5015/Producer/Create - 200 null text/html; charset=utf-8 11.9262ms
2024-11-30 21:51:58.361 +01:00 [INF] Request starting HTTP/1.1 GET http://localhost:5015/Producer/Table - null null
2024-11-30 21:51:58.364 +01:00 [INF] Executing endpoint 'FoodRegistrationTool.Controllers.ProducerController.Table (FoodRegistrationTool)'
2024-11-30 21:51:58.364 +01:00 [INF] Route matched with {action = "Table", controller = "Producer", page = "", area = ""}. Executing controller action with signature System.Threading.Tasks.Task`1[Microsoft.AspNetCore.Mvc.IActionResult] Table() on controller FoodRegistrationTool.Controllers.ProducerController (FoodRegistrationTool).
2024-11-30 21:51:58.367 +01:00 [INF] Executing ViewResult, running view Table.
2024-11-30 21:51:58.375 +01:00 [INF] Executed ViewResult - view Table executed in 8.354ms.
2024-11-30 21:51:58.375 +01:00 [INF] Executed action FoodRegistrationTool.Controllers.ProducerController.Table (FoodRegistrationTool) in 11.2913ms
2024-11-30 21:51:58.376 +01:00 [INF] Executed endpoint 'FoodRegistrationTool.Controllers.ProducerController.Table (FoodRegistrationTool)'
2024-11-30 21:51:58.376 +01:00 [INF] Request finished HTTP/1.1 GET http://localhost:5015/Producer/Table - 200 null text/html; charset=utf-8 14.7107ms
2024-12-01 13:00:52.305 +01:00 [INF] Request starting HTTP/1.1 GET http://localhost:5015/Product/Table - null null
2024-12-01 13:00:52.370 +01:00 [INF] Executing endpoint 'FoodRegistrationTool.Controllers.ProductController.Table (FoodRegistrationTool)'
2024-12-01 13:00:52.371 +01:00 [INF] Route matched with {action = "Table", controller = "Product", page = "", area = ""}. Executing controller action with signature System.Threading.Tasks.Task`1[Microsoft.AspNetCore.Mvc.IActionResult] Table() on controller FoodRegistrationTool.Controllers.ProductController (FoodRegistrationTool).
2024-12-01 13:00:52.374 +01:00 [INF] Executing ViewResult, running view Table.
2024-12-01 13:00:52.380 +01:00 [INF] Executed ViewResult - view Table executed in 5.664ms.
2024-12-01 13:00:52.380 +01:00 [INF] Executed action FoodRegistrationTool.Controllers.ProductController.Table (FoodRegistrationTool) in 8.5643ms
2024-12-01 13:00:52.380 +01:00 [INF] Executed endpoint 'FoodRegistrationTool.Controllers.ProductController.Table (FoodRegistrationTool)'
2024-12-01 13:00:52.380 +01:00 [INF] Request finished HTTP/1.1 GET http://localhost:5015/Product/Table - 200 null text/html; charset=utf-8 75.5854ms
2024-12-01 13:00:52.399 +01:00 [INF] Request starting HTTP/1.1 GET http://localhost:5015/css/site.css?v=ejrE1a593sfR5VZA1VBwg_m0WbH_DVBxrN4qtJLwAYo - null null
2024-12-01 13:00:52.399 +01:00 [INF] Request starting HTTP/1.1 GET http://localhost:5015/css/bootstrap-icons/font/bootstrap-icons.min.css - null null
2024-12-01 13:00:52.399 +01:00 [INF] Request starting HTTP/1.1 GET http://localhost:5015/FoodRegistrationTool.styles.css?v=-rXHweyj8R1Srhz14u2t5C6l8wvZ9AmWgOYZ4nRx8jA - null null
2024-12-01 13:00:52.399 +01:00 [INF] Request starting HTTP/1.1 GET http://localhost:5015/js/jquery.min.js - null null
2024-12-01 13:00:52.399 +01:00 [INF] Request starting HTTP/1.1 GET http://localhost:5015/js/bootstrap.js - null null
2024-12-01 13:00:52.399 +01:00 [INF] Request starting HTTP/1.1 GET http://localhost:5015/js/table-nutrition.js - null null
2024-12-01 13:00:52.403 +01:00 [INF] The file /css/bootstrap-icons/font/bootstrap-icons.min.css was not modified
2024-12-01 13:00:52.403 +01:00 [INF] The file /js/table-nutrition.js was not modified
2024-12-01 13:00:52.403 +01:00 [INF] The file /FoodRegistrationTool.styles.css was not modified
2024-12-01 13:00:52.403 +01:00 [INF] The file /js/jquery.min.js was not modified
2024-12-01 13:00:52.403 +01:00 [INF] The file /css/site.css was not modified
2024-12-01 13:00:52.403 +01:00 [INF] The file /js/bootstrap.js was not modified
2024-12-01 13:00:52.404 +01:00 [INF] Request finished HTTP/1.1 GET http://localhost:5015/js/jquery.min.js - 304 null text/javascript 4.5384ms
2024-12-01 13:00:52.404 +01:00 [INF] Request finished HTTP/1.1 GET http://localhost:5015/css/bootstrap-icons/font/bootstrap-icons.min.css - 304 null text/css 4.8952ms
2024-12-01 13:00:52.404 +01:00 [INF] Request finished HTTP/1.1 GET http://localhost:5015/js/table-nutrition.js - 304 null text/javascript 4.4477ms
2024-12-01 13:00:52.404 +01:00 [INF] Request finished HTTP/1.1 GET http://localhost:5015/FoodRegistrationTool.styles.css?v=-rXHweyj8R1Srhz14u2t5C6l8wvZ9AmWgOYZ4nRx8jA - 304 null text/css 4.758ms
2024-12-01 13:00:52.404 +01:00 [INF] Request finished HTTP/1.1 GET http://localhost:5015/css/site.css?v=ejrE1a593sfR5VZA1VBwg_m0WbH_DVBxrN4qtJLwAYo - 304 null text/css 4.7803ms
2024-12-01 13:00:52.404 +01:00 [INF] Request finished HTTP/1.1 GET http://localhost:5015/js/bootstrap.js - 304 null text/javascript 4.4816ms
2024-12-01 13:00:52.405 +01:00 [INF] Request starting HTTP/1.1 GET http://localhost:5015/js/jquery.validate.js - null null
2024-12-01 13:00:52.405 +01:00 [INF] Request starting HTTP/1.1 GET http://localhost:5015/js/jquery.validate.unobtrusive.js - null null
2024-12-01 13:00:52.405 +01:00 [INF] The file /js/jquery.validate.js was not modified
2024-12-01 13:00:52.405 +01:00 [INF] Request finished HTTP/1.1 GET http://localhost:5015/js/jquery.validate.js - 304 null text/javascript 0.6427ms
2024-12-01 13:00:52.406 +01:00 [INF] The file /js/jquery.validate.unobtrusive.js was not modified
2024-12-01 13:00:52.406 +01:00 [INF] Request finished HTTP/1.1 GET http://localhost:5015/js/jquery.validate.unobtrusive.js - 304 null text/javascript 0.7564ms
2024-12-01 13:00:52.406 +01:00 [INF] Request starting HTTP/1.1 GET http://localhost:5015/images/clientImages/grandiosa245713709.jpg - null null
2024-12-01 13:00:52.407 +01:00 [INF] Request starting HTTP/1.1 GET http://localhost:5015/images/clientImages/bigone.png - null null
2024-12-01 13:00:52.407 +01:00 [INF] The file /images/clientImages/grandiosa245713709.jpg was not modified
2024-12-01 13:00:52.407 +01:00 [INF] The file /images/clientImages/bigone.png was not modified
2024-12-01 13:00:52.407 +01:00 [INF] Request finished HTTP/1.1 GET http://localhost:5015/images/clientImages/grandiosa245713709.jpg - 304 null image/jpeg 0.3332ms
2024-12-01 13:00:52.407 +01:00 [INF] Request finished HTTP/1.1 GET http://localhost:5015/images/clientImages/bigone.png - 304 null image/png 0.294ms
2024-12-01 13:00:52.438 +01:00 [INF] Request starting HTTP/1.1 GET http://localhost:5015/images/clientImages/laarfilet243901232.jpg - null null
2024-12-01 13:00:52.438 +01:00 [INF] Request starting HTTP/1.1 GET http://localhost:5015/images/clientImages/lettmelk244059799.jpg - null null
2024-12-01 13:00:52.438 +01:00 [INF] The file /images/clientImages/lettmelk244059799.jpg was not modified
2024-12-01 13:00:52.438 +01:00 [INF] The file /images/clientImages/laarfilet243901232.jpg was not modified
2024-12-01 13:00:52.438 +01:00 [INF] Request finished HTTP/1.1 GET http://localhost:5015/images/clientImages/laarfilet243901232.jpg - 304 null image/jpeg 0.2632ms
2024-12-01 13:00:52.438 +01:00 [INF] Request finished HTTP/1.1 GET http://localhost:5015/images/clientImages/lettmelk244059799.jpg - 304 null image/jpeg 0.2566ms
2024-12-01 13:00:52.440 +01:00 [INF] Request starting HTTP/1.1 GET http://localhost:5015/lib/jquery/dist/jquery.min.js - null null
2024-12-01 13:00:52.440 +01:00 [INF] Request starting HTTP/1.1 GET http://localhost:5015/lib/bootstrap/dist/js/bootstrap.bundle.min.js - null null
2024-12-01 13:00:52.440 +01:00 [INF] The file /lib/bootstrap/dist/js/bootstrap.bundle.min.js was not modified
2024-12-01 13:00:52.440 +01:00 [INF] The file /lib/jquery/dist/jquery.min.js was not modified
2024-12-01 13:00:52.441 +01:00 [INF] Request finished HTTP/1.1 GET http://localhost:5015/lib/jquery/dist/jquery.min.js - 304 null text/javascript 0.3886ms
2024-12-01 13:00:52.441 +01:00 [INF] Request finished HTTP/1.1 GET http://localhost:5015/lib/bootstrap/dist/js/bootstrap.bundle.min.js - 304 null text/javascript 0.3917ms
2024-12-01 13:00:52.444 +01:00 [INF] Request starting HTTP/1.1 GET http://localhost:5015/js/site.js?v=y_Ngd8W21UpuCUhEqGbUKDEqFnNfTjAfb24GhJJGUyM - null null
2024-12-01 13:00:52.444 +01:00 [INF] The file /js/site.js was not modified
2024-12-01 13:00:52.444 +01:00 [INF] Request finished HTTP/1.1 GET http://localhost:5015/js/site.js?v=y_Ngd8W21UpuCUhEqGbUKDEqFnNfTjAfb24GhJJGUyM - 304 null text/javascript 0.2143ms
2024-12-01 13:00:52.447 +01:00 [INF] Request starting HTTP/1.1 GET http://localhost:5015/css/bootstrap-icons/font/fonts/bootstrap-icons.woff2?dd67030699838ea613ee6dbda90effa6 - null null
2024-12-01 13:00:52.448 +01:00 [INF] The file /css/bootstrap-icons/font/fonts/bootstrap-icons.woff2 was not modified
2024-12-01 13:00:52.448 +01:00 [INF] Request finished HTTP/1.1 GET http://localhost:5015/css/bootstrap-icons/font/fonts/bootstrap-icons.woff2?dd67030699838ea613ee6dbda90effa6 - 304 null font/woff2 0.4423ms
2024-12-01 13:03:36.195 +01:00 [INF] Application is shutting down...
