2024-11-29 14:52:16.447 +01:00 [INF] User profile is available. Using '/Users/kjellwiggo/.aspnet/DataProtection-Keys' as key repository; keys will not be encrypted at rest.
2024-11-29 14:52:16.491 +01:00 [INF] Now listening on: http://localhost:5015
2024-11-29 14:52:16.492 +01:00 [INF] Application started. Press Ctrl+C to shut down.
2024-11-29 14:52:16.492 +01:00 [INF] Hosting environment: Development
2024-11-29 14:52:16.492 +01:00 [INF] Content root path: /Users/kjellwiggo/Developer/GitHub/itpe3200/FoodRegistrationTool
2024-11-29 14:52:18.934 +01:00 [INF] Request starting HTTP/1.1 GET http://localhost:5015/Producer/Table - null null
2024-11-29 14:52:18.937 +01:00 [WRN] Failed to determine the https port for redirect.
2024-11-29 14:52:19.174 +01:00 [INF] Executing endpoint 'FoodRegistrationTool.Controllers.ProducerController.Table (FoodRegistrationTool)'
2024-11-29 14:52:19.178 +01:00 [INF] Route matched with {action = "Table", controller = "Producer", page = "", area = ""}. Executing controller action with signature System.Threading.Tasks.Task`1[Microsoft.AspNetCore.Mvc.IActionResult] Table() on controller FoodRegistrationTool.Controllers.ProducerController (FoodRegistrationTool).
2024-11-29 14:52:19.255 +01:00 [INF] Executing ViewResult, running view Table.
2024-11-29 14:52:19.428 +01:00 [INF] Executed ViewResult - view Table executed in 173.1287ms.
2024-11-29 14:52:19.429 +01:00 [INF] Executed action FoodRegistrationTool.Controllers.ProducerController.Table (FoodRegistrationTool) in 250.9727ms
2024-11-29 14:52:19.429 +01:00 [INF] Executed endpoint 'FoodRegistrationTool.Controllers.ProducerController.Table (FoodRegistrationTool)'
2024-11-29 14:52:19.431 +01:00 [INF] Request finished HTTP/1.1 GET http://localhost:5015/Producer/Table - 200 null text/html; charset=utf-8 498.5249ms
2024-11-29 14:52:35.149 +01:00 [INF] Request starting HTTP/1.1 GET http://localhost:5015/Producer/Table - null null
2024-11-29 14:52:35.170 +01:00 [INF] Executing endpoint 'FoodRegistrationTool.Controllers.ProducerController.Table (FoodRegistrationTool)'
2024-11-29 14:52:35.171 +01:00 [INF] Route matched with {action = "Table", controller = "Producer", page = "", area = ""}. Executing controller action with signature System.Threading.Tasks.Task`1[Microsoft.AspNetCore.Mvc.IActionResult] Table() on controller FoodRegistrationTool.Controllers.ProducerController (FoodRegistrationTool).
2024-11-29 14:52:35.173 +01:00 [INF] Executing ViewResult, running view Table.
2024-11-29 14:52:35.179 +01:00 [INF] Executed ViewResult - view Table executed in 6.144ms.
2024-11-29 14:52:35.179 +01:00 [INF] Executed action FoodRegistrationTool.Controllers.ProducerController.Table (FoodRegistrationTool) in 8.6975ms
2024-11-29 14:52:35.179 +01:00 [INF] Executed endpoint 'FoodRegistrationTool.Controllers.ProducerController.Table (FoodRegistrationTool)'
2024-11-29 14:52:35.180 +01:00 [INF] Request finished HTTP/1.1 GET http://localhost:5015/Producer/Table - 200 null text/html; charset=utf-8 30.835ms
2024-11-29 14:53:03.175 +01:00 [INF] Request starting HTTP/1.1 GET http://localhost:5015/Product/Details/1 - null null
2024-11-29 14:53:03.219 +01:00 [INF] Executing endpoint 'FoodRegistrationTool.Controllers.ProductController.Details (FoodRegistrationTool)'
2024-11-29 14:53:03.223 +01:00 [INF] Route matched with {action = "Details", controller = "Product", page = "", area = ""}. Executing controller action with signature System.Threading.Tasks.Task`1[Microsoft.AspNetCore.Mvc.IActionResult] Details(Int32) on controller FoodRegistrationTool.Controllers.ProductController (FoodRegistrationTool).
2024-11-29 14:53:03.233 +01:00 [INF] Executing ViewResult, running view Details.
2024-11-29 14:53:03.237 +01:00 [INF] Executed ViewResult - view Details executed in 4.0219ms.
2024-11-29 14:53:03.237 +01:00 [INF] Executed action FoodRegistrationTool.Controllers.ProductController.Details (FoodRegistrationTool) in 13.3902ms
2024-11-29 14:53:03.237 +01:00 [INF] Executed endpoint 'FoodRegistrationTool.Controllers.ProductController.Details (FoodRegistrationTool)'
2024-11-29 14:53:03.237 +01:00 [INF] Request finished HTTP/1.1 GET http://localhost:5015/Product/Details/1 - 200 null text/html; charset=utf-8 61.6929ms
2024-11-29 14:53:03.250 +01:00 [INF] Request starting HTTP/1.1 GET http://localhost:5015/js/nutrition-table.js - null null
2024-11-29 14:53:03.251 +01:00 [INF] Request finished HTTP/1.1 GET http://localhost:5015/js/nutrition-table.js - 404 0 null 1.2124ms
2024-11-29 14:53:03.252 +01:00 [INF] Request reached the end of the middleware pipeline without being handled by application code. Request path: GET http://localhost:5015/js/nutrition-table.js, Response status code: 404
2024-11-29 14:53:26.219 +01:00 [INF] Application is shutting down...
