2024-12-01 13:03:41.000 +01:00 [INF] User profile is available. Using '/Users/kjellwiggo/.aspnet/DataProtection-Keys' as key repository; keys will not be encrypted at rest.
2024-12-01 13:03:41.042 +01:00 [INF] Now listening on: http://localhost:5015
2024-12-01 13:03:41.043 +01:00 [INF] Application started. Press Ctrl+C to shut down.
2024-12-01 13:03:41.043 +01:00 [INF] Hosting environment: Development
2024-12-01 13:03:41.043 +01:00 [INF] Content root path: /Users/kjellwiggo/Developer/GitHub/itpe3200/FoodRegistrationTool
2024-12-01 13:03:44.075 +01:00 [INF] Request starting HTTP/1.1 GET http://localhost:5015/Product/Table - null null
2024-12-01 13:03:44.077 +01:00 [WRN] Failed to determine the https port for redirect.
2024-12-01 13:03:44.301 +01:00 [INF] Executing endpoint 'FoodRegistrationTool.Controllers.ProductController.Table (FoodRegistrationTool)'
2024-12-01 13:03:44.305 +01:00 [INF] Route matched with {action = "Table", controller = "Product", page = "", area = ""}. Executing controller action with signature System.Threading.Tasks.Task`1[Microsoft.AspNetCore.Mvc.IActionResult] Table() on controller FoodRegistrationTool.Controllers.ProductController (FoodRegistrationTool).
2024-12-01 13:03:44.385 +01:00 [INF] Executing ViewResult, running view Table.
2024-12-01 13:03:44.446 +01:00 [INF] Executed ViewResult - view Table executed in 61.4094ms.
2024-12-01 13:03:44.446 +01:00 [INF] Executed action FoodRegistrationTool.Controllers.ProductController.Table (FoodRegistrationTool) in 141.6009ms
2024-12-01 13:03:44.446 +01:00 [INF] Executed endpoint 'FoodRegistrationTool.Controllers.ProductController.Table (FoodRegistrationTool)'
2024-12-01 13:03:44.449 +01:00 [INF] Request finished HTTP/1.1 GET http://localhost:5015/Product/Table - 200 null text/html; charset=utf-8 374.9748ms
2024-12-01 13:03:44.517 +01:00 [INF] Request starting HTTP/1.1 GET http://localhost:5015/favicon.ico - null null
2024-12-01 13:03:44.521 +01:00 [INF] The file /favicon.ico was not modified
2024-12-01 13:03:44.521 +01:00 [INF] Request finished HTTP/1.1 GET http://localhost:5015/favicon.ico - 304 null image/x-icon 4.8819ms
2024-12-01 13:03:48.947 +01:00 [INF] Request starting HTTP/1.1 GET http://localhost:5015/ - null null
2024-12-01 13:03:48.967 +01:00 [INF] Executing endpoint 'FoodRegistrationTool.Controllers.HomeController.Index (FoodRegistrationTool)'
2024-12-01 13:03:48.969 +01:00 [INF] Route matched with {action = "Index", controller = "Home", page = "", area = ""}. Executing controller action with signature Microsoft.AspNetCore.Mvc.IActionResult Index() on controller FoodRegistrationTool.Controllers.HomeController (FoodRegistrationTool).
2024-12-01 13:03:48.970 +01:00 [INF] Executing ViewResult, running view Index.
2024-12-01 13:03:48.980 +01:00 [INF] Executed ViewResult - view Index executed in 10.3914ms.
2024-12-01 13:03:48.980 +01:00 [INF] Executed action FoodRegistrationTool.Controllers.HomeController.Index (FoodRegistrationTool) in 11.1102ms
2024-12-01 13:03:48.980 +01:00 [INF] Executed endpoint 'FoodRegistrationTool.Controllers.HomeController.Index (FoodRegistrationTool)'
2024-12-01 13:03:48.981 +01:00 [INF] Request finished HTTP/1.1 GET http://localhost:5015/ - 200 null text/html; charset=utf-8 33.4093ms
2024-12-01 13:03:48.995 +01:00 [INF] Request starting HTTP/1.1 GET http://localhost:5015/images/carousel3.jpg - null null
2024-12-01 13:03:48.995 +01:00 [INF] Request starting HTTP/1.1 GET http://localhost:5015/images/carousel2.jpg - null null
2024-12-01 13:03:48.995 +01:00 [INF] The file /images/carousel3.jpg was not modified
2024-12-01 13:03:48.995 +01:00 [INF] The file /images/carousel2.jpg was not modified
2024-12-01 13:03:48.995 +01:00 [INF] Request finished HTTP/1.1 GET http://localhost:5015/images/carousel3.jpg - 304 null image/jpeg 0.4148ms
2024-12-01 13:03:48.995 +01:00 [INF] Request finished HTTP/1.1 GET http://localhost:5015/images/carousel2.jpg - 304 null image/jpeg 0.3779ms
2024-12-01 13:03:49.007 +01:00 [INF] Request starting HTTP/1.1 GET http://localhost:5015/images/carousel1.jpg - null null
2024-12-01 13:03:49.008 +01:00 [INF] The file /images/carousel1.jpg was not modified
2024-12-01 13:03:49.008 +01:00 [INF] Request finished HTTP/1.1 GET http://localhost:5015/images/carousel1.jpg - 304 null image/jpeg 0.5541ms
2024-12-01 13:04:04.601 +01:00 [INF] Request starting HTTP/1.1 GET http://localhost:5015/ - null null
2024-12-01 13:04:04.644 +01:00 [INF] Executing endpoint 'FoodRegistrationTool.Controllers.HomeController.Index (FoodRegistrationTool)'
2024-12-01 13:04:04.644 +01:00 [INF] Route matched with {action = "Index", controller = "Home", page = "", area = ""}. Executing controller action with signature Microsoft.AspNetCore.Mvc.IActionResult Index() on controller FoodRegistrationTool.Controllers.HomeController (FoodRegistrationTool).
2024-12-01 13:04:04.644 +01:00 [INF] Executing ViewResult, running view Index.
2024-12-01 13:04:04.645 +01:00 [INF] Executed ViewResult - view Index executed in 0.8177ms.
2024-12-01 13:04:04.645 +01:00 [INF] Executed action FoodRegistrationTool.Controllers.HomeController.Index (FoodRegistrationTool) in 0.906ms
2024-12-01 13:04:04.645 +01:00 [INF] Executed endpoint 'FoodRegistrationTool.Controllers.HomeController.Index (FoodRegistrationTool)'
2024-12-01 13:04:04.645 +01:00 [INF] Request finished HTTP/1.1 GET http://localhost:5015/ - 200 null text/html; charset=utf-8 43.9536ms
2024-12-01 13:04:08.682 +01:00 [INF] Request starting HTTP/1.1 GET http://localhost:5015/ - null null
2024-12-01 13:04:08.686 +01:00 [INF] Executing endpoint 'FoodRegistrationTool.Controllers.HomeController.Index (FoodRegistrationTool)'
2024-12-01 13:04:08.686 +01:00 [INF] Route matched with {action = "Index", controller = "Home", page = "", area = ""}. Executing controller action with signature Microsoft.AspNetCore.Mvc.IActionResult Index() on controller FoodRegistrationTool.Controllers.HomeController (FoodRegistrationTool).
2024-12-01 13:04:08.686 +01:00 [INF] Executing ViewResult, running view Index.
2024-12-01 13:04:08.688 +01:00 [INF] Executed ViewResult - view Index executed in 1.9904ms.
2024-12-01 13:04:08.688 +01:00 [INF] Executed action FoodRegistrationTool.Controllers.HomeController.Index (FoodRegistrationTool) in 2.2569ms
2024-12-01 13:04:08.688 +01:00 [INF] Executed endpoint 'FoodRegistrationTool.Controllers.HomeController.Index (FoodRegistrationTool)'
2024-12-01 13:04:08.689 +01:00 [INF] Request finished HTTP/1.1 GET http://localhost:5015/ - 200 null text/html; charset=utf-8 6.7873ms
2024-12-01 13:04:14.996 +01:00 [INF] Request starting HTTP/1.1 GET http://localhost:5015/ - null null
2024-12-01 13:04:15.000 +01:00 [INF] Executing endpoint 'FoodRegistrationTool.Controllers.HomeController.Index (FoodRegistrationTool)'
2024-12-01 13:04:15.000 +01:00 [INF] Route matched with {action = "Index", controller = "Home", page = "", area = ""}. Executing controller action with signature Microsoft.AspNetCore.Mvc.IActionResult Index() on controller FoodRegistrationTool.Controllers.HomeController (FoodRegistrationTool).
2024-12-01 13:04:15.001 +01:00 [INF] Executing ViewResult, running view Index.
2024-12-01 13:04:15.003 +01:00 [INF] Executed ViewResult - view Index executed in 2.2369ms.
2024-12-01 13:04:15.003 +01:00 [INF] Executed action FoodRegistrationTool.Controllers.HomeController.Index (FoodRegistrationTool) in 2.6989ms
2024-12-01 13:04:15.004 +01:00 [INF] Executed endpoint 'FoodRegistrationTool.Controllers.HomeController.Index (FoodRegistrationTool)'
2024-12-01 13:04:15.006 +01:00 [INF] Request finished HTTP/1.1 GET http://localhost:5015/ - 200 null text/html; charset=utf-8 10.167ms
2024-12-01 13:06:16.132 +01:00 [INF] Request starting HTTP/1.1 GET http://localhost:5015/ - null null
2024-12-01 13:06:16.136 +01:00 [INF] Executing endpoint 'FoodRegistrationTool.Controllers.HomeController.Index (FoodRegistrationTool)'
2024-12-01 13:06:16.136 +01:00 [INF] Route matched with {action = "Index", controller = "Home", page = "", area = ""}. Executing controller action with signature Microsoft.AspNetCore.Mvc.IActionResult Index() on controller FoodRegistrationTool.Controllers.HomeController (FoodRegistrationTool).
2024-12-01 13:06:16.136 +01:00 [INF] Executing ViewResult, running view Index.
2024-12-01 13:06:16.138 +01:00 [INF] Executed ViewResult - view Index executed in 1.7363ms.
2024-12-01 13:06:16.138 +01:00 [INF] Executed action FoodRegistrationTool.Controllers.HomeController.Index (FoodRegistrationTool) in 1.9607ms
2024-12-01 13:06:16.138 +01:00 [INF] Executed endpoint 'FoodRegistrationTool.Controllers.HomeController.Index (FoodRegistrationTool)'
2024-12-01 13:06:16.138 +01:00 [INF] Request finished HTTP/1.1 GET http://localhost:5015/ - 200 null text/html; charset=utf-8 5.9289ms
2024-12-01 13:06:18.069 +01:00 [INF] Request starting HTTP/1.1 GET http://localhost:5015/Product/Table - null null
2024-12-01 13:06:18.073 +01:00 [INF] Executing endpoint 'FoodRegistrationTool.Controllers.ProductController.Table (FoodRegistrationTool)'
2024-12-01 13:06:18.073 +01:00 [INF] Route matched with {action = "Table", controller = "Product", page = "", area = ""}. Executing controller action with signature System.Threading.Tasks.Task`1[Microsoft.AspNetCore.Mvc.IActionResult] Table() on controller FoodRegistrationTool.Controllers.ProductController (FoodRegistrationTool).
2024-12-01 13:06:18.075 +01:00 [INF] Executing ViewResult, running view Table.
2024-12-01 13:06:18.078 +01:00 [INF] Executed ViewResult - view Table executed in 2.286ms.
2024-12-01 13:06:18.078 +01:00 [INF] Executed action FoodRegistrationTool.Controllers.ProductController.Table (FoodRegistrationTool) in 4.4673ms
2024-12-01 13:06:18.078 +01:00 [INF] Executed endpoint 'FoodRegistrationTool.Controllers.ProductController.Table (FoodRegistrationTool)'
2024-12-01 13:06:18.078 +01:00 [INF] Request finished HTTP/1.1 GET http://localhost:5015/Product/Table - 200 null text/html; charset=utf-8 8.8992ms
2024-12-01 13:06:24.507 +01:00 [INF] Request starting HTTP/1.1 GET http://localhost:5015/Product/Grid - null null
2024-12-01 13:06:24.510 +01:00 [INF] Executing endpoint 'FoodRegistrationTool.Controllers.ProductController.Grid (FoodRegistrationTool)'
2024-12-01 13:06:24.514 +01:00 [INF] Route matched with {action = "Grid", controller = "Product", page = "", area = ""}. Executing controller action with signature System.Threading.Tasks.Task`1[Microsoft.AspNetCore.Mvc.IActionResult] Grid() on controller FoodRegistrationTool.Controllers.ProductController (FoodRegistrationTool).
2024-12-01 13:06:24.518 +01:00 [INF] Executing ViewResult, running view Grid.
2024-12-01 13:06:24.527 +01:00 [INF] Executed ViewResult - view Grid executed in 10.309ms.
2024-12-01 13:06:24.527 +01:00 [INF] Executed action FoodRegistrationTool.Controllers.ProductController.Grid (FoodRegistrationTool) in 13.5387ms
2024-12-01 13:06:24.527 +01:00 [INF] Executed endpoint 'FoodRegistrationTool.Controllers.ProductController.Grid (FoodRegistrationTool)'
2024-12-01 13:06:24.528 +01:00 [INF] Request finished HTTP/1.1 GET http://localhost:5015/Product/Grid - 200 null text/html; charset=utf-8 20.8915ms
2024-12-01 13:06:27.500 +01:00 [INF] Request starting HTTP/1.1 GET http://localhost:5015/Product/Details/1 - null null
2024-12-01 13:06:27.503 +01:00 [INF] Executing endpoint 'FoodRegistrationTool.Controllers.ProductController.Details (FoodRegistrationTool)'
2024-12-01 13:06:27.513 +01:00 [INF] Route matched with {action = "Details", controller = "Product", page = "", area = ""}. Executing controller action with signature System.Threading.Tasks.Task`1[Microsoft.AspNetCore.Mvc.IActionResult] Details(Int32) on controller FoodRegistrationTool.Controllers.ProductController (FoodRegistrationTool).
2024-12-01 13:06:27.567 +01:00 [INF] Executing ViewResult, running view Details.
2024-12-01 13:06:27.570 +01:00 [INF] Executed ViewResult - view Details executed in 3.3405ms.
2024-12-01 13:06:27.570 +01:00 [INF] Executed action FoodRegistrationTool.Controllers.ProductController.Details (FoodRegistrationTool) in 57.207ms
2024-12-01 13:06:27.570 +01:00 [INF] Executed endpoint 'FoodRegistrationTool.Controllers.ProductController.Details (FoodRegistrationTool)'
2024-12-01 13:06:27.571 +01:00 [INF] Request finished HTTP/1.1 GET http://localhost:5015/Product/Details/1 - 200 null text/html; charset=utf-8 70.6669ms
2024-12-01 13:06:27.583 +01:00 [INF] Request starting HTTP/1.1 GET http://localhost:5015/js/nutrition-table.js - null null
2024-12-01 13:06:27.584 +01:00 [INF] Request finished HTTP/1.1 GET http://localhost:5015/js/nutrition-table.js - 404 0 null 0.9295ms
2024-12-01 13:06:27.585 +01:00 [INF] Request reached the end of the middleware pipeline without being handled by application code. Request path: GET http://localhost:5015/js/nutrition-table.js, Response status code: 404
