2024-11-28 14:24:17.494 +01:00 [INF] User profile is available. Using '/Users/kjellwiggo/.aspnet/DataProtection-Keys' as key repository; keys will not be encrypted at rest.
2024-11-28 14:24:17.545 +01:00 [INF] Now listening on: http://localhost:5015
2024-11-28 14:24:17.546 +01:00 [INF] Application started. Press Ctrl+C to shut down.
2024-11-28 14:24:17.546 +01:00 [INF] Hosting environment: Development
2024-11-28 14:24:17.546 +01:00 [INF] Content root path: /Users/kjellwiggo/Developer/GitHub/itpe3200/FoodRegistrationTool
2024-11-28 14:24:33.257 +01:00 [INF] Request starting HTTP/1.1 GET http://localhost:5015/ - null null
2024-11-28 14:24:33.259 +01:00 [WRN] Failed to determine the https port for redirect.
2024-11-28 14:24:33.277 +01:00 [INF] Executing endpoint 'FoodRegistrationTool.Controllers.HomeController.Index (FoodRegistrationTool)'
2024-11-28 14:24:33.285 +01:00 [INF] Route matched with {action = "Index", controller = "Home", page = "", area = ""}. Executing controller action with signature Microsoft.AspNetCore.Mvc.IActionResult Index() on controller FoodRegistrationTool.Controllers.HomeController (FoodRegistrationTool).
2024-11-28 14:24:33.288 +01:00 [INF] Executing ViewResult, running view Index.
2024-11-28 14:24:33.600 +01:00 [INF] Executed ViewResult - view Index executed in 313.0441ms.
2024-11-28 14:24:33.601 +01:00 [INF] Executed action FoodRegistrationTool.Controllers.HomeController.Index (FoodRegistrationTool) in 315.8375ms
2024-11-28 14:24:33.601 +01:00 [INF] Executed endpoint 'FoodRegistrationTool.Controllers.HomeController.Index (FoodRegistrationTool)'
2024-11-28 14:24:33.603 +01:00 [INF] Request finished HTTP/1.1 GET http://localhost:5015/ - 200 null text/html; charset=utf-8 346.6599ms
2024-11-28 14:24:33.619 +01:00 [INF] Request starting HTTP/1.1 GET http://localhost:5015/js/bootstrap.js - null null
2024-11-28 14:24:33.619 +01:00 [INF] Request starting HTTP/1.1 GET http://localhost:5015/css/site.css?v=ejrE1a593sfR5VZA1VBwg_m0WbH_DVBxrN4qtJLwAYo - null null
2024-11-28 14:24:33.619 +01:00 [INF] Request starting HTTP/1.1 GET http://localhost:5015/js/jquery.min.js - null null
2024-11-28 14:24:33.619 +01:00 [INF] Request starting HTTP/1.1 GET http://localhost:5015/css/bootstrap-icons/font/bootstrap-icons.min.css - null null
2024-11-28 14:24:33.619 +01:00 [INF] Request starting HTTP/1.1 GET http://localhost:5015/FoodRegistrationTool.styles.css?v=-rXHweyj8R1Srhz14u2t5C6l8wvZ9AmWgOYZ4nRx8jA - null null
2024-11-28 14:24:33.619 +01:00 [INF] Request starting HTTP/1.1 GET http://localhost:5015/js/table-nutrition.js - null null
2024-11-28 14:24:33.621 +01:00 [INF] The file /FoodRegistrationTool.styles.css was not modified
2024-11-28 14:24:33.621 +01:00 [INF] Request finished HTTP/1.1 GET http://localhost:5015/FoodRegistrationTool.styles.css?v=-rXHweyj8R1Srhz14u2t5C6l8wvZ9AmWgOYZ4nRx8jA - 304 null text/css 1.6415ms
2024-11-28 14:24:33.621 +01:00 [INF] Request starting HTTP/1.1 GET http://localhost:5015/js/jquery.validate.js - null null
2024-11-28 14:24:33.625 +01:00 [INF] Sending file. Request path: '/css/site.css'. Physical path: '/Users/kjellwiggo/Developer/GitHub/itpe3200/FoodRegistrationTool/wwwroot/css/site.css'
2024-11-28 14:24:33.625 +01:00 [INF] Sending file. Request path: '/js/jquery.validate.js'. Physical path: '/Users/kjellwiggo/Developer/GitHub/itpe3200/FoodRegistrationTool/wwwroot/js/jquery.validate.js'
2024-11-28 14:24:33.625 +01:00 [INF] Sending file. Request path: '/js/table-nutrition.js'. Physical path: '/Users/kjellwiggo/Developer/GitHub/itpe3200/FoodRegistrationTool/wwwroot/js/table-nutrition.js'
2024-11-28 14:24:33.625 +01:00 [INF] Request finished HTTP/1.1 GET http://localhost:5015/css/site.css?v=ejrE1a593sfR5VZA1VBwg_m0WbH_DVBxrN4qtJLwAYo - 200 3483 text/css 5.919ms
2024-11-28 14:24:33.625 +01:00 [INF] Request finished HTTP/1.1 GET http://localhost:5015/js/table-nutrition.js - 200 1251 text/javascript 5.9974ms
2024-11-28 14:24:33.625 +01:00 [INF] Request finished HTTP/1.1 GET http://localhost:5015/js/jquery.validate.js - 200 52536 text/javascript 3.9996ms
2024-11-28 14:24:33.626 +01:00 [INF] Request starting HTTP/1.1 GET http://localhost:5015/images/carousel2.jpg - null null
2024-11-28 14:24:33.626 +01:00 [INF] Sending file. Request path: '/js/jquery.min.js'. Physical path: '/Users/kjellwiggo/Developer/GitHub/itpe3200/FoodRegistrationTool/wwwroot/js/jquery.min.js'
2024-11-28 14:24:33.626 +01:00 [INF] Request starting HTTP/1.1 GET http://localhost:5015/images/carousel3.jpg - null null
2024-11-28 14:24:33.626 +01:00 [INF] Sending file. Request path: '/css/bootstrap-icons/font/bootstrap-icons.min.css'. Physical path: '/Users/kjellwiggo/Developer/GitHub/itpe3200/FoodRegistrationTool/wwwroot/css/bootstrap-icons/font/bootstrap-icons.min.css'
2024-11-28 14:24:33.626 +01:00 [INF] Request finished HTTP/1.1 GET http://localhost:5015/js/jquery.min.js - 200 87533 text/javascript 6.7162ms
2024-11-28 14:24:33.626 +01:00 [INF] Sending file. Request path: '/js/bootstrap.js'. Physical path: '/Users/kjellwiggo/Developer/GitHub/itpe3200/FoodRegistrationTool/wwwroot/js/bootstrap.js'
2024-11-28 14:24:33.626 +01:00 [INF] Request starting HTTP/1.1 GET http://localhost:5015/js/jquery.validate.unobtrusive.js - null null
2024-11-28 14:24:33.626 +01:00 [INF] Request finished HTTP/1.1 GET http://localhost:5015/js/bootstrap.js - 200 145401 text/javascript 7.0819ms
2024-11-28 14:24:33.626 +01:00 [INF] Request finished HTTP/1.1 GET http://localhost:5015/css/bootstrap-icons/font/bootstrap-icons.min.css - 200 85875 text/css 6.7562ms
2024-11-28 14:24:33.628 +01:00 [INF] Sending file. Request path: '/js/jquery.validate.unobtrusive.js'. Physical path: '/Users/kjellwiggo/Developer/GitHub/itpe3200/FoodRegistrationTool/wwwroot/js/jquery.validate.unobtrusive.js'
2024-11-28 14:24:33.628 +01:00 [INF] Request finished HTTP/1.1 GET http://localhost:5015/js/jquery.validate.unobtrusive.js - 200 19385 text/javascript 1.7286ms
2024-11-28 14:24:33.628 +01:00 [INF] Sending file. Request path: '/images/carousel2.jpg'. Physical path: '/Users/kjellwiggo/Developer/GitHub/itpe3200/FoodRegistrationTool/wwwroot/images/carousel2.jpg'
2024-11-28 14:24:33.628 +01:00 [INF] Request finished HTTP/1.1 GET http://localhost:5015/images/carousel2.jpg - 200 283463 image/jpeg 2.389ms
2024-11-28 14:24:33.631 +01:00 [INF] Sending file. Request path: '/images/carousel3.jpg'. Physical path: '/Users/kjellwiggo/Developer/GitHub/itpe3200/FoodRegistrationTool/wwwroot/images/carousel3.jpg'
2024-11-28 14:24:33.631 +01:00 [INF] Request finished HTTP/1.1 GET http://localhost:5015/images/carousel3.jpg - 200 1721288 image/jpeg 4.7253ms
2024-11-28 14:24:33.664 +01:00 [INF] Request starting HTTP/1.1 GET http://localhost:5015/lib/jquery/dist/jquery.min.js - null null
2024-11-28 14:24:33.664 +01:00 [INF] Request starting HTTP/1.1 GET http://localhost:5015/images/carousel1.jpg - null null
2024-11-28 14:24:33.665 +01:00 [INF] Sending file. Request path: '/lib/jquery/dist/jquery.min.js'. Physical path: '/Users/kjellwiggo/Developer/GitHub/itpe3200/FoodRegistrationTool/wwwroot/lib/jquery/dist/jquery.min.js'
2024-11-28 14:24:33.665 +01:00 [INF] Request finished HTTP/1.1 GET http://localhost:5015/lib/jquery/dist/jquery.min.js - 200 89501 text/javascript 0.9487ms
2024-11-28 14:24:33.666 +01:00 [INF] Sending file. Request path: '/images/carousel1.jpg'. Physical path: '/Users/kjellwiggo/Developer/GitHub/itpe3200/FoodRegistrationTool/wwwroot/images/carousel1.jpg'
2024-11-28 14:24:33.666 +01:00 [INF] Request finished HTTP/1.1 GET http://localhost:5015/images/carousel1.jpg - 200 204733 image/jpeg 1.8987ms
2024-11-28 14:24:33.668 +01:00 [INF] Request starting HTTP/1.1 GET http://localhost:5015/lib/bootstrap/dist/js/bootstrap.bundle.min.js - null null
2024-11-28 14:24:33.668 +01:00 [INF] Sending file. Request path: '/lib/bootstrap/dist/js/bootstrap.bundle.min.js'. Physical path: '/Users/kjellwiggo/Developer/GitHub/itpe3200/FoodRegistrationTool/wwwroot/lib/bootstrap/dist/js/bootstrap.bundle.min.js'
2024-11-28 14:24:33.668 +01:00 [INF] Request finished HTTP/1.1 GET http://localhost:5015/lib/bootstrap/dist/js/bootstrap.bundle.min.js - 200 78468 text/javascript 0.7087ms
2024-11-28 14:24:33.670 +01:00 [INF] Request starting HTTP/1.1 GET http://localhost:5015/js/site.js?v=y_Ngd8W21UpuCUhEqGbUKDEqFnNfTjAfb24GhJJGUyM - null null
2024-11-28 14:24:33.670 +01:00 [INF] Sending file. Request path: '/js/site.js'. Physical path: '/Users/kjellwiggo/Developer/GitHub/itpe3200/FoodRegistrationTool/wwwroot/js/site.js'
2024-11-28 14:24:33.670 +01:00 [INF] Request finished HTTP/1.1 GET http://localhost:5015/js/site.js?v=y_Ngd8W21UpuCUhEqGbUKDEqFnNfTjAfb24GhJJGUyM - 200 227 text/javascript 0.1586ms
2024-11-28 14:24:33.684 +01:00 [INF] Request starting HTTP/1.1 GET http://localhost:5015/css/bootstrap-icons/font/fonts/bootstrap-icons.woff2?dd67030699838ea613ee6dbda90effa6 - null null
2024-11-28 14:24:33.685 +01:00 [INF] Sending file. Request path: '/css/bootstrap-icons/font/fonts/bootstrap-icons.woff2'. Physical path: '/Users/kjellwiggo/Developer/GitHub/itpe3200/FoodRegistrationTool/wwwroot/css/bootstrap-icons/font/fonts/bootstrap-icons.woff2'
2024-11-28 14:24:33.685 +01:00 [INF] Request finished HTTP/1.1 GET http://localhost:5015/css/bootstrap-icons/font/fonts/bootstrap-icons.woff2?dd67030699838ea613ee6dbda90effa6 - 200 130396 font/woff2 1.421ms
2024-11-28 14:24:38.751 +01:00 [INF] Request starting HTTP/1.1 GET http://localhost:5015/Product/Table - null null
2024-11-28 14:24:38.756 +01:00 [INF] Executing endpoint 'FoodRegistrationTool.Controllers.ProductController.Table (FoodRegistrationTool)'
2024-11-28 14:24:38.762 +01:00 [INF] Route matched with {action = "Table", controller = "Product", page = "", area = ""}. Executing controller action with signature System.Threading.Tasks.Task`1[Microsoft.AspNetCore.Mvc.IActionResult] Table() on controller FoodRegistrationTool.Controllers.ProductController (FoodRegistrationTool).
2024-11-28 14:24:38.896 +01:00 [INF] Executing ViewResult, running view Table.
2024-11-28 14:24:38.901 +01:00 [INF] Executed ViewResult - view Table executed in 5.4191ms.
2024-11-28 14:24:38.901 +01:00 [INF] Executed action FoodRegistrationTool.Controllers.ProductController.Table (FoodRegistrationTool) in 138.8212ms
2024-11-28 14:24:38.901 +01:00 [INF] Executed endpoint 'FoodRegistrationTool.Controllers.ProductController.Table (FoodRegistrationTool)'
2024-11-28 14:24:38.902 +01:00 [INF] Request finished HTTP/1.1 GET http://localhost:5015/Product/Table - 200 null text/html; charset=utf-8 151.1939ms
2024-11-28 14:24:38.914 +01:00 [INF] Request starting HTTP/1.1 GET http://localhost:5015/images/clientImages/bigone.png - null null
2024-11-28 14:24:38.914 +01:00 [INF] Request starting HTTP/1.1 GET http://localhost:5015/images/clientImages/grandiosa245713709.jpg - null null
2024-11-28 14:24:38.916 +01:00 [INF] Sending file. Request path: '/images/clientImages/grandiosa245713709.jpg'. Physical path: '/Users/kjellwiggo/Developer/GitHub/itpe3200/FoodRegistrationTool/wwwroot/images/clientImages/grandiosa245713709.jpg'
2024-11-28 14:24:38.916 +01:00 [INF] Sending file. Request path: '/images/clientImages/bigone.png'. Physical path: '/Users/kjellwiggo/Developer/GitHub/itpe3200/FoodRegistrationTool/wwwroot/images/clientImages/bigone.png'
2024-11-28 14:24:38.919 +01:00 [INF] Request finished HTTP/1.1 GET http://localhost:5015/images/clientImages/grandiosa245713709.jpg - 200 152629 image/jpeg 5.0011ms
2024-11-28 14:24:38.919 +01:00 [INF] Request finished HTTP/1.1 GET http://localhost:5015/images/clientImages/bigone.png - 200 257774 image/png 5.0367ms
2024-11-28 14:24:38.936 +01:00 [INF] Request starting HTTP/1.1 GET http://localhost:5015/images/clientImages/laarfilet243901232.jpg - null null
2024-11-28 14:24:38.936 +01:00 [INF] Request starting HTTP/1.1 GET http://localhost:5015/images/clientImages/lettmelk244059799.jpg - null null
2024-11-28 14:24:38.937 +01:00 [INF] Sending file. Request path: '/images/clientImages/laarfilet243901232.jpg'. Physical path: '/Users/kjellwiggo/Developer/GitHub/itpe3200/FoodRegistrationTool/wwwroot/images/clientImages/laarfilet243901232.jpg'
2024-11-28 14:24:38.937 +01:00 [INF] Sending file. Request path: '/images/clientImages/lettmelk244059799.jpg'. Physical path: '/Users/kjellwiggo/Developer/GitHub/itpe3200/FoodRegistrationTool/wwwroot/images/clientImages/lettmelk244059799.jpg'
2024-11-28 14:24:38.937 +01:00 [INF] Request finished HTTP/1.1 GET http://localhost:5015/images/clientImages/laarfilet243901232.jpg - 200 42476 image/jpeg 1.0499ms
2024-11-28 14:24:38.938 +01:00 [INF] Request finished HTTP/1.1 GET http://localhost:5015/images/clientImages/lettmelk244059799.jpg - 200 62205 image/jpeg 1.0922ms
2024-11-28 14:24:40.710 +01:00 [INF] Request starting HTTP/1.1 GET http://localhost:5015/Producer/Table - null null
2024-11-28 14:24:40.714 +01:00 [INF] Executing endpoint 'FoodRegistrationTool.Controllers.ProducerController.Table (FoodRegistrationTool)'
2024-11-28 14:24:40.717 +01:00 [INF] Route matched with {action = "Table", controller = "Producer", page = "", area = ""}. Executing controller action with signature System.Threading.Tasks.Task`1[Microsoft.AspNetCore.Mvc.IActionResult] Table() on controller FoodRegistrationTool.Controllers.ProducerController (FoodRegistrationTool).
2024-11-28 14:24:40.763 +01:00 [INF] Executing ViewResult, running view Table.
2024-11-28 14:24:40.815 +01:00 [INF] Executed ViewResult - view Table executed in 52.584ms.
2024-11-28 14:24:40.815 +01:00 [INF] Executed action FoodRegistrationTool.Controllers.ProducerController.Table (FoodRegistrationTool) in 97.4842ms
2024-11-28 14:24:40.815 +01:00 [INF] Executed endpoint 'FoodRegistrationTool.Controllers.ProducerController.Table (FoodRegistrationTool)'
2024-11-28 14:24:40.815 +01:00 [INF] Request finished HTTP/1.1 GET http://localhost:5015/Producer/Table - 200 null text/html; charset=utf-8 105.3432ms
2024-11-28 14:24:40.828 +01:00 [INF] Request starting HTTP/1.1 GET http://localhost:5015/js/table-nutrition.js - null null
2024-11-28 14:24:40.828 +01:00 [INF] The file /js/table-nutrition.js was not modified
2024-11-28 14:24:40.828 +01:00 [INF] Request finished HTTP/1.1 GET http://localhost:5015/js/table-nutrition.js - 304 null text/javascript 0.2233ms
2024-11-28 14:24:54.550 +01:00 [INF] Request starting HTTP/1.1 GET http://localhost:5015/Product/Table - null null
2024-11-28 14:24:54.552 +01:00 [INF] Executing endpoint 'FoodRegistrationTool.Controllers.ProductController.Table (FoodRegistrationTool)'
2024-11-28 14:24:54.553 +01:00 [INF] Route matched with {action = "Table", controller = "Product", page = "", area = ""}. Executing controller action with signature System.Threading.Tasks.Task`1[Microsoft.AspNetCore.Mvc.IActionResult] Table() on controller FoodRegistrationTool.Controllers.ProductController (FoodRegistrationTool).
2024-11-28 14:24:54.559 +01:00 [INF] Executing ViewResult, running view Table.
2024-11-28 14:24:54.562 +01:00 [INF] Executed ViewResult - view Table executed in 2.793ms.
2024-11-28 14:24:54.562 +01:00 [INF] Executed action FoodRegistrationTool.Controllers.ProductController.Table (FoodRegistrationTool) in 9.245ms
2024-11-28 14:24:54.562 +01:00 [INF] Executed endpoint 'FoodRegistrationTool.Controllers.ProductController.Table (FoodRegistrationTool)'
2024-11-28 14:24:54.562 +01:00 [INF] Request finished HTTP/1.1 GET http://localhost:5015/Product/Table - 200 null text/html; charset=utf-8 12.5845ms
2024-11-28 14:24:54.573 +01:00 [INF] Request starting HTTP/1.1 GET http://localhost:5015/js/table-nutrition.js - null null
2024-11-28 14:24:54.573 +01:00 [INF] The file /js/table-nutrition.js was not modified
2024-11-28 14:24:54.573 +01:00 [INF] Request finished HTTP/1.1 GET http://localhost:5015/js/table-nutrition.js - 304 null text/javascript 0.4319ms
2024-11-28 14:25:13.803 +01:00 [INF] Request starting HTTP/1.1 GET http://localhost:5015/ - null null
2024-11-28 14:25:13.804 +01:00 [INF] Executing endpoint 'FoodRegistrationTool.Controllers.HomeController.Index (FoodRegistrationTool)'
2024-11-28 14:25:13.804 +01:00 [INF] Route matched with {action = "Index", controller = "Home", page = "", area = ""}. Executing controller action with signature Microsoft.AspNetCore.Mvc.IActionResult Index() on controller FoodRegistrationTool.Controllers.HomeController (FoodRegistrationTool).
2024-11-28 14:25:13.804 +01:00 [INF] Executing ViewResult, running view Index.
2024-11-28 14:25:13.809 +01:00 [INF] Executed ViewResult - view Index executed in 5.4008ms.
2024-11-28 14:25:13.810 +01:00 [INF] Executed action FoodRegistrationTool.Controllers.HomeController.Index (FoodRegistrationTool) in 6.0381ms
2024-11-28 14:25:13.810 +01:00 [INF] Executed endpoint 'FoodRegistrationTool.Controllers.HomeController.Index (FoodRegistrationTool)'
2024-11-28 14:25:13.810 +01:00 [INF] Request finished HTTP/1.1 GET http://localhost:5015/ - 200 null text/html; charset=utf-8 7.3425ms
2024-11-28 14:25:13.821 +01:00 [INF] Request starting HTTP/1.1 GET http://localhost:5015/js/table-nutrition.js - null null
2024-11-28 14:25:13.821 +01:00 [INF] The file /js/table-nutrition.js was not modified
2024-11-28 14:25:13.821 +01:00 [INF] Request finished HTTP/1.1 GET http://localhost:5015/js/table-nutrition.js - 304 null text/javascript 0.4171ms
2024-11-28 14:25:44.816 +01:00 [INF] Request starting HTTP/1.1 GET http://localhost:5015/Identity/Account/Register - null null
2024-11-28 14:25:44.817 +01:00 [INF] Executing endpoint '/Account/Register'
2024-11-28 14:25:44.834 +01:00 [INF] Route matched with {page = "/Account/Register", area = "Identity", action = "", controller = ""}. Executing page /Account/Register
2024-11-28 14:25:44.845 +01:00 [INF] Executing handler method FoodRegistrationTool.Areas.Identity.Pages.Account.RegisterModel.OnGetAsync - ModelState is "Valid"
2024-11-28 14:25:44.846 +01:00 [INF] Executed handler method OnGetAsync, returned result .
2024-11-28 14:25:44.848 +01:00 [INF] Executing an implicit handler method - ModelState is "Valid"
2024-11-28 14:25:44.849 +01:00 [INF] Executed an implicit handler method, returned result Microsoft.AspNetCore.Mvc.RazorPages.PageResult.
2024-11-28 14:25:44.868 +01:00 [INF] Executed page /Account/Register in 34.158ms
2024-11-28 14:25:44.868 +01:00 [INF] Executed endpoint '/Account/Register'
2024-11-28 14:25:44.868 +01:00 [INF] Request finished HTTP/1.1 GET http://localhost:5015/Identity/Account/Register - 200 null text/html; charset=utf-8 52.3227ms
2024-11-28 14:25:44.876 +01:00 [INF] Request starting HTTP/1.1 GET http://localhost:5015/js/table-nutrition.js - null null
2024-11-28 14:25:44.876 +01:00 [INF] The file /js/table-nutrition.js was not modified
2024-11-28 14:25:44.876 +01:00 [INF] Request finished HTTP/1.1 GET http://localhost:5015/js/table-nutrition.js - 304 null text/javascript 0.2712ms
2024-11-28 14:25:44.878 +01:00 [INF] Request starting HTTP/1.1 GET http://localhost:5015/lib/jquery-validation-unobtrusive/jquery.validate.unobtrusive.min.js - null null
2024-11-28 14:25:44.878 +01:00 [INF] Request starting HTTP/1.1 GET http://localhost:5015/lib/jquery-validation/dist/jquery.validate.min.js - null null
2024-11-28 14:25:44.878 +01:00 [INF] Sending file. Request path: '/lib/jquery-validation-unobtrusive/jquery.validate.unobtrusive.min.js'. Physical path: '/Users/kjellwiggo/Developer/GitHub/itpe3200/FoodRegistrationTool/wwwroot/lib/jquery-validation-unobtrusive/jquery.validate.unobtrusive.min.js'
2024-11-28 14:25:44.879 +01:00 [INF] Request finished HTTP/1.1 GET http://localhost:5015/lib/jquery-validation-unobtrusive/jquery.validate.unobtrusive.min.js - 200 5824 text/javascript 0.7108ms
2024-11-28 14:25:44.879 +01:00 [INF] Sending file. Request path: '/lib/jquery-validation/dist/jquery.validate.min.js'. Physical path: '/Users/kjellwiggo/Developer/GitHub/itpe3200/FoodRegistrationTool/wwwroot/lib/jquery-validation/dist/jquery.validate.min.js'
2024-11-28 14:25:44.879 +01:00 [INF] Request finished HTTP/1.1 GET http://localhost:5015/lib/jquery-validation/dist/jquery.validate.min.js - 200 24601 text/javascript 0.905ms
2024-11-28 14:25:55.084 +01:00 [INF] Request starting HTTP/1.1 GET http://localhost:5015/Identity/Account/Register - null null
2024-11-28 14:25:55.089 +01:00 [INF] Executing endpoint '/Account/Register'
2024-11-28 14:25:55.090 +01:00 [INF] Route matched with {page = "/Account/Register", area = "Identity", action = "", controller = ""}. Executing page /Account/Register
2024-11-28 14:25:55.094 +01:00 [INF] Executing handler method FoodRegistrationTool.Areas.Identity.Pages.Account.RegisterModel.OnGetAsync - ModelState is "Valid"
2024-11-28 14:25:55.094 +01:00 [INF] Executed handler method OnGetAsync, returned result .
2024-11-28 14:25:55.094 +01:00 [INF] Executing an implicit handler method - ModelState is "Valid"
2024-11-28 14:25:55.094 +01:00 [INF] Executed an implicit handler method, returned result Microsoft.AspNetCore.Mvc.RazorPages.PageResult.
2024-11-28 14:25:55.099 +01:00 [INF] Executed page /Account/Register in 9.1817ms
2024-11-28 14:25:55.099 +01:00 [INF] Executed endpoint '/Account/Register'
2024-11-28 14:25:55.100 +01:00 [INF] Request finished HTTP/1.1 GET http://localhost:5015/Identity/Account/Register - 200 null text/html; charset=utf-8 15.7704ms
2024-11-28 14:26:21.465 +01:00 [INF] Request starting HTTP/1.1 GET http://localhost:5015/ - null null
2024-11-28 14:26:21.466 +01:00 [INF] Executing endpoint 'FoodRegistrationTool.Controllers.HomeController.Index (FoodRegistrationTool)'
2024-11-28 14:26:21.466 +01:00 [INF] Route matched with {action = "Index", controller = "Home", page = "", area = ""}. Executing controller action with signature Microsoft.AspNetCore.Mvc.IActionResult Index() on controller FoodRegistrationTool.Controllers.HomeController (FoodRegistrationTool).
2024-11-28 14:26:21.466 +01:00 [INF] Executing ViewResult, running view Index.
2024-11-28 14:26:21.470 +01:00 [INF] Executed ViewResult - view Index executed in 3.8898ms.
2024-11-28 14:26:21.470 +01:00 [INF] Executed action FoodRegistrationTool.Controllers.HomeController.Index (FoodRegistrationTool) in 4.198ms
2024-11-28 14:26:21.470 +01:00 [INF] Executed endpoint 'FoodRegistrationTool.Controllers.HomeController.Index (FoodRegistrationTool)'
2024-11-28 14:26:21.470 +01:00 [INF] Request finished HTTP/1.1 GET http://localhost:5015/ - 200 null text/html; charset=utf-8 5.3209ms
2024-11-28 14:26:21.483 +01:00 [INF] Request starting HTTP/1.1 GET http://localhost:5015/js/table-nutrition.js - null null
2024-11-28 14:26:21.483 +01:00 [INF] The file /js/table-nutrition.js was not modified
2024-11-28 14:26:21.483 +01:00 [INF] Request finished HTTP/1.1 GET http://localhost:5015/js/table-nutrition.js - 304 null text/javascript 0.4135ms
