2024-11-23 22:19:43.195 +01:00 [INF] User profile is available. Using '/Users/kjellwiggo/.aspnet/DataProtection-Keys' as key repository; keys will not be encrypted at rest.
2024-11-23 22:19:43.239 +01:00 [INF] Now listening on: http://localhost:5015
2024-11-23 22:19:43.240 +01:00 [INF] Application started. Press Ctrl+C to shut down.
2024-11-23 22:19:43.240 +01:00 [INF] Hosting environment: Development
2024-11-23 22:19:43.240 +01:00 [INF] Content root path: /Users/kjellwiggo/Developer/GitHub/itpe3200/FoodRegistrationTool
2024-11-23 22:19:46.229 +01:00 [INF] Request starting HTTP/1.1 GET http://localhost:5015/Producer/Table - null null
2024-11-23 22:19:46.233 +01:00 [WRN] Failed to determine the https port for redirect.
2024-11-23 22:19:46.473 +01:00 [INF] Executing endpoint 'FoodRegistrationTool.Controllers.ProducerController.Table (FoodRegistrationTool)'
2024-11-23 22:19:46.477 +01:00 [INF] Route matched with {action = "Table", controller = "Producer", page = "", area = ""}. Executing controller action with signature System.Threading.Tasks.Task`1[Microsoft.AspNetCore.Mvc.IActionResult] Table() on controller FoodRegistrationTool.Controllers.ProducerController (FoodRegistrationTool).
2024-11-23 22:19:46.556 +01:00 [INF] Executing ViewResult, running view Table.
2024-11-23 22:19:46.660 +01:00 [INF] Executed ViewResult - view Table executed in 103.4596ms.
2024-11-23 22:19:46.660 +01:00 [INF] Executed action FoodRegistrationTool.Controllers.ProducerController.Table (FoodRegistrationTool) in 183.504ms
2024-11-23 22:19:46.660 +01:00 [INF] Executed endpoint 'FoodRegistrationTool.Controllers.ProducerController.Table (FoodRegistrationTool)'
2024-11-23 22:19:46.662 +01:00 [INF] Request finished HTTP/1.1 GET http://localhost:5015/Producer/Table - 200 null text/html; charset=utf-8 434.2181ms
2024-11-23 22:19:46.677 +01:00 [INF] Request starting HTTP/1.1 GET http://localhost:5015/FoodRegistrationTool.styles.css?v=-rXHweyj8R1Srhz14u2t5C6l8wvZ9AmWgOYZ4nRx8jA - null null
2024-11-23 22:19:46.679 +01:00 [INF] The file /FoodRegistrationTool.styles.css was not modified
2024-11-23 22:19:46.679 +01:00 [INF] Request finished HTTP/1.1 GET http://localhost:5015/FoodRegistrationTool.styles.css?v=-rXHweyj8R1Srhz14u2t5C6l8wvZ9AmWgOYZ4nRx8jA - 304 null text/css 1.9265ms
2024-11-23 22:19:51.046 +01:00 [INF] Request starting HTTP/1.1 GET http://localhost:5015/Producer/Update/5 - null null
2024-11-23 22:19:51.068 +01:00 [INF] Executing endpoint 'FoodRegistrationTool.Controllers.ProducerController.Update (FoodRegistrationTool)'
2024-11-23 22:19:51.075 +01:00 [INF] Route matched with {action = "Update", controller = "Producer", page = "", area = ""}. Executing controller action with signature System.Threading.Tasks.Task`1[Microsoft.AspNetCore.Mvc.IActionResult] Update(Int32) on controller FoodRegistrationTool.Controllers.ProducerController (FoodRegistrationTool).
2024-11-23 22:19:51.089 +01:00 [INF] Executing ViewResult, running view Update.
2024-11-23 22:19:51.103 +01:00 [INF] Executed ViewResult - view Update executed in 14.7994ms.
2024-11-23 22:19:51.103 +01:00 [INF] Executed action FoodRegistrationTool.Controllers.ProducerController.Update (FoodRegistrationTool) in 28.4521ms
2024-11-23 22:19:51.103 +01:00 [INF] Executed endpoint 'FoodRegistrationTool.Controllers.ProducerController.Update (FoodRegistrationTool)'
2024-11-23 22:19:51.104 +01:00 [INF] Request finished HTTP/1.1 GET http://localhost:5015/Producer/Update/5 - 200 null text/html; charset=utf-8 57.554ms
2024-11-23 22:19:54.277 +01:00 [INF] Request starting HTTP/1.1 POST http://localhost:5015/Producer/Update/5 - multipart/form-data; boundary=----WebKitFormBoundaryRK8RfDhkIaTkkKkg 647
2024-11-23 22:19:54.323 +01:00 [INF] Executing endpoint 'FoodRegistrationTool.Controllers.ProducerController.Update (FoodRegistrationTool)'
2024-11-23 22:19:54.327 +01:00 [INF] Route matched with {action = "Update", controller = "Producer", page = "", area = ""}. Executing controller action with signature System.Threading.Tasks.Task`1[Microsoft.AspNetCore.Mvc.IActionResult] Update(FoodRegistrationTool.Models.Producer) on controller FoodRegistrationTool.Controllers.ProducerController (FoodRegistrationTool).
2024-11-23 22:19:54.360 +01:00 [INF] Executing RedirectResult, redirecting to /Producer/Table.
2024-11-23 22:19:54.360 +01:00 [INF] Executed action FoodRegistrationTool.Controllers.ProducerController.Update (FoodRegistrationTool) in 33.4112ms
2024-11-23 22:19:54.360 +01:00 [INF] Executed endpoint 'FoodRegistrationTool.Controllers.ProducerController.Update (FoodRegistrationTool)'
2024-11-23 22:19:54.360 +01:00 [INF] Request finished HTTP/1.1 POST http://localhost:5015/Producer/Update/5 - 302 0 null 83.2251ms
2024-11-23 22:19:54.362 +01:00 [INF] Request starting HTTP/1.1 GET http://localhost:5015/Producer/Table - null null
2024-11-23 22:19:54.363 +01:00 [INF] Executing endpoint 'FoodRegistrationTool.Controllers.ProducerController.Table (FoodRegistrationTool)'
2024-11-23 22:19:54.363 +01:00 [INF] Route matched with {action = "Table", controller = "Producer", page = "", area = ""}. Executing controller action with signature System.Threading.Tasks.Task`1[Microsoft.AspNetCore.Mvc.IActionResult] Table() on controller FoodRegistrationTool.Controllers.ProducerController (FoodRegistrationTool).
2024-11-23 22:19:54.364 +01:00 [INF] Executing ViewResult, running view Table.
2024-11-23 22:19:54.366 +01:00 [INF] Executed ViewResult - view Table executed in 1.9967ms.
2024-11-23 22:19:54.366 +01:00 [INF] Executed action FoodRegistrationTool.Controllers.ProducerController.Table (FoodRegistrationTool) in 2.382ms
2024-11-23 22:19:54.366 +01:00 [INF] Executed endpoint 'FoodRegistrationTool.Controllers.ProducerController.Table (FoodRegistrationTool)'
2024-11-23 22:19:54.366 +01:00 [INF] Request finished HTTP/1.1 GET http://localhost:5015/Producer/Table - 200 null text/html; charset=utf-8 3.465ms
2024-11-23 22:19:58.366 +01:00 [INF] Request starting HTTP/1.1 GET http://localhost:5015/Producer/Delete/5 - null null
2024-11-23 22:19:58.369 +01:00 [INF] Executing endpoint 'FoodRegistrationTool.Controllers.ProducerController.Delete (FoodRegistrationTool)'
2024-11-23 22:19:58.372 +01:00 [INF] Route matched with {action = "Delete", controller = "Producer", page = "", area = ""}. Executing controller action with signature System.Threading.Tasks.Task`1[Microsoft.AspNetCore.Mvc.IActionResult] Delete(Int32) on controller FoodRegistrationTool.Controllers.ProducerController (FoodRegistrationTool).
2024-11-23 22:19:58.375 +01:00 [INF] Executing ViewResult, running view Delete.
2024-11-23 22:19:58.380 +01:00 [INF] Executed ViewResult - view Delete executed in 5.605ms.
2024-11-23 22:19:58.380 +01:00 [INF] Executed action FoodRegistrationTool.Controllers.ProducerController.Delete (FoodRegistrationTool) in 8.0344ms
2024-11-23 22:19:58.380 +01:00 [INF] Executed endpoint 'FoodRegistrationTool.Controllers.ProducerController.Delete (FoodRegistrationTool)'
2024-11-23 22:19:58.381 +01:00 [INF] Request finished HTTP/1.1 GET http://localhost:5015/Producer/Delete/5 - 200 null text/html; charset=utf-8 15.0688ms
2024-11-23 22:20:00.852 +01:00 [INF] Request starting HTTP/1.1 POST http://localhost:5015/Producer/DeleteConfirmed/5 - application/x-www-form-urlencoded 225
2024-11-23 22:20:00.858 +01:00 [INF] Executing endpoint 'FoodRegistrationTool.Controllers.ProducerController.DeleteConfirmed (FoodRegistrationTool)'
2024-11-23 22:20:00.861 +01:00 [INF] Route matched with {action = "DeleteConfirmed", controller = "Producer", page = "", area = ""}. Executing controller action with signature System.Threading.Tasks.Task`1[Microsoft.AspNetCore.Mvc.IActionResult] DeleteConfirmed(Int32) on controller FoodRegistrationTool.Controllers.ProducerController (FoodRegistrationTool).
2024-11-23 22:20:00.892 +01:00 [INF] Executing RedirectResult, redirecting to /Producer/Table.
2024-11-23 22:20:00.893 +01:00 [INF] Executed action FoodRegistrationTool.Controllers.ProducerController.DeleteConfirmed (FoodRegistrationTool) in 31.0787ms
2024-11-23 22:20:00.893 +01:00 [INF] Executed endpoint 'FoodRegistrationTool.Controllers.ProducerController.DeleteConfirmed (FoodRegistrationTool)'
2024-11-23 22:20:00.893 +01:00 [INF] Request finished HTTP/1.1 POST http://localhost:5015/Producer/DeleteConfirmed/5 - 302 0 null 40.6759ms
2024-11-23 22:20:00.894 +01:00 [INF] Request starting HTTP/1.1 GET http://localhost:5015/Producer/Table - null null
2024-11-23 22:20:00.895 +01:00 [INF] Executing endpoint 'FoodRegistrationTool.Controllers.ProducerController.Table (FoodRegistrationTool)'
2024-11-23 22:20:00.895 +01:00 [INF] Route matched with {action = "Table", controller = "Producer", page = "", area = ""}. Executing controller action with signature System.Threading.Tasks.Task`1[Microsoft.AspNetCore.Mvc.IActionResult] Table() on controller FoodRegistrationTool.Controllers.ProducerController (FoodRegistrationTool).
2024-11-23 22:20:00.896 +01:00 [INF] Executing ViewResult, running view Table.
2024-11-23 22:20:00.900 +01:00 [INF] Executed ViewResult - view Table executed in 3.7407ms.
2024-11-23 22:20:00.900 +01:00 [INF] Executed action FoodRegistrationTool.Controllers.ProducerController.Table (FoodRegistrationTool) in 4.3365ms
2024-11-23 22:20:00.900 +01:00 [INF] Executed endpoint 'FoodRegistrationTool.Controllers.ProducerController.Table (FoodRegistrationTool)'
2024-11-23 22:20:00.900 +01:00 [INF] Request finished HTTP/1.1 GET http://localhost:5015/Producer/Table - 200 null text/html; charset=utf-8 5.6964ms
2024-11-23 22:32:19.192 +01:00 [INF] Application is shutting down...
