2024-11-30 21:13:34.219 +01:00 [INF] User profile is available. Using '/Users/kjellwiggo/.aspnet/DataProtection-Keys' as key repository; keys will not be encrypted at rest.
2024-11-30 21:13:34.261 +01:00 [INF] Now listening on: http://localhost:5015
2024-11-30 21:13:34.262 +01:00 [INF] Application started. Press Ctrl+C to shut down.
2024-11-30 21:13:34.263 +01:00 [INF] Hosting environment: Development
2024-11-30 21:13:34.263 +01:00 [INF] Content root path: /Users/kjellwiggo/Developer/GitHub/itpe3200/FoodRegistrationTool
2024-11-30 21:13:36.299 +01:00 [INF] Request starting HTTP/1.1 GET http://localhost:5015/Product/Details/1 - null null
2024-11-30 21:13:36.302 +01:00 [WRN] Failed to determine the https port for redirect.
2024-11-30 21:13:36.537 +01:00 [INF] Executing endpoint 'FoodRegistrationTool.Controllers.ProductController.Details (FoodRegistrationTool)'
2024-11-30 21:13:36.542 +01:00 [INF] Route matched with {action = "Details", controller = "Product", page = "", area = ""}. Executing controller action with signature System.Threading.Tasks.Task`1[Microsoft.AspNetCore.Mvc.IActionResult] Details(Int32) on controller FoodRegistrationTool.Controllers.ProductController (FoodRegistrationTool).
2024-11-30 21:13:36.648 +01:00 [INF] Executing ViewResult, running view Details.
2024-11-30 21:13:36.711 +01:00 [INF] Executed ViewResult - view Details executed in 62.9708ms.
2024-11-30 21:13:36.712 +01:00 [INF] Executed action FoodRegistrationTool.Controllers.ProductController.Details (FoodRegistrationTool) in 169.9773ms
2024-11-30 21:13:36.712 +01:00 [INF] Executed endpoint 'FoodRegistrationTool.Controllers.ProductController.Details (FoodRegistrationTool)'
2024-11-30 21:13:36.715 +01:00 [INF] Request finished HTTP/1.1 GET http://localhost:5015/Product/Details/1 - 200 null text/html; charset=utf-8 417.364ms
2024-11-30 21:13:36.748 +01:00 [INF] Request starting HTTP/1.1 GET http://localhost:5015/js/nutrition-table.js - null null
2024-11-30 21:13:36.759 +01:00 [INF] Request finished HTTP/1.1 GET http://localhost:5015/js/nutrition-table.js - 404 0 null 10.6827ms
2024-11-30 21:13:36.760 +01:00 [INF] Request reached the end of the middleware pipeline without being handled by application code. Request path: GET http://localhost:5015/js/nutrition-table.js, Response status code: 404
2024-11-30 21:13:52.813 +01:00 [INF] Request starting HTTP/1.1 GET http://localhost:5015/Product/Table - null null
2024-11-30 21:13:52.861 +01:00 [INF] Executing endpoint 'FoodRegistrationTool.Controllers.ProductController.Table (FoodRegistrationTool)'
2024-11-30 21:13:52.863 +01:00 [INF] Route matched with {action = "Table", controller = "Product", page = "", area = ""}. Executing controller action with signature System.Threading.Tasks.Task`1[Microsoft.AspNetCore.Mvc.IActionResult] Table() on controller FoodRegistrationTool.Controllers.ProductController (FoodRegistrationTool).
2024-11-30 21:13:52.870 +01:00 [INF] Executing ViewResult, running view Table.
2024-11-30 21:13:52.875 +01:00 [INF] Executed ViewResult - view Table executed in 6.2222ms.
2024-11-30 21:13:52.876 +01:00 [INF] Executed action FoodRegistrationTool.Controllers.ProductController.Table (FoodRegistrationTool) in 12.797ms
2024-11-30 21:13:52.876 +01:00 [INF] Executed endpoint 'FoodRegistrationTool.Controllers.ProductController.Table (FoodRegistrationTool)'
2024-11-30 21:13:52.876 +01:00 [INF] Request finished HTTP/1.1 GET http://localhost:5015/Product/Table - 200 null text/html; charset=utf-8 62.421ms
2024-11-30 21:16:04.876 +01:00 [INF] Application is shutting down...
