2024-11-30 21:40:31.765 +01:00 [INF] User profile is available. Using '/Users/kjellwiggo/.aspnet/DataProtection-Keys' as key repository; keys will not be encrypted at rest.
2024-11-30 21:40:31.809 +01:00 [INF] Now listening on: http://localhost:5015
2024-11-30 21:40:31.810 +01:00 [INF] Application started. Press Ctrl+C to shut down.
2024-11-30 21:40:31.810 +01:00 [INF] Hosting environment: Development
2024-11-30 21:40:31.810 +01:00 [INF] Content root path: /Users/kjellwiggo/Developer/GitHub/itpe3200/FoodRegistrationTool
2024-11-30 21:40:33.285 +01:00 [INF] Request starting HTTP/1.1 GET http://localhost:5015/Product/Update/1 - null null
2024-11-30 21:40:33.289 +01:00 [WRN] Failed to determine the https port for redirect.
2024-11-30 21:40:33.530 +01:00 [INF] Executing endpoint 'FoodRegistrationTool.Controllers.ProductController.Update (FoodRegistrationTool)'
2024-11-30 21:40:33.535 +01:00 [INF] Route matched with {action = "Update", controller = "Product", page = "", area = ""}. Executing controller action with signature System.Threading.Tasks.Task`1[Microsoft.AspNetCore.Mvc.IActionResult] Update(Int32) on controller FoodRegistrationTool.Controllers.ProductController (FoodRegistrationTool).
2024-11-30 21:40:33.642 +01:00 [INF] Executing ViewResult, running view Update.
2024-11-30 21:40:33.715 +01:00 [INF] Executed ViewResult - view Update executed in 72.3038ms.
2024-11-30 21:40:33.715 +01:00 [INF] Executed action FoodRegistrationTool.Controllers.ProductController.Update (FoodRegistrationTool) in 179.346ms
2024-11-30 21:40:33.715 +01:00 [INF] Executed endpoint 'FoodRegistrationTool.Controllers.ProductController.Update (FoodRegistrationTool)'
2024-11-30 21:40:33.718 +01:00 [INF] Request finished HTTP/1.1 GET http://localhost:5015/Product/Update/1 - 200 null text/html; charset=utf-8 433.4216ms
2024-11-30 21:40:51.112 +01:00 [INF] Request starting HTTP/1.1 GET http://localhost:5015/Product/Table - null null
2024-11-30 21:40:51.133 +01:00 [INF] Executing endpoint 'FoodRegistrationTool.Controllers.ProductController.Table (FoodRegistrationTool)'
2024-11-30 21:40:51.136 +01:00 [INF] Route matched with {action = "Table", controller = "Product", page = "", area = ""}. Executing controller action with signature System.Threading.Tasks.Task`1[Microsoft.AspNetCore.Mvc.IActionResult] Table() on controller FoodRegistrationTool.Controllers.ProductController (FoodRegistrationTool).
2024-11-30 21:40:51.147 +01:00 [INF] Executing ViewResult, running view Table.
2024-11-30 21:40:51.156 +01:00 [INF] Executed ViewResult - view Table executed in 9.3979ms.
2024-11-30 21:40:51.156 +01:00 [INF] Executed action FoodRegistrationTool.Controllers.ProductController.Table (FoodRegistrationTool) in 19.5731ms
2024-11-30 21:40:51.156 +01:00 [INF] Executed endpoint 'FoodRegistrationTool.Controllers.ProductController.Table (FoodRegistrationTool)'
2024-11-30 21:40:51.157 +01:00 [INF] Request finished HTTP/1.1 GET http://localhost:5015/Product/Table - 200 null text/html; charset=utf-8 45.0387ms
2024-11-30 21:40:52.390 +01:00 [INF] Request starting HTTP/1.1 GET http://localhost:5015/Product/Delete/1 - null null
2024-11-30 21:40:52.435 +01:00 [INF] Executing endpoint 'FoodRegistrationTool.Controllers.ProductController.Delete (FoodRegistrationTool)'
2024-11-30 21:40:52.437 +01:00 [INF] Route matched with {action = "Delete", controller = "Product", page = "", area = ""}. Executing controller action with signature System.Threading.Tasks.Task`1[Microsoft.AspNetCore.Mvc.IActionResult] Delete(Int32) on controller FoodRegistrationTool.Controllers.ProductController (FoodRegistrationTool).
2024-11-30 21:40:52.441 +01:00 [INF] Executing ViewResult, running view Delete.
2024-11-30 21:40:52.444 +01:00 [INF] Executed ViewResult - view Delete executed in 2.9841ms.
2024-11-30 21:40:52.444 +01:00 [INF] Executed action FoodRegistrationTool.Controllers.ProductController.Delete (FoodRegistrationTool) in 6.2817ms
2024-11-30 21:40:52.444 +01:00 [INF] Executed endpoint 'FoodRegistrationTool.Controllers.ProductController.Delete (FoodRegistrationTool)'
2024-11-30 21:40:52.444 +01:00 [INF] Request finished HTTP/1.1 GET http://localhost:5015/Product/Delete/1 - 200 null text/html; charset=utf-8 53.8698ms
2024-11-30 21:40:56.712 +01:00 [INF] Request starting HTTP/1.1 GET http://localhost:5015/Product/Table - null null
2024-11-30 21:40:56.715 +01:00 [INF] Executing endpoint 'FoodRegistrationTool.Controllers.ProductController.Table (FoodRegistrationTool)'
2024-11-30 21:40:56.715 +01:00 [INF] Route matched with {action = "Table", controller = "Product", page = "", area = ""}. Executing controller action with signature System.Threading.Tasks.Task`1[Microsoft.AspNetCore.Mvc.IActionResult] Table() on controller FoodRegistrationTool.Controllers.ProductController (FoodRegistrationTool).
2024-11-30 21:40:56.716 +01:00 [INF] Executing ViewResult, running view Table.
2024-11-30 21:40:56.720 +01:00 [INF] Executed ViewResult - view Table executed in 3.4115ms.
2024-11-30 21:40:56.720 +01:00 [INF] Executed action FoodRegistrationTool.Controllers.ProductController.Table (FoodRegistrationTool) in 4.8354ms
2024-11-30 21:40:56.720 +01:00 [INF] Executed endpoint 'FoodRegistrationTool.Controllers.ProductController.Table (FoodRegistrationTool)'
2024-11-30 21:40:56.722 +01:00 [INF] Request finished HTTP/1.1 GET http://localhost:5015/Product/Table - 200 null text/html; charset=utf-8 9.3785ms
2024-11-30 21:41:57.122 +01:00 [INF] Application is shutting down...
