2024-11-30 21:41:59.729 +01:00 [INF] User profile is available. Using '/Users/kjellwiggo/.aspnet/DataProtection-Keys' as key repository; keys will not be encrypted at rest.
2024-11-30 21:41:59.773 +01:00 [INF] Now listening on: http://localhost:5015
2024-11-30 21:41:59.774 +01:00 [INF] Application started. Press Ctrl+C to shut down.
2024-11-30 21:41:59.774 +01:00 [INF] Hosting environment: Development
2024-11-30 21:41:59.774 +01:00 [INF] Content root path: /Users/kjellwiggo/Developer/GitHub/itpe3200/FoodRegistrationTool
2024-11-30 21:42:01.866 +01:00 [INF] Request starting HTTP/1.1 GET http://localhost:5015/Product/Table - null null
2024-11-30 21:42:01.870 +01:00 [WRN] Failed to determine the https port for redirect.
2024-11-30 21:42:02.106 +01:00 [INF] Executing endpoint 'FoodRegistrationTool.Controllers.ProductController.Table (FoodRegistrationTool)'
2024-11-30 21:42:02.110 +01:00 [INF] Route matched with {action = "Table", controller = "Product", page = "", area = ""}. Executing controller action with signature System.Threading.Tasks.Task`1[Microsoft.AspNetCore.Mvc.IActionResult] Table() on controller FoodRegistrationTool.Controllers.ProductController (FoodRegistrationTool).
2024-11-30 21:42:02.192 +01:00 [INF] Executing ViewResult, running view Table.
2024-11-30 21:42:02.253 +01:00 [INF] Executed ViewResult - view Table executed in 60.8612ms.
2024-11-30 21:42:02.253 +01:00 [INF] Executed action FoodRegistrationTool.Controllers.ProductController.Table (FoodRegistrationTool) in 143.0153ms
2024-11-30 21:42:02.253 +01:00 [INF] Executed endpoint 'FoodRegistrationTool.Controllers.ProductController.Table (FoodRegistrationTool)'
2024-11-30 21:42:02.256 +01:00 [INF] Request finished HTTP/1.1 GET http://localhost:5015/Product/Table - 200 null text/html; charset=utf-8 391.4818ms
2024-11-30 21:42:03.853 +01:00 [INF] Request starting HTTP/1.1 GET http://localhost:5015/Product/Delete/1 - null null
2024-11-30 21:42:03.869 +01:00 [INF] Executing endpoint 'FoodRegistrationTool.Controllers.ProductController.Delete (FoodRegistrationTool)'
2024-11-30 21:42:03.873 +01:00 [INF] Route matched with {action = "Delete", controller = "Product", page = "", area = ""}. Executing controller action with signature System.Threading.Tasks.Task`1[Microsoft.AspNetCore.Mvc.IActionResult] Delete(Int32) on controller FoodRegistrationTool.Controllers.ProductController (FoodRegistrationTool).
2024-11-30 21:42:03.915 +01:00 [INF] Executing ViewResult, running view Delete.
2024-11-30 21:42:03.918 +01:00 [INF] Executed ViewResult - view Delete executed in 3.1707ms.
2024-11-30 21:42:03.918 +01:00 [INF] Executed action FoodRegistrationTool.Controllers.ProductController.Delete (FoodRegistrationTool) in 44.9934ms
2024-11-30 21:42:03.919 +01:00 [INF] Executed endpoint 'FoodRegistrationTool.Controllers.ProductController.Delete (FoodRegistrationTool)'
2024-11-30 21:42:03.919 +01:00 [INF] Request finished HTTP/1.1 GET http://localhost:5015/Product/Delete/1 - 200 null text/html; charset=utf-8 65.4205ms
2024-11-30 21:42:47.761 +01:00 [INF] Application is shutting down...
