2024-11-29 12:58:17.456 +01:00 [INF] User profile is available. Using '/Users/kjellwiggo/.aspnet/DataProtection-Keys' as key repository; keys will not be encrypted at rest.
2024-11-29 12:58:17.505 +01:00 [INF] Now listening on: http://localhost:5015
2024-11-29 12:58:17.506 +01:00 [INF] Application started. Press Ctrl+C to shut down.
2024-11-29 12:58:17.506 +01:00 [INF] Hosting environment: Development
2024-11-29 12:58:17.506 +01:00 [INF] Content root path: /Users/kjellwiggo/Developer/GitHub/itpe3200/FoodRegistrationTool
2024-11-29 12:58:25.470 +01:00 [INF] Request starting HTTP/1.1 GET http://localhost:5015/ - null null
2024-11-29 12:58:25.473 +01:00 [WRN] Failed to determine the https port for redirect.
2024-11-29 12:58:25.489 +01:00 [INF] Executing endpoint 'FoodRegistrationTool.Controllers.HomeController.Index (FoodRegistrationTool)'
2024-11-29 12:58:25.496 +01:00 [INF] Route matched with {action = "Index", controller = "Home", page = "", area = ""}. Executing controller action with signature Microsoft.AspNetCore.Mvc.IActionResult Index() on controller FoodRegistrationTool.Controllers.HomeController (FoodRegistrationTool).
2024-11-29 12:58:25.499 +01:00 [INF] Executing ViewResult, running view Index.
2024-11-29 12:58:25.812 +01:00 [INF] Executed ViewResult - view Index executed in 312.5307ms.
2024-11-29 12:58:25.812 +01:00 [INF] Executed action FoodRegistrationTool.Controllers.HomeController.Index (FoodRegistrationTool) in 315.7835ms
2024-11-29 12:58:25.812 +01:00 [INF] Executed endpoint 'FoodRegistrationTool.Controllers.HomeController.Index (FoodRegistrationTool)'
2024-11-29 12:58:25.815 +01:00 [INF] Request finished HTTP/1.1 GET http://localhost:5015/ - 200 null text/html; charset=utf-8 346.075ms
2024-11-29 12:58:25.815 +01:00 [INF] Request starting HTTP/1.1 GET http://localhost:5015/css/site.css?v=ejrE1a593sfR5VZA1VBwg_m0WbH_DVBxrN4qtJLwAYo - null null
2024-11-29 12:58:25.816 +01:00 [INF] Request starting HTTP/1.1 GET http://localhost:5015/css/bootstrap-icons/font/bootstrap-icons.min.css - null null
2024-11-29 12:58:25.816 +01:00 [INF] The file /css/bootstrap-icons/font/bootstrap-icons.min.css was not modified
2024-11-29 12:58:25.816 +01:00 [INF] The file /css/site.css was not modified
2024-11-29 12:58:25.817 +01:00 [INF] Request finished HTTP/1.1 GET http://localhost:5015/css/bootstrap-icons/font/bootstrap-icons.min.css - 304 null text/css 0.7167ms
2024-11-29 12:58:25.817 +01:00 [INF] Request finished HTTP/1.1 GET http://localhost:5015/css/site.css?v=ejrE1a593sfR5VZA1VBwg_m0WbH_DVBxrN4qtJLwAYo - 304 null text/css 1.2083ms
2024-11-29 12:58:25.818 +01:00 [INF] Request starting HTTP/1.1 GET http://localhost:5015/FoodRegistrationTool.styles.css?v=-rXHweyj8R1Srhz14u2t5C6l8wvZ9AmWgOYZ4nRx8jA - null null
2024-11-29 12:58:25.818 +01:00 [INF] The file /FoodRegistrationTool.styles.css was not modified
2024-11-29 12:58:25.818 +01:00 [INF] Request finished HTTP/1.1 GET http://localhost:5015/FoodRegistrationTool.styles.css?v=-rXHweyj8R1Srhz14u2t5C6l8wvZ9AmWgOYZ4nRx8jA - 304 null text/css 0.0946ms
2024-11-29 12:58:25.883 +01:00 [INF] Request starting HTTP/1.1 GET http://localhost:5015/js/jquery.min.js - null null
2024-11-29 12:58:25.883 +01:00 [INF] Request starting HTTP/1.1 GET http://localhost:5015/js/bootstrap.js - null null
2024-11-29 12:58:25.883 +01:00 [INF] The file /js/jquery.min.js was not modified
2024-11-29 12:58:25.883 +01:00 [INF] The file /js/bootstrap.js was not modified
2024-11-29 12:58:25.883 +01:00 [INF] Request finished HTTP/1.1 GET http://localhost:5015/js/jquery.min.js - 304 null text/javascript 0.2813ms
2024-11-29 12:58:25.883 +01:00 [INF] Request finished HTTP/1.1 GET http://localhost:5015/js/bootstrap.js - 304 null text/javascript 0.3106ms
2024-11-29 12:58:25.884 +01:00 [INF] Request starting HTTP/1.1 GET http://localhost:5015/js/jquery.validate.js - null null
2024-11-29 12:58:25.884 +01:00 [INF] Request starting HTTP/1.1 GET http://localhost:5015/js/table-nutrition.js - null null
2024-11-29 12:58:25.885 +01:00 [INF] The file /js/jquery.validate.js was not modified
2024-11-29 12:58:25.885 +01:00 [INF] The file /js/table-nutrition.js was not modified
2024-11-29 12:58:25.885 +01:00 [INF] Request finished HTTP/1.1 GET http://localhost:5015/js/table-nutrition.js - 304 null text/javascript 0.2882ms
2024-11-29 12:58:25.885 +01:00 [INF] Request finished HTTP/1.1 GET http://localhost:5015/js/jquery.validate.js - 304 null text/javascript 0.6537ms
2024-11-29 12:58:25.885 +01:00 [INF] Request starting HTTP/1.1 GET http://localhost:5015/images/carousel3.jpg - null null
2024-11-29 12:58:25.885 +01:00 [INF] The file /images/carousel3.jpg was not modified
2024-11-29 12:58:25.885 +01:00 [INF] Request starting HTTP/1.1 GET http://localhost:5015/images/carousel2.jpg - null null
2024-11-29 12:58:25.886 +01:00 [INF] The file /images/carousel2.jpg was not modified
2024-11-29 12:58:25.886 +01:00 [INF] Request finished HTTP/1.1 GET http://localhost:5015/images/carousel3.jpg - 304 null image/jpeg 0.7006ms
2024-11-29 12:58:25.886 +01:00 [INF] Request finished HTTP/1.1 GET http://localhost:5015/images/carousel2.jpg - 304 null image/jpeg 0.5559ms
2024-11-29 12:58:25.886 +01:00 [INF] Request starting HTTP/1.1 GET http://localhost:5015/js/jquery.validate.unobtrusive.js - null null
2024-11-29 12:58:25.886 +01:00 [INF] The file /js/jquery.validate.unobtrusive.js was not modified
2024-11-29 12:58:25.886 +01:00 [INF] Request finished HTTP/1.1 GET http://localhost:5015/js/jquery.validate.unobtrusive.js - 304 null text/javascript 0.4135ms
2024-11-29 12:58:25.890 +01:00 [INF] Request starting HTTP/1.1 GET http://localhost:5015/images/carousel1.jpg - null null
2024-11-29 12:58:25.890 +01:00 [INF] The file /images/carousel1.jpg was not modified
2024-11-29 12:58:25.890 +01:00 [INF] Request finished HTTP/1.1 GET http://localhost:5015/images/carousel1.jpg - 304 null image/jpeg 0.4427ms
2024-11-29 12:58:25.891 +01:00 [INF] Request starting HTTP/1.1 GET http://localhost:5015/lib/jquery/dist/jquery.min.js - null null
2024-11-29 12:58:25.891 +01:00 [INF] The file /lib/jquery/dist/jquery.min.js was not modified
2024-11-29 12:58:25.891 +01:00 [INF] Request finished HTTP/1.1 GET http://localhost:5015/lib/jquery/dist/jquery.min.js - 304 null text/javascript 0.1114ms
2024-11-29 12:58:25.892 +01:00 [INF] Request starting HTTP/1.1 GET http://localhost:5015/js/site.js?v=y_Ngd8W21UpuCUhEqGbUKDEqFnNfTjAfb24GhJJGUyM - null null
2024-11-29 12:58:25.892 +01:00 [INF] Request starting HTTP/1.1 GET http://localhost:5015/lib/bootstrap/dist/js/bootstrap.bundle.min.js - null null
2024-11-29 12:58:25.892 +01:00 [INF] The file /js/site.js was not modified
2024-11-29 12:58:25.892 +01:00 [INF] The file /lib/bootstrap/dist/js/bootstrap.bundle.min.js was not modified
2024-11-29 12:58:25.892 +01:00 [INF] Request finished HTTP/1.1 GET http://localhost:5015/lib/bootstrap/dist/js/bootstrap.bundle.min.js - 304 null text/javascript 0.2227ms
2024-11-29 12:58:25.892 +01:00 [INF] Request finished HTTP/1.1 GET http://localhost:5015/js/site.js?v=y_Ngd8W21UpuCUhEqGbUKDEqFnNfTjAfb24GhJJGUyM - 304 null text/javascript 0.2648ms
2024-11-29 12:58:25.906 +01:00 [INF] Request starting HTTP/1.1 GET http://localhost:5015/css/bootstrap-icons/font/fonts/bootstrap-icons.woff2?dd67030699838ea613ee6dbda90effa6 - null null
2024-11-29 12:58:25.906 +01:00 [INF] The file /css/bootstrap-icons/font/fonts/bootstrap-icons.woff2 was not modified
2024-11-29 12:58:25.906 +01:00 [INF] Request finished HTTP/1.1 GET http://localhost:5015/css/bootstrap-icons/font/fonts/bootstrap-icons.woff2?dd67030699838ea613ee6dbda90effa6 - 304 null font/woff2 0.1965ms
2024-11-29 12:58:25.966 +01:00 [INF] Request starting HTTP/1.1 GET http://localhost:5015/favicon.ico - null null
2024-11-29 12:58:25.969 +01:00 [INF] Sending file. Request path: '/favicon.ico'. Physical path: '/Users/kjellwiggo/Developer/GitHub/itpe3200/FoodRegistrationTool/wwwroot/favicon.ico'
2024-11-29 12:58:25.969 +01:00 [INF] Request finished HTTP/1.1 GET http://localhost:5015/favicon.ico - 200 5430 image/x-icon 2.5486ms
2024-11-29 13:02:30.137 +01:00 [INF] Request starting HTTP/1.1 GET http://localhost:5015/ - null null
2024-11-29 13:02:30.139 +01:00 [INF] Executing endpoint 'FoodRegistrationTool.Controllers.HomeController.Index (FoodRegistrationTool)'
2024-11-29 13:02:30.139 +01:00 [INF] Route matched with {action = "Index", controller = "Home", page = "", area = ""}. Executing controller action with signature Microsoft.AspNetCore.Mvc.IActionResult Index() on controller FoodRegistrationTool.Controllers.HomeController (FoodRegistrationTool).
2024-11-29 13:02:30.140 +01:00 [INF] Executing ViewResult, running view Index.
2024-11-29 13:02:30.162 +01:00 [INF] Executed ViewResult - view Index executed in 22.178ms.
2024-11-29 13:02:30.162 +01:00 [INF] Executed action FoodRegistrationTool.Controllers.HomeController.Index (FoodRegistrationTool) in 22.6245ms
2024-11-29 13:02:30.162 +01:00 [INF] Executed endpoint 'FoodRegistrationTool.Controllers.HomeController.Index (FoodRegistrationTool)'
2024-11-29 13:02:30.162 +01:00 [INF] Request finished HTTP/1.1 GET http://localhost:5015/ - 200 null text/html; charset=utf-8 25.1507ms
2024-11-29 13:02:32.053 +01:00 [INF] Request starting HTTP/1.1 GET http://localhost:5015/Producer/Table - null null
2024-11-29 13:02:32.056 +01:00 [INF] Executing endpoint 'FoodRegistrationTool.Controllers.ProducerController.Table (FoodRegistrationTool)'
2024-11-29 13:02:32.061 +01:00 [INF] Route matched with {action = "Table", controller = "Producer", page = "", area = ""}. Executing controller action with signature System.Threading.Tasks.Task`1[Microsoft.AspNetCore.Mvc.IActionResult] Table() on controller FoodRegistrationTool.Controllers.ProducerController (FoodRegistrationTool).
2024-11-29 13:02:32.189 +01:00 [INF] Executing ViewResult, running view Table.
2024-11-29 13:02:32.243 +01:00 [INF] Executed ViewResult - view Table executed in 54.2842ms.
2024-11-29 13:02:32.243 +01:00 [INF] Executed action FoodRegistrationTool.Controllers.ProducerController.Table (FoodRegistrationTool) in 182.2811ms
2024-11-29 13:02:32.243 +01:00 [INF] Executed endpoint 'FoodRegistrationTool.Controllers.ProducerController.Table (FoodRegistrationTool)'
2024-11-29 13:02:32.243 +01:00 [INF] Request finished HTTP/1.1 GET http://localhost:5015/Producer/Table - 200 null text/html; charset=utf-8 190.1563ms
2024-11-29 13:02:32.265 +01:00 [INF] Request starting HTTP/1.1 GET http://localhost:5015/images/clientImages/grandiosa245713709.jpg - null null
2024-11-29 13:02:32.265 +01:00 [INF] Request starting HTTP/1.1 GET http://localhost:5015/images/clientImages/bigone.png - null null
2024-11-29 13:02:32.265 +01:00 [INF] The file /images/clientImages/bigone.png was not modified
2024-11-29 13:02:32.265 +01:00 [INF] The file /images/clientImages/grandiosa245713709.jpg was not modified
2024-11-29 13:02:32.265 +01:00 [INF] Request finished HTTP/1.1 GET http://localhost:5015/images/clientImages/bigone.png - 304 null image/png 0.276ms
2024-11-29 13:02:32.265 +01:00 [INF] Request finished HTTP/1.1 GET http://localhost:5015/images/clientImages/grandiosa245713709.jpg - 304 null image/jpeg 0.3464ms
2024-11-29 13:02:32.274 +01:00 [INF] Request starting HTTP/1.1 GET http://localhost:5015/images/clientImages/laarfilet243901232.jpg - null null
2024-11-29 13:02:32.274 +01:00 [INF] Request starting HTTP/1.1 GET http://localhost:5015/images/clientImages/lettmelk244059799.jpg - null null
2024-11-29 13:02:32.275 +01:00 [INF] The file /images/clientImages/lettmelk244059799.jpg was not modified
2024-11-29 13:02:32.275 +01:00 [INF] The file /images/clientImages/laarfilet243901232.jpg was not modified
2024-11-29 13:02:32.275 +01:00 [INF] Request finished HTTP/1.1 GET http://localhost:5015/images/clientImages/lettmelk244059799.jpg - 304 null image/jpeg 0.4733ms
2024-11-29 13:02:32.275 +01:00 [INF] Request finished HTTP/1.1 GET http://localhost:5015/images/clientImages/laarfilet243901232.jpg - 304 null image/jpeg 0.471ms
2024-11-29 13:02:49.980 +01:00 [INF] Request starting HTTP/1.1 GET http://localhost:5015/Product/Details/1 - null null
2024-11-29 13:02:49.981 +01:00 [INF] Executing endpoint 'FoodRegistrationTool.Controllers.ProductController.Details (FoodRegistrationTool)'
2024-11-29 13:02:49.988 +01:00 [INF] Route matched with {action = "Details", controller = "Product", page = "", area = ""}. Executing controller action with signature System.Threading.Tasks.Task`1[Microsoft.AspNetCore.Mvc.IActionResult] Details(Int32) on controller FoodRegistrationTool.Controllers.ProductController (FoodRegistrationTool).
2024-11-29 13:02:50.009 +01:00 [INF] Executing ViewResult, running view Details.
2024-11-29 13:02:50.014 +01:00 [INF] Executed ViewResult - view Details executed in 5.5937ms.
2024-11-29 13:02:50.014 +01:00 [INF] Executed action FoodRegistrationTool.Controllers.ProductController.Details (FoodRegistrationTool) in 25.97ms
2024-11-29 13:02:50.014 +01:00 [INF] Executed endpoint 'FoodRegistrationTool.Controllers.ProductController.Details (FoodRegistrationTool)'
2024-11-29 13:02:50.015 +01:00 [INF] Request finished HTTP/1.1 GET http://localhost:5015/Product/Details/1 - 200 null text/html; charset=utf-8 34.3571ms
2024-11-29 13:02:50.023 +01:00 [INF] Request starting HTTP/1.1 GET http://localhost:5015/js/nutrition-table.js - null null
2024-11-29 13:02:50.024 +01:00 [INF] Request finished HTTP/1.1 GET http://localhost:5015/js/nutrition-table.js - 404 0 null 1.1771ms
2024-11-29 13:02:50.025 +01:00 [INF] Request reached the end of the middleware pipeline without being handled by application code. Request path: GET http://localhost:5015/js/nutrition-table.js, Response status code: 404
2024-11-29 13:05:15.793 +01:00 [INF] Request starting HTTP/1.1 GET http://localhost:5015/Product/Table - null null
2024-11-29 13:05:15.796 +01:00 [INF] Executing endpoint 'FoodRegistrationTool.Controllers.ProductController.Table (FoodRegistrationTool)'
2024-11-29 13:05:15.799 +01:00 [INF] Route matched with {action = "Table", controller = "Product", page = "", area = ""}. Executing controller action with signature System.Threading.Tasks.Task`1[Microsoft.AspNetCore.Mvc.IActionResult] Table() on controller FoodRegistrationTool.Controllers.ProductController (FoodRegistrationTool).
2024-11-29 13:05:15.812 +01:00 [INF] Executing ViewResult, running view Table.
2024-11-29 13:05:15.823 +01:00 [INF] Executed ViewResult - view Table executed in 12.0083ms.
2024-11-29 13:05:15.823 +01:00 [INF] Executed action FoodRegistrationTool.Controllers.ProductController.Table (FoodRegistrationTool) in 23.4525ms
2024-11-29 13:05:15.823 +01:00 [INF] Executed endpoint 'FoodRegistrationTool.Controllers.ProductController.Table (FoodRegistrationTool)'
2024-11-29 13:05:15.823 +01:00 [INF] Request finished HTTP/1.1 GET http://localhost:5015/Product/Table - 200 null text/html; charset=utf-8 29.794ms
2024-11-29 13:05:29.660 +01:00 [INF] Request starting HTTP/1.1 GET http://localhost:5015/Product/Details/1 - null null
2024-11-29 13:05:29.660 +01:00 [INF] Executing endpoint 'FoodRegistrationTool.Controllers.ProductController.Details (FoodRegistrationTool)'
2024-11-29 13:05:29.660 +01:00 [INF] Route matched with {action = "Details", controller = "Product", page = "", area = ""}. Executing controller action with signature System.Threading.Tasks.Task`1[Microsoft.AspNetCore.Mvc.IActionResult] Details(Int32) on controller FoodRegistrationTool.Controllers.ProductController (FoodRegistrationTool).
2024-11-29 13:05:29.665 +01:00 [INF] Executing ViewResult, running view Details.
2024-11-29 13:05:29.667 +01:00 [INF] Executed ViewResult - view Details executed in 1.7499ms.
2024-11-29 13:05:29.667 +01:00 [INF] Executed action FoodRegistrationTool.Controllers.ProductController.Details (FoodRegistrationTool) in 6.6109ms
2024-11-29 13:05:29.667 +01:00 [INF] Executed endpoint 'FoodRegistrationTool.Controllers.ProductController.Details (FoodRegistrationTool)'
2024-11-29 13:05:29.667 +01:00 [INF] Request finished HTTP/1.1 GET http://localhost:5015/Product/Details/1 - 200 null text/html; charset=utf-8 7.459ms
2024-11-29 13:05:29.699 +01:00 [INF] Request starting HTTP/1.1 GET http://localhost:5015/js/nutrition-table.js - null null
2024-11-29 13:05:29.699 +01:00 [INF] Request finished HTTP/1.1 GET http://localhost:5015/js/nutrition-table.js - 404 0 null 0.3767ms
2024-11-29 13:05:29.699 +01:00 [INF] Request reached the end of the middleware pipeline without being handled by application code. Request path: GET http://localhost:5015/js/nutrition-table.js, Response status code: 404
2024-11-29 13:06:14.492 +01:00 [INF] Request starting HTTP/1.1 GET http://localhost:5015/ - null null
2024-11-29 13:06:14.493 +01:00 [INF] Executing endpoint 'FoodRegistrationTool.Controllers.HomeController.Index (FoodRegistrationTool)'
2024-11-29 13:06:14.493 +01:00 [INF] Route matched with {action = "Index", controller = "Home", page = "", area = ""}. Executing controller action with signature Microsoft.AspNetCore.Mvc.IActionResult Index() on controller FoodRegistrationTool.Controllers.HomeController (FoodRegistrationTool).
2024-11-29 13:06:14.493 +01:00 [INF] Executing ViewResult, running view Index.
2024-11-29 13:06:14.498 +01:00 [INF] Executed ViewResult - view Index executed in 4.8848ms.
2024-11-29 13:06:14.499 +01:00 [INF] Executed action FoodRegistrationTool.Controllers.HomeController.Index (FoodRegistrationTool) in 5.5576ms
2024-11-29 13:06:14.499 +01:00 [INF] Executed endpoint 'FoodRegistrationTool.Controllers.HomeController.Index (FoodRegistrationTool)'
2024-11-29 13:06:14.499 +01:00 [INF] Request finished HTTP/1.1 GET http://localhost:5015/ - 200 null text/html; charset=utf-8 6.7887ms
2024-11-29 13:33:11.993 +01:00 [INF] Request starting HTTP/1.1 GET http://localhost:5015/Producer/Table - null null
2024-11-29 13:33:11.995 +01:00 [INF] Executing endpoint 'FoodRegistrationTool.Controllers.ProducerController.Table (FoodRegistrationTool)'
2024-11-29 13:33:11.995 +01:00 [INF] Route matched with {action = "Table", controller = "Producer", page = "", area = ""}. Executing controller action with signature System.Threading.Tasks.Task`1[Microsoft.AspNetCore.Mvc.IActionResult] Table() on controller FoodRegistrationTool.Controllers.ProducerController (FoodRegistrationTool).
2024-11-29 13:33:12.001 +01:00 [INF] Executing ViewResult, running view Table.
2024-11-29 13:33:12.010 +01:00 [INF] Executed ViewResult - view Table executed in 9.8327ms.
2024-11-29 13:33:12.010 +01:00 [INF] Executed action FoodRegistrationTool.Controllers.ProducerController.Table (FoodRegistrationTool) in 14.8889ms
2024-11-29 13:33:12.010 +01:00 [INF] Executed endpoint 'FoodRegistrationTool.Controllers.ProducerController.Table (FoodRegistrationTool)'
2024-11-29 13:33:12.010 +01:00 [INF] Request finished HTTP/1.1 GET http://localhost:5015/Producer/Table - 200 null text/html; charset=utf-8 16.8685ms
2024-11-29 13:33:27.136 +01:00 [INF] Request starting HTTP/1.1 GET http://localhost:5015/Product/Table - null null
2024-11-29 13:33:27.136 +01:00 [INF] Executing endpoint 'FoodRegistrationTool.Controllers.ProductController.Table (FoodRegistrationTool)'
2024-11-29 13:33:27.136 +01:00 [INF] Route matched with {action = "Table", controller = "Product", page = "", area = ""}. Executing controller action with signature System.Threading.Tasks.Task`1[Microsoft.AspNetCore.Mvc.IActionResult] Table() on controller FoodRegistrationTool.Controllers.ProductController (FoodRegistrationTool).
2024-11-29 13:33:27.140 +01:00 [INF] Executing ViewResult, running view Table.
2024-11-29 13:33:27.141 +01:00 [INF] Executed ViewResult - view Table executed in 2.1715ms.
2024-11-29 13:33:27.141 +01:00 [INF] Executed action FoodRegistrationTool.Controllers.ProductController.Table (FoodRegistrationTool) in 5.0325ms
2024-11-29 13:33:27.141 +01:00 [INF] Executed endpoint 'FoodRegistrationTool.Controllers.ProductController.Table (FoodRegistrationTool)'
2024-11-29 13:33:27.142 +01:00 [INF] Request finished HTTP/1.1 GET http://localhost:5015/Product/Table - 200 null text/html; charset=utf-8 5.9761ms
2024-11-29 13:33:55.118 +01:00 [INF] Request starting HTTP/1.1 GET http://localhost:5015/Producer/Table - null null
2024-11-29 13:33:55.119 +01:00 [INF] Executing endpoint 'FoodRegistrationTool.Controllers.ProducerController.Table (FoodRegistrationTool)'
2024-11-29 13:33:55.119 +01:00 [INF] Route matched with {action = "Table", controller = "Producer", page = "", area = ""}. Executing controller action with signature System.Threading.Tasks.Task`1[Microsoft.AspNetCore.Mvc.IActionResult] Table() on controller FoodRegistrationTool.Controllers.ProducerController (FoodRegistrationTool).
2024-11-29 13:33:55.122 +01:00 [INF] Executing ViewResult, running view Table.
2024-11-29 13:33:55.129 +01:00 [INF] Executed ViewResult - view Table executed in 6.5149ms.
2024-11-29 13:33:55.129 +01:00 [INF] Executed action FoodRegistrationTool.Controllers.ProducerController.Table (FoodRegistrationTool) in 9.3133ms
2024-11-29 13:33:55.129 +01:00 [INF] Executed endpoint 'FoodRegistrationTool.Controllers.ProducerController.Table (FoodRegistrationTool)'
2024-11-29 13:33:55.129 +01:00 [INF] Request finished HTTP/1.1 GET http://localhost:5015/Producer/Table - 200 null text/html; charset=utf-8 11.0661ms
2024-11-29 13:35:27.015 +01:00 [INF] Request starting HTTP/1.1 GET http://localhost:5015/ - null null
2024-11-29 13:35:27.016 +01:00 [INF] Executing endpoint 'FoodRegistrationTool.Controllers.HomeController.Index (FoodRegistrationTool)'
2024-11-29 13:35:27.016 +01:00 [INF] Route matched with {action = "Index", controller = "Home", page = "", area = ""}. Executing controller action with signature Microsoft.AspNetCore.Mvc.IActionResult Index() on controller FoodRegistrationTool.Controllers.HomeController (FoodRegistrationTool).
2024-11-29 13:35:27.016 +01:00 [INF] Executing ViewResult, running view Index.
2024-11-29 13:35:27.018 +01:00 [INF] Executed ViewResult - view Index executed in 2.5088ms.
2024-11-29 13:35:27.018 +01:00 [INF] Executed action FoodRegistrationTool.Controllers.HomeController.Index (FoodRegistrationTool) in 2.643ms
2024-11-29 13:35:27.018 +01:00 [INF] Executed endpoint 'FoodRegistrationTool.Controllers.HomeController.Index (FoodRegistrationTool)'
2024-11-29 13:35:27.018 +01:00 [INF] Request finished HTTP/1.1 GET http://localhost:5015/ - 200 null text/html; charset=utf-8 3.3141ms
2024-11-29 13:38:55.555 +01:00 [INF] Request starting HTTP/1.1 GET http://localhost:5015/Producer/Table - null null
2024-11-29 13:38:55.556 +01:00 [INF] Executing endpoint 'FoodRegistrationTool.Controllers.ProducerController.Table (FoodRegistrationTool)'
2024-11-29 13:38:55.556 +01:00 [INF] Route matched with {action = "Table", controller = "Producer", page = "", area = ""}. Executing controller action with signature System.Threading.Tasks.Task`1[Microsoft.AspNetCore.Mvc.IActionResult] Table() on controller FoodRegistrationTool.Controllers.ProducerController (FoodRegistrationTool).
2024-11-29 13:38:55.559 +01:00 [INF] Executing ViewResult, running view Table.
2024-11-29 13:38:55.564 +01:00 [INF] Executed ViewResult - view Table executed in 5.5892ms.
2024-11-29 13:38:55.564 +01:00 [INF] Executed action FoodRegistrationTool.Controllers.ProducerController.Table (FoodRegistrationTool) in 8.265ms
2024-11-29 13:38:55.564 +01:00 [INF] Executed endpoint 'FoodRegistrationTool.Controllers.ProducerController.Table (FoodRegistrationTool)'
2024-11-29 13:38:55.565 +01:00 [INF] Request finished HTTP/1.1 GET http://localhost:5015/Producer/Table - 200 null text/html; charset=utf-8 9.0902ms
2024-11-29 13:42:08.360 +01:00 [INF] Request starting HTTP/1.1 GET http://localhost:5015/Product/Table - null null
2024-11-29 13:42:08.360 +01:00 [INF] Executing endpoint 'FoodRegistrationTool.Controllers.ProductController.Table (FoodRegistrationTool)'
2024-11-29 13:42:08.360 +01:00 [INF] Route matched with {action = "Table", controller = "Product", page = "", area = ""}. Executing controller action with signature System.Threading.Tasks.Task`1[Microsoft.AspNetCore.Mvc.IActionResult] Table() on controller FoodRegistrationTool.Controllers.ProductController (FoodRegistrationTool).
2024-11-29 13:42:08.364 +01:00 [INF] Executing ViewResult, running view Table.
2024-11-29 13:42:08.366 +01:00 [INF] Executed ViewResult - view Table executed in 2.1132ms.
2024-11-29 13:42:08.366 +01:00 [INF] Executed action FoodRegistrationTool.Controllers.ProductController.Table (FoodRegistrationTool) in 5.5747ms
2024-11-29 13:42:08.366 +01:00 [INF] Executed endpoint 'FoodRegistrationTool.Controllers.ProductController.Table (FoodRegistrationTool)'
2024-11-29 13:42:08.366 +01:00 [INF] Request finished HTTP/1.1 GET http://localhost:5015/Product/Table - 200 null text/html; charset=utf-8 6.6069ms
2024-11-29 13:43:17.477 +01:00 [INF] Request starting HTTP/1.1 GET http://localhost:5015/Product/Details/1 - null null
2024-11-29 13:43:17.477 +01:00 [INF] Executing endpoint 'FoodRegistrationTool.Controllers.ProductController.Details (FoodRegistrationTool)'
2024-11-29 13:43:17.478 +01:00 [INF] Route matched with {action = "Details", controller = "Product", page = "", area = ""}. Executing controller action with signature System.Threading.Tasks.Task`1[Microsoft.AspNetCore.Mvc.IActionResult] Details(Int32) on controller FoodRegistrationTool.Controllers.ProductController (FoodRegistrationTool).
2024-11-29 13:43:17.486 +01:00 [INF] Executing ViewResult, running view Details.
2024-11-29 13:43:17.488 +01:00 [INF] Executed ViewResult - view Details executed in 3.0377ms.
2024-11-29 13:43:17.488 +01:00 [INF] Executed action FoodRegistrationTool.Controllers.ProductController.Details (FoodRegistrationTool) in 10.4869ms
2024-11-29 13:43:17.489 +01:00 [INF] Executed endpoint 'FoodRegistrationTool.Controllers.ProductController.Details (FoodRegistrationTool)'
2024-11-29 13:43:17.489 +01:00 [INF] Request finished HTTP/1.1 GET http://localhost:5015/Product/Details/1 - 200 null text/html; charset=utf-8 11.9635ms
2024-11-29 13:43:17.523 +01:00 [INF] Request starting HTTP/1.1 GET http://localhost:5015/js/nutrition-table.js - null null
2024-11-29 13:43:17.523 +01:00 [INF] Request finished HTTP/1.1 GET http://localhost:5015/js/nutrition-table.js - 404 0 null 0.3254ms
2024-11-29 13:43:17.523 +01:00 [INF] Request reached the end of the middleware pipeline without being handled by application code. Request path: GET http://localhost:5015/js/nutrition-table.js, Response status code: 404
2024-11-29 13:45:12.314 +01:00 [INF] Request starting HTTP/1.1 GET http://localhost:5015/Product/Details/1 - null null
2024-11-29 13:45:12.315 +01:00 [INF] Executing endpoint 'FoodRegistrationTool.Controllers.ProductController.Details (FoodRegistrationTool)'
2024-11-29 13:45:12.315 +01:00 [INF] Route matched with {action = "Details", controller = "Product", page = "", area = ""}. Executing controller action with signature System.Threading.Tasks.Task`1[Microsoft.AspNetCore.Mvc.IActionResult] Details(Int32) on controller FoodRegistrationTool.Controllers.ProductController (FoodRegistrationTool).
2024-11-29 13:45:12.322 +01:00 [INF] Executing ViewResult, running view Details.
2024-11-29 13:45:12.324 +01:00 [INF] Executed ViewResult - view Details executed in 1.354ms.
2024-11-29 13:45:12.324 +01:00 [INF] Executed action FoodRegistrationTool.Controllers.ProductController.Details (FoodRegistrationTool) in 8.7437ms
2024-11-29 13:45:12.324 +01:00 [INF] Executed endpoint 'FoodRegistrationTool.Controllers.ProductController.Details (FoodRegistrationTool)'
2024-11-29 13:45:12.324 +01:00 [INF] Request finished HTTP/1.1 GET http://localhost:5015/Product/Details/1 - 200 null text/html; charset=utf-8 9.9806ms
2024-11-29 13:45:12.361 +01:00 [INF] Request starting HTTP/1.1 GET http://localhost:5015/js/nutrition-table.js - null null
2024-11-29 13:45:12.361 +01:00 [INF] Request finished HTTP/1.1 GET http://localhost:5015/js/nutrition-table.js - 404 0 null 0.2873ms
2024-11-29 13:45:12.361 +01:00 [INF] Request reached the end of the middleware pipeline without being handled by application code. Request path: GET http://localhost:5015/js/nutrition-table.js, Response status code: 404
2024-11-29 13:45:13.719 +01:00 [INF] Request starting HTTP/1.1 GET http://localhost:5015/Product/Update/1 - null null
2024-11-29 13:45:13.722 +01:00 [INF] Authorization failed. These requirements were not met:
DenyAnonymousAuthorizationRequirement: Requires an authenticated user.
2024-11-29 13:45:13.724 +01:00 [INF] AuthenticationScheme: Identity.Application was challenged.
2024-11-29 13:45:13.724 +01:00 [INF] Request finished HTTP/1.1 GET http://localhost:5015/Product/Update/1 - 302 0 null 5.1182ms
2024-11-29 13:45:13.725 +01:00 [INF] Request starting HTTP/1.1 GET http://localhost:5015/Identity/Account/Login?ReturnUrl=%2FProduct%2FUpdate%2F1 - null null
2024-11-29 13:45:13.726 +01:00 [INF] Executing endpoint '/Account/Login'
2024-11-29 13:45:13.735 +01:00 [INF] Route matched with {page = "/Account/Login", area = "Identity", action = "", controller = ""}. Executing page /Account/Login
2024-11-29 13:45:13.748 +01:00 [INF] Executing handler method FoodRegistrationTool.Areas.Identity.Pages.Account.LoginModel.OnGetAsync - ModelState is "Valid"
2024-11-29 13:45:13.752 +01:00 [INF] AuthenticationScheme: Identity.External signed out.
2024-11-29 13:45:13.753 +01:00 [INF] Executed handler method OnGetAsync, returned result .
2024-11-29 13:45:13.754 +01:00 [INF] Executing an implicit handler method - ModelState is "Valid"
2024-11-29 13:45:13.754 +01:00 [INF] Executed an implicit handler method, returned result Microsoft.AspNetCore.Mvc.RazorPages.PageResult.
2024-11-29 13:45:13.776 +01:00 [INF] Executed page /Account/Login in 41.288ms
2024-11-29 13:45:13.776 +01:00 [INF] Executed endpoint '/Account/Login'
2024-11-29 13:45:13.776 +01:00 [INF] Request finished HTTP/1.1 GET http://localhost:5015/Identity/Account/Login?ReturnUrl=%2FProduct%2FUpdate%2F1 - 200 null text/html; charset=utf-8 51.0864ms
2024-11-29 13:45:13.789 +01:00 [INF] Request starting HTTP/1.1 GET http://localhost:5015/lib/jquery-validation/dist/jquery.validate.min.js - null null
2024-11-29 13:45:13.789 +01:00 [INF] Request starting HTTP/1.1 GET http://localhost:5015/lib/jquery-validation-unobtrusive/jquery.validate.unobtrusive.min.js - null null
2024-11-29 13:45:13.789 +01:00 [INF] The file /lib/jquery-validation-unobtrusive/jquery.validate.unobtrusive.min.js was not modified
2024-11-29 13:45:13.789 +01:00 [INF] The file /lib/jquery-validation/dist/jquery.validate.min.js was not modified
2024-11-29 13:45:13.790 +01:00 [INF] Request finished HTTP/1.1 GET http://localhost:5015/lib/jquery-validation-unobtrusive/jquery.validate.unobtrusive.min.js - 304 null text/javascript 0.1794ms
2024-11-29 13:45:13.790 +01:00 [INF] Request finished HTTP/1.1 GET http://localhost:5015/lib/jquery-validation/dist/jquery.validate.min.js - 304 null text/javascript 0.3101ms
2024-11-29 13:45:22.100 +01:00 [INF] Request starting HTTP/1.1 GET http://localhost:5015/Product/Update/1 - null null
2024-11-29 13:45:22.103 +01:00 [INF] Authorization failed. These requirements were not met:
DenyAnonymousAuthorizationRequirement: Requires an authenticated user.
2024-11-29 13:45:22.103 +01:00 [INF] AuthenticationScheme: Identity.Application was challenged.
2024-11-29 13:45:22.103 +01:00 [INF] Request finished HTTP/1.1 GET http://localhost:5015/Product/Update/1 - 302 0 null 3.4305ms
2024-11-29 13:45:22.105 +01:00 [INF] Request starting HTTP/1.1 GET http://localhost:5015/Identity/Account/Login?ReturnUrl=%2FProduct%2FUpdate%2F1 - null null
2024-11-29 13:45:22.109 +01:00 [INF] Executing endpoint '/Account/Login'
2024-11-29 13:45:22.110 +01:00 [INF] Route matched with {page = "/Account/Login", area = "Identity", action = "", controller = ""}. Executing page /Account/Login
2024-11-29 13:45:22.113 +01:00 [INF] Executing handler method FoodRegistrationTool.Areas.Identity.Pages.Account.LoginModel.OnGetAsync - ModelState is "Valid"
2024-11-29 13:45:22.113 +01:00 [INF] AuthenticationScheme: Identity.External signed out.
2024-11-29 13:45:22.113 +01:00 [INF] Executed handler method OnGetAsync, returned result .
2024-11-29 13:45:22.113 +01:00 [INF] Executing an implicit handler method - ModelState is "Valid"
2024-11-29 13:45:22.113 +01:00 [INF] Executed an implicit handler method, returned result Microsoft.AspNetCore.Mvc.RazorPages.PageResult.
2024-11-29 13:45:22.116 +01:00 [INF] Executed page /Account/Login in 6.074ms
2024-11-29 13:45:22.116 +01:00 [INF] Executed endpoint '/Account/Login'
2024-11-29 13:45:22.116 +01:00 [INF] Request finished HTTP/1.1 GET http://localhost:5015/Identity/Account/Login?ReturnUrl=%2FProduct%2FUpdate%2F1 - 200 null text/html; charset=utf-8 10.8509ms
2024-11-29 13:45:33.045 +01:00 [INF] Request starting HTTP/1.1 POST http://localhost:5015/Identity/Account/Login?ReturnUrl=%2FProduct%2FUpdate%2F1 - application/x-www-form-urlencoded 271
2024-11-29 13:45:33.046 +01:00 [INF] Executing endpoint '/Account/Login'
2024-11-29 13:45:33.046 +01:00 [INF] Route matched with {page = "/Account/Login", area = "Identity", action = "", controller = ""}. Executing page /Account/Login
2024-11-29 13:45:33.060 +01:00 [INF] Executing handler method FoodRegistrationTool.Areas.Identity.Pages.Account.LoginModel.OnPostAsync - ModelState is "Valid"
2024-11-29 13:45:33.151 +01:00 [INF] AuthenticationScheme: Identity.Application signed in.
2024-11-29 13:45:33.151 +01:00 [INF] User logged in.
2024-11-29 13:45:33.152 +01:00 [INF] Executed handler method OnPostAsync, returned result Microsoft.AspNetCore.Mvc.LocalRedirectResult.
2024-11-29 13:45:33.152 +01:00 [INF] Executing LocalRedirectResult, redirecting to /Product/Update/1.
2024-11-29 13:45:33.152 +01:00 [INF] Executed page /Account/Login in 105.6298ms
2024-11-29 13:45:33.152 +01:00 [INF] Executed endpoint '/Account/Login'
2024-11-29 13:45:33.152 +01:00 [INF] Request finished HTTP/1.1 POST http://localhost:5015/Identity/Account/Login?ReturnUrl=%2FProduct%2FUpdate%2F1 - 302 0 null 106.8178ms
2024-11-29 13:45:33.156 +01:00 [INF] Request starting HTTP/1.1 GET http://localhost:5015/Product/Update/1 - null null
2024-11-29 13:45:33.157 +01:00 [INF] Executing endpoint 'FoodRegistrationTool.Controllers.ProductController.Update (FoodRegistrationTool)'
2024-11-29 13:45:33.158 +01:00 [INF] Route matched with {action = "Update", controller = "Product", page = "", area = ""}. Executing controller action with signature System.Threading.Tasks.Task`1[Microsoft.AspNetCore.Mvc.IActionResult] Update(Int32) on controller FoodRegistrationTool.Controllers.ProductController (FoodRegistrationTool).
2024-11-29 13:45:33.158 +01:00 [INF] Executing ViewResult, running view Update.
2024-11-29 13:45:33.171 +01:00 [INF] Executed ViewResult - view Update executed in 12.7854ms.
2024-11-29 13:45:33.171 +01:00 [INF] Executed action FoodRegistrationTool.Controllers.ProductController.Update (FoodRegistrationTool) in 13.4378ms
2024-11-29 13:45:33.171 +01:00 [INF] Executed endpoint 'FoodRegistrationTool.Controllers.ProductController.Update (FoodRegistrationTool)'
2024-11-29 13:45:33.171 +01:00 [INF] Request finished HTTP/1.1 GET http://localhost:5015/Product/Update/1 - 200 null text/html; charset=utf-8 15.7887ms
2024-11-29 13:45:33.188 +01:00 [INF] Request starting HTTP/1.1 GET http://localhost:5015/js/nutrition.js - null null
2024-11-29 13:45:33.190 +01:00 [INF] Sending file. Request path: '/js/nutrition.js'. Physical path: '/Users/kjellwiggo/Developer/GitHub/itpe3200/FoodRegistrationTool/wwwroot/js/nutrition.js'
2024-11-29 13:45:33.190 +01:00 [INF] Request finished HTTP/1.1 GET http://localhost:5015/js/nutrition.js - 200 2971 text/javascript 1.9173ms
2024-11-29 13:45:50.507 +01:00 [INF] Request starting HTTP/1.1 GET http://localhost:5015/Product/Table - null null
2024-11-29 13:45:50.511 +01:00 [INF] Executing endpoint 'FoodRegistrationTool.Controllers.ProductController.Table (FoodRegistrationTool)'
2024-11-29 13:45:50.511 +01:00 [INF] Route matched with {action = "Table", controller = "Product", page = "", area = ""}. Executing controller action with signature System.Threading.Tasks.Task`1[Microsoft.AspNetCore.Mvc.IActionResult] Table() on controller FoodRegistrationTool.Controllers.ProductController (FoodRegistrationTool).
2024-11-29 13:45:50.512 +01:00 [INF] Executing ViewResult, running view Table.
2024-11-29 13:45:50.513 +01:00 [INF] Executed ViewResult - view Table executed in 1.4979ms.
2024-11-29 13:45:50.514 +01:00 [INF] Executed action FoodRegistrationTool.Controllers.ProductController.Table (FoodRegistrationTool) in 2.6432ms
2024-11-29 13:45:50.514 +01:00 [INF] Executed endpoint 'FoodRegistrationTool.Controllers.ProductController.Table (FoodRegistrationTool)'
2024-11-29 13:45:50.514 +01:00 [INF] Request finished HTTP/1.1 GET http://localhost:5015/Product/Table - 200 null text/html; charset=utf-8 7.2102ms
2024-11-29 13:45:54.243 +01:00 [INF] Request starting HTTP/1.1 GET http://localhost:5015/Product/Delete/1 - null null
2024-11-29 13:45:54.247 +01:00 [INF] Executing endpoint 'FoodRegistrationTool.Controllers.ProductController.Delete (FoodRegistrationTool)'
2024-11-29 13:45:54.251 +01:00 [INF] Route matched with {action = "Delete", controller = "Product", page = "", area = ""}. Executing controller action with signature System.Threading.Tasks.Task`1[Microsoft.AspNetCore.Mvc.IActionResult] Delete(Int32) on controller FoodRegistrationTool.Controllers.ProductController (FoodRegistrationTool).
2024-11-29 13:45:54.254 +01:00 [INF] Executing ViewResult, running view Delete.
2024-11-29 13:45:54.258 +01:00 [INF] Executed ViewResult - view Delete executed in 4.8634ms.
2024-11-29 13:45:54.258 +01:00 [INF] Executed action FoodRegistrationTool.Controllers.ProductController.Delete (FoodRegistrationTool) in 7.0134ms
2024-11-29 13:45:54.258 +01:00 [INF] Executed endpoint 'FoodRegistrationTool.Controllers.ProductController.Delete (FoodRegistrationTool)'
2024-11-29 13:45:54.258 +01:00 [INF] Request finished HTTP/1.1 GET http://localhost:5015/Product/Delete/1 - 200 null text/html; charset=utf-8 15.1193ms
2024-11-29 13:46:02.176 +01:00 [INF] Request starting HTTP/1.1 GET http://localhost:5015/ - null null
2024-11-29 13:46:02.178 +01:00 [INF] Executing endpoint 'FoodRegistrationTool.Controllers.HomeController.Index (FoodRegistrationTool)'
2024-11-29 13:46:02.178 +01:00 [INF] Route matched with {action = "Index", controller = "Home", page = "", area = ""}. Executing controller action with signature Microsoft.AspNetCore.Mvc.IActionResult Index() on controller FoodRegistrationTool.Controllers.HomeController (FoodRegistrationTool).
2024-11-29 13:46:02.179 +01:00 [INF] Executing ViewResult, running view Index.
2024-11-29 13:46:02.180 +01:00 [INF] Executed ViewResult - view Index executed in 1.0907ms.
2024-11-29 13:46:02.180 +01:00 [INF] Executed action FoodRegistrationTool.Controllers.HomeController.Index (FoodRegistrationTool) in 1.2741ms
2024-11-29 13:46:02.180 +01:00 [INF] Executed endpoint 'FoodRegistrationTool.Controllers.HomeController.Index (FoodRegistrationTool)'
2024-11-29 13:46:02.180 +01:00 [INF] Request finished HTTP/1.1 GET http://localhost:5015/ - 200 null text/html; charset=utf-8 3.9224ms
2024-11-29 13:49:33.744 +01:00 [INF] Application is shutting down...
