2024-11-28 13:26:15.757 +01:00 [INF] User profile is available. Using 'C:\Users\Mats\AppData\Local\ASP.NET\DataProtection-Keys' as key repository and Windows DPAPI to encrypt keys at rest.
2024-11-28 13:26:15.929 +01:00 [INF] Now listening on: http://localhost:5015
2024-11-28 13:26:15.935 +01:00 [INF] Application started. Press Ctrl+C to shut down.
2024-11-28 13:26:15.936 +01:00 [INF] Hosting environment: Development
2024-11-28 13:26:15.936 +01:00 [INF] Content root path: C:\Users\Mats\OneDrive - OsloMet\Dokumenter\WebApp høst2024\itpe3200-comments\itpe3200\FoodRegistrationTool
2024-11-28 13:27:06.654 +01:00 [INF] Request starting HTTP/1.1 GET http://localhost:5015/ - null null
2024-11-28 13:27:06.670 +01:00 [WRN] Failed to determine the https port for redirect.
2024-11-28 13:27:06.732 +01:00 [INF] Executing endpoint 'FoodRegistrationTool.Controllers.HomeController.Index (FoodRegistrationTool)'
2024-11-28 13:27:06.767 +01:00 [INF] Route matched with {action = "Index", controller = "Home", page = "", area = ""}. Executing controller action with signature Microsoft.AspNetCore.Mvc.IActionResult Index() on controller FoodRegistrationTool.Controllers.HomeController (FoodRegistrationTool).
2024-11-28 13:27:06.782 +01:00 [INF] Executing ViewResult, running view Index.
2024-11-28 13:27:08.368 +01:00 [INF] Executed ViewResult - view Index executed in 1590.7957ms.
2024-11-28 13:27:08.371 +01:00 [INF] Executed action FoodRegistrationTool.Controllers.HomeController.Index (FoodRegistrationTool) in 1603.6413ms
2024-11-28 13:27:08.371 +01:00 [INF] Executed endpoint 'FoodRegistrationTool.Controllers.HomeController.Index (FoodRegistrationTool)'
2024-11-28 13:27:08.388 +01:00 [INF] Request finished HTTP/1.1 GET http://localhost:5015/ - 200 null text/html; charset=utf-8 1736.0284ms
2024-11-28 13:27:08.415 +01:00 [INF] Request starting HTTP/1.1 GET http://localhost:5015/css/site.css?v=bDciQd30kIFES_3ERSF99iBBtqFgKtgaEW0GYsrGsms - null null
2024-11-28 13:27:08.440 +01:00 [INF] Sending file. Request path: '/css/site.css'. Physical path: 'C:\Users\Mats\OneDrive - OsloMet\Dokumenter\WebApp høst2024\itpe3200-comments\itpe3200\FoodRegistrationTool\wwwroot\css\site.css'
2024-11-28 13:27:08.441 +01:00 [INF] Request finished HTTP/1.1 GET http://localhost:5015/css/site.css?v=bDciQd30kIFES_3ERSF99iBBtqFgKtgaEW0GYsrGsms - 200 3682 text/css 26.1086ms
2024-11-28 13:27:08.459 +01:00 [INF] Request starting HTTP/1.1 GET http://localhost:5015/css/bootstrap-icons/font/bootstrap-icons.min.css - null null
2024-11-28 13:27:08.462 +01:00 [INF] Request starting HTTP/1.1 GET http://localhost:5015/FoodRegistrationTool.styles.css?v=ShEKwPi8cRC2FGUFedJlzzoAXx7f5UlFYY-ihr3NTDk - null null
2024-11-28 13:27:08.464 +01:00 [INF] Sending file. Request path: '/FoodRegistrationTool.styles.css'. Physical path: 'C:\Users\Mats\OneDrive - OsloMet\Dokumenter\WebApp høst2024\itpe3200-comments\itpe3200\FoodRegistrationTool\obj\Debug\net8.0\scopedcss\bundle\FoodRegistrationTool.styles.css'
2024-11-28 13:27:08.464 +01:00 [INF] Sending file. Request path: '/css/bootstrap-icons/font/bootstrap-icons.min.css'. Physical path: 'C:\Users\Mats\OneDrive - OsloMet\Dokumenter\WebApp høst2024\itpe3200-comments\itpe3200\FoodRegistrationTool\wwwroot\css\bootstrap-icons\font\bootstrap-icons.min.css'
2024-11-28 13:27:08.464 +01:00 [INF] Request finished HTTP/1.1 GET http://localhost:5015/FoodRegistrationTool.styles.css?v=ShEKwPi8cRC2FGUFedJlzzoAXx7f5UlFYY-ihr3NTDk - 200 1301 text/css 1.5824ms
2024-11-28 13:27:08.464 +01:00 [INF] Request finished HTTP/1.1 GET http://localhost:5015/css/bootstrap-icons/font/bootstrap-icons.min.css - 200 85879 text/css 5.2992ms
2024-11-28 13:27:08.467 +01:00 [INF] Request starting HTTP/1.1 GET http://localhost:5015/js/bootstrap.js - null null
2024-11-28 13:27:08.467 +01:00 [INF] Request starting HTTP/1.1 GET http://localhost:5015/js/jquery.min.js - null null
2024-11-28 13:27:08.467 +01:00 [INF] Request starting HTTP/1.1 GET http://localhost:5015/js/table-nutrition.js - null null
2024-11-28 13:27:08.469 +01:00 [INF] Sending file. Request path: '/js/table-nutrition.js'. Physical path: 'C:\Users\Mats\OneDrive - OsloMet\Dokumenter\WebApp høst2024\itpe3200-comments\itpe3200\FoodRegistrationTool\wwwroot\js\table-nutrition.js'
2024-11-28 13:27:08.469 +01:00 [INF] Request finished HTTP/1.1 GET http://localhost:5015/js/table-nutrition.js - 200 1293 text/javascript 1.7909ms
2024-11-28 13:27:08.469 +01:00 [INF] Request starting HTTP/1.1 GET http://localhost:5015/js/jquery.validate.unobtrusive.js - null null
2024-11-28 13:27:08.469 +01:00 [INF] Request starting HTTP/1.1 GET http://localhost:5015/js/jquery.validate.js - null null
2024-11-28 13:27:08.470 +01:00 [INF] Sending file. Request path: '/js/jquery.min.js'. Physical path: 'C:\Users\Mats\OneDrive - OsloMet\Dokumenter\WebApp høst2024\itpe3200-comments\itpe3200\FoodRegistrationTool\wwwroot\js\jquery.min.js'
2024-11-28 13:27:08.470 +01:00 [INF] Request finished HTTP/1.1 GET http://localhost:5015/js/jquery.min.js - 200 87535 text/javascript 2.5058ms
2024-11-28 13:27:08.471 +01:00 [INF] Sending file. Request path: '/js/jquery.validate.unobtrusive.js'. Physical path: 'C:\Users\Mats\OneDrive - OsloMet\Dokumenter\WebApp høst2024\itpe3200-comments\itpe3200\FoodRegistrationTool\wwwroot\js\jquery.validate.unobtrusive.js'
2024-11-28 13:27:08.471 +01:00 [INF] Request finished HTTP/1.1 GET http://localhost:5015/js/jquery.validate.unobtrusive.js - 200 19820 text/javascript 1.4367ms
2024-11-28 13:27:08.472 +01:00 [INF] Sending file. Request path: '/js/jquery.validate.js'. Physical path: 'C:\Users\Mats\OneDrive - OsloMet\Dokumenter\WebApp høst2024\itpe3200-comments\itpe3200\FoodRegistrationTool\wwwroot\js\jquery.validate.js'
2024-11-28 13:27:08.473 +01:00 [INF] Request finished HTTP/1.1 GET http://localhost:5015/js/jquery.validate.js - 200 54238 text/javascript 2.8174ms
2024-11-28 13:27:08.477 +01:00 [INF] Request starting HTTP/1.1 GET http://localhost:5015/images/carousel3.jpg - null null
2024-11-28 13:27:08.479 +01:00 [INF] Request starting HTTP/1.1 GET http://localhost:5015/images/carousel2.jpg - null null
2024-11-28 13:27:08.480 +01:00 [INF] Sending file. Request path: '/js/bootstrap.js'. Physical path: 'C:\Users\Mats\OneDrive - OsloMet\Dokumenter\WebApp høst2024\itpe3200-comments\itpe3200\FoodRegistrationTool\wwwroot\js\bootstrap.js'
2024-11-28 13:27:08.480 +01:00 [INF] Request finished HTTP/1.1 GET http://localhost:5015/js/bootstrap.js - 200 149895 text/javascript 13.0347ms
2024-11-28 13:27:08.491 +01:00 [INF] Sending file. Request path: '/images/carousel2.jpg'. Physical path: 'C:\Users\Mats\OneDrive - OsloMet\Dokumenter\WebApp høst2024\itpe3200-comments\itpe3200\FoodRegistrationTool\wwwroot\images\carousel2.jpg'
2024-11-28 13:27:08.492 +01:00 [INF] Request finished HTTP/1.1 GET http://localhost:5015/images/carousel2.jpg - 200 283463 image/jpeg 13.084ms
2024-11-28 13:27:08.517 +01:00 [INF] Request starting HTTP/1.1 GET http://localhost:5015/images/carousel1.jpg - null null
2024-11-28 13:27:08.519 +01:00 [INF] Sending file. Request path: '/images/carousel1.jpg'. Physical path: 'C:\Users\Mats\OneDrive - OsloMet\Dokumenter\WebApp høst2024\itpe3200-comments\itpe3200\FoodRegistrationTool\wwwroot\images\carousel1.jpg'
2024-11-28 13:27:08.519 +01:00 [INF] Request finished HTTP/1.1 GET http://localhost:5015/images/carousel1.jpg - 200 204733 image/jpeg 2.6368ms
2024-11-28 13:27:08.530 +01:00 [INF] Sending file. Request path: '/images/carousel3.jpg'. Physical path: 'C:\Users\Mats\OneDrive - OsloMet\Dokumenter\WebApp høst2024\itpe3200-comments\itpe3200\FoodRegistrationTool\wwwroot\images\carousel3.jpg'
2024-11-28 13:27:08.531 +01:00 [INF] Request finished HTTP/1.1 GET http://localhost:5015/images/carousel3.jpg - 200 1721288 image/jpeg 53.3162ms
2024-11-28 13:27:08.534 +01:00 [INF] Request starting HTTP/1.1 GET http://localhost:5015/lib/jquery/dist/jquery.min.js - null null
2024-11-28 13:27:08.536 +01:00 [INF] Sending file. Request path: '/lib/jquery/dist/jquery.min.js'. Physical path: 'C:\Users\Mats\OneDrive - OsloMet\Dokumenter\WebApp høst2024\itpe3200-comments\itpe3200\FoodRegistrationTool\wwwroot\lib\jquery\dist\jquery.min.js'
2024-11-28 13:27:08.536 +01:00 [INF] Request finished HTTP/1.1 GET http://localhost:5015/lib/jquery/dist/jquery.min.js - 200 89503 text/javascript 2.2507ms
2024-11-28 13:27:08.549 +01:00 [INF] Request starting HTTP/1.1 GET http://localhost:5015/js/site.js?v=hRQyftXiu1lLX2P9Ly9xa4gHJgLeR1uGN5qegUobtGo - null null
2024-11-28 13:27:08.549 +01:00 [INF] Request starting HTTP/1.1 GET http://localhost:5015/lib/bootstrap/dist/js/bootstrap.bundle.min.js - null null
2024-11-28 13:27:08.550 +01:00 [INF] Sending file. Request path: '/js/site.js'. Physical path: 'C:\Users\Mats\OneDrive - OsloMet\Dokumenter\WebApp høst2024\itpe3200-comments\itpe3200\FoodRegistrationTool\wwwroot\js\site.js'
2024-11-28 13:27:08.550 +01:00 [INF] Request finished HTTP/1.1 GET http://localhost:5015/js/site.js?v=hRQyftXiu1lLX2P9Ly9xa4gHJgLeR1uGN5qegUobtGo - 200 231 text/javascript 1.2083ms
2024-11-28 13:27:08.550 +01:00 [INF] Sending file. Request path: '/lib/bootstrap/dist/js/bootstrap.bundle.min.js'. Physical path: 'C:\Users\Mats\OneDrive - OsloMet\Dokumenter\WebApp høst2024\itpe3200-comments\itpe3200\FoodRegistrationTool\wwwroot\lib\bootstrap\dist\js\bootstrap.bundle.min.js'
2024-11-28 13:27:08.550 +01:00 [INF] Request finished HTTP/1.1 GET http://localhost:5015/lib/bootstrap/dist/js/bootstrap.bundle.min.js - 200 78474 text/javascript 1.5493ms
2024-11-28 13:27:10.429 +01:00 [INF] Request starting HTTP/1.1 GET http://localhost:5015/css/bootstrap-icons/font/fonts/bootstrap-icons.woff2?dd67030699838ea613ee6dbda90effa6 - null null
2024-11-28 13:27:10.434 +01:00 [INF] Sending file. Request path: '/css/bootstrap-icons/font/fonts/bootstrap-icons.woff2'. Physical path: 'C:\Users\Mats\OneDrive - OsloMet\Dokumenter\WebApp høst2024\itpe3200-comments\itpe3200\FoodRegistrationTool\wwwroot\css\bootstrap-icons\font\fonts\bootstrap-icons.woff2'
2024-11-28 13:27:10.435 +01:00 [INF] Request finished HTTP/1.1 GET http://localhost:5015/css/bootstrap-icons/font/fonts/bootstrap-icons.woff2?dd67030699838ea613ee6dbda90effa6 - 200 130396 font/woff2 6.5384ms
2024-11-28 13:27:11.880 +01:00 [INF] Request starting HTTP/1.1 GET http://localhost:5015/Producer/Table - null null
2024-11-28 13:27:11.886 +01:00 [INF] Executing endpoint 'FoodRegistrationTool.Controllers.ProducerController.Table (FoodRegistrationTool)'
2024-11-28 13:27:11.903 +01:00 [INF] Route matched with {action = "Table", controller = "Producer", page = "", area = ""}. Executing controller action with signature System.Threading.Tasks.Task`1[Microsoft.AspNetCore.Mvc.IActionResult] Table() on controller FoodRegistrationTool.Controllers.ProducerController (FoodRegistrationTool).
2024-11-28 13:27:12.703 +01:00 [INF] Executing ViewResult, running view Table.
2024-11-28 13:27:13.115 +01:00 [INF] Request starting HTTP/1.1 GET http://localhost:5015/Product/Table - null null
2024-11-28 13:27:13.123 +01:00 [INF] Executing endpoint 'FoodRegistrationTool.Controllers.ProductController.Table (FoodRegistrationTool)'
2024-11-28 13:27:13.130 +01:00 [INF] Route matched with {action = "Table", controller = "Product", page = "", area = ""}. Executing controller action with signature System.Threading.Tasks.Task`1[Microsoft.AspNetCore.Mvc.IActionResult] Table() on controller FoodRegistrationTool.Controllers.ProductController (FoodRegistrationTool).
2024-11-28 13:27:13.222 +01:00 [INF] Executed ViewResult - view Table executed in 521.0362ms.
2024-11-28 13:27:13.223 +01:00 [INF] Executed action FoodRegistrationTool.Controllers.ProducerController.Table (FoodRegistrationTool) in 1319.1422ms
2024-11-28 13:27:13.223 +01:00 [INF] Executed endpoint 'FoodRegistrationTool.Controllers.ProducerController.Table (FoodRegistrationTool)'
2024-11-28 13:27:13.227 +01:00 [INF] Request finished HTTP/1.1 GET http://localhost:5015/Producer/Table - 200 null text/html; charset=utf-8 1347.2265ms
2024-11-28 13:27:13.350 +01:00 [INF] Executing ViewResult, running view Table.
2024-11-28 13:27:13.417 +01:00 [INF] Executed ViewResult - view Table executed in 68.4883ms.
2024-11-28 13:27:13.417 +01:00 [INF] Executed action FoodRegistrationTool.Controllers.ProductController.Table (FoodRegistrationTool) in 287.0709ms
2024-11-28 13:27:13.418 +01:00 [INF] Executed endpoint 'FoodRegistrationTool.Controllers.ProductController.Table (FoodRegistrationTool)'
2024-11-28 13:27:13.418 +01:00 [INF] Request finished HTTP/1.1 GET http://localhost:5015/Product/Table - 200 null text/html; charset=utf-8 303.1129ms
2024-11-28 13:27:13.472 +01:00 [INF] Request starting HTTP/1.1 GET http://localhost:5015/images/clientImages/bigone.png - null null
2024-11-28 13:27:13.478 +01:00 [INF] Sending file. Request path: '/images/clientImages/bigone.png'. Physical path: 'C:\Users\Mats\OneDrive - OsloMet\Dokumenter\WebApp høst2024\itpe3200-comments\itpe3200\FoodRegistrationTool\wwwroot\images\clientImages\bigone.png'
2024-11-28 13:27:13.478 +01:00 [INF] Request finished HTTP/1.1 GET http://localhost:5015/images/clientImages/bigone.png - 200 257774 image/png 5.8746ms
2024-11-28 13:27:13.489 +01:00 [INF] Request starting HTTP/1.1 GET http://localhost:5015/images/clientImages/grandiosa245713709.jpg - null null
2024-11-28 13:27:13.489 +01:00 [INF] Request starting HTTP/1.1 GET http://localhost:5015/images/clientImages/lettmelk244059799.jpg - null null
2024-11-28 13:27:13.490 +01:00 [INF] Request starting HTTP/1.1 GET http://localhost:5015/images/clientImages/laarfilet243901232.jpg - null null
2024-11-28 13:27:13.491 +01:00 [INF] Sending file. Request path: '/images/clientImages/laarfilet243901232.jpg'. Physical path: 'C:\Users\Mats\OneDrive - OsloMet\Dokumenter\WebApp høst2024\itpe3200-comments\itpe3200\FoodRegistrationTool\wwwroot\images\clientImages\laarfilet243901232.jpg'
2024-11-28 13:27:13.492 +01:00 [INF] Request finished HTTP/1.1 GET http://localhost:5015/images/clientImages/laarfilet243901232.jpg - 200 42476 image/jpeg 2.3216ms
2024-11-28 13:27:13.492 +01:00 [INF] Sending file. Request path: '/images/clientImages/lettmelk244059799.jpg'. Physical path: 'C:\Users\Mats\OneDrive - OsloMet\Dokumenter\WebApp høst2024\itpe3200-comments\itpe3200\FoodRegistrationTool\wwwroot\images\clientImages\lettmelk244059799.jpg'
2024-11-28 13:27:13.492 +01:00 [INF] Request finished HTTP/1.1 GET http://localhost:5015/images/clientImages/lettmelk244059799.jpg - 200 62205 image/jpeg 3.1755ms
2024-11-28 13:27:13.493 +01:00 [INF] Sending file. Request path: '/images/clientImages/grandiosa245713709.jpg'. Physical path: 'C:\Users\Mats\OneDrive - OsloMet\Dokumenter\WebApp høst2024\itpe3200-comments\itpe3200\FoodRegistrationTool\wwwroot\images\clientImages\grandiosa245713709.jpg'
2024-11-28 13:27:13.493 +01:00 [INF] Request finished HTTP/1.1 GET http://localhost:5015/images/clientImages/grandiosa245713709.jpg - 200 152629 image/jpeg 4.3619ms
2024-11-28 13:27:20.500 +01:00 [INF] Request starting HTTP/1.1 GET http://localhost:5015/Product/Grid - null null
2024-11-28 13:27:20.504 +01:00 [INF] Executing endpoint 'FoodRegistrationTool.Controllers.ProductController.Grid (FoodRegistrationTool)'
2024-11-28 13:27:20.511 +01:00 [INF] Route matched with {action = "Grid", controller = "Product", page = "", area = ""}. Executing controller action with signature System.Threading.Tasks.Task`1[Microsoft.AspNetCore.Mvc.IActionResult] Grid() on controller FoodRegistrationTool.Controllers.ProductController (FoodRegistrationTool).
2024-11-28 13:27:20.528 +01:00 [INF] Executing ViewResult, running view Grid.
2024-11-28 13:27:20.551 +01:00 [INF] Executed ViewResult - view Grid executed in 25.298ms.
2024-11-28 13:27:20.552 +01:00 [INF] Executed action FoodRegistrationTool.Controllers.ProductController.Grid (FoodRegistrationTool) in 40.665ms
2024-11-28 13:27:20.552 +01:00 [INF] Executed endpoint 'FoodRegistrationTool.Controllers.ProductController.Grid (FoodRegistrationTool)'
2024-11-28 13:27:20.552 +01:00 [INF] Request finished HTTP/1.1 GET http://localhost:5015/Product/Grid - 200 null text/html; charset=utf-8 51.7606ms
2024-11-28 13:27:20.593 +01:00 [INF] Request starting HTTP/1.1 GET http://localhost:5015/FoodRegistrationTool.styles.css?v=ShEKwPi8cRC2FGUFedJlzzoAXx7f5UlFYY-ihr3NTDk - null null
2024-11-28 13:27:20.597 +01:00 [INF] The file /FoodRegistrationTool.styles.css was not modified
2024-11-28 13:27:20.597 +01:00 [INF] Request finished HTTP/1.1 GET http://localhost:5015/FoodRegistrationTool.styles.css?v=ShEKwPi8cRC2FGUFedJlzzoAXx7f5UlFYY-ihr3NTDk - 304 null text/css 3.7587ms
2024-11-28 13:27:21.469 +01:00 [INF] Request starting HTTP/1.1 GET http://localhost:5015/Product/Table - null null
2024-11-28 13:27:21.469 +01:00 [INF] Executing endpoint 'FoodRegistrationTool.Controllers.ProductController.Table (FoodRegistrationTool)'
2024-11-28 13:27:21.469 +01:00 [INF] Route matched with {action = "Table", controller = "Product", page = "", area = ""}. Executing controller action with signature System.Threading.Tasks.Task`1[Microsoft.AspNetCore.Mvc.IActionResult] Table() on controller FoodRegistrationTool.Controllers.ProductController (FoodRegistrationTool).
2024-11-28 13:27:21.475 +01:00 [INF] Executing ViewResult, running view Table.
2024-11-28 13:27:21.480 +01:00 [INF] Executed ViewResult - view Table executed in 4.6545ms.
2024-11-28 13:27:21.480 +01:00 [INF] Executed action FoodRegistrationTool.Controllers.ProductController.Table (FoodRegistrationTool) in 10.6048ms
2024-11-28 13:27:21.480 +01:00 [INF] Executed endpoint 'FoodRegistrationTool.Controllers.ProductController.Table (FoodRegistrationTool)'
2024-11-28 13:27:21.480 +01:00 [INF] Request finished HTTP/1.1 GET http://localhost:5015/Product/Table - 200 null text/html; charset=utf-8 11.8345ms
2024-11-28 13:27:34.587 +01:00 [INF] Request starting HTTP/1.1 GET http://localhost:5015/Product/Details/1 - null null
2024-11-28 13:27:34.587 +01:00 [INF] Executing endpoint 'FoodRegistrationTool.Controllers.ProductController.Details (FoodRegistrationTool)'
2024-11-28 13:27:34.603 +01:00 [INF] Route matched with {action = "Details", controller = "Product", page = "", area = ""}. Executing controller action with signature System.Threading.Tasks.Task`1[Microsoft.AspNetCore.Mvc.IActionResult] Details(Int32) on controller FoodRegistrationTool.Controllers.ProductController (FoodRegistrationTool).
2024-11-28 13:27:34.672 +01:00 [INF] Executing ViewResult, running view Details.
2024-11-28 13:27:34.691 +01:00 [INF] Executed ViewResult - view Details executed in 20.5608ms.
2024-11-28 13:27:34.691 +01:00 [INF] Executed action FoodRegistrationTool.Controllers.ProductController.Details (FoodRegistrationTool) in 88.6745ms
2024-11-28 13:27:34.692 +01:00 [INF] Executed endpoint 'FoodRegistrationTool.Controllers.ProductController.Details (FoodRegistrationTool)'
2024-11-28 13:27:34.692 +01:00 [INF] Request finished HTTP/1.1 GET http://localhost:5015/Product/Details/1 - 200 null text/html; charset=utf-8 105.2897ms
2024-11-28 13:27:34.746 +01:00 [INF] Request starting HTTP/1.1 GET http://localhost:5015/FoodRegistrationTool.styles.css?v=ShEKwPi8cRC2FGUFedJlzzoAXx7f5UlFYY-ihr3NTDk - null null
2024-11-28 13:27:34.747 +01:00 [INF] The file /FoodRegistrationTool.styles.css was not modified
2024-11-28 13:27:34.748 +01:00 [INF] Request finished HTTP/1.1 GET http://localhost:5015/FoodRegistrationTool.styles.css?v=ShEKwPi8cRC2FGUFedJlzzoAXx7f5UlFYY-ihr3NTDk - 304 null text/css 1.4611ms
2024-11-28 13:27:34.770 +01:00 [INF] Request starting HTTP/1.1 GET http://localhost:5015/js/nutrition-table.js - null null
2024-11-28 13:27:34.772 +01:00 [INF] Request finished HTTP/1.1 GET http://localhost:5015/js/nutrition-table.js - 404 0 null 2.1211ms
2024-11-28 13:27:34.773 +01:00 [INF] Request reached the end of the middleware pipeline without being handled by application code. Request path: GET http://localhost:5015/js/nutrition-table.js, Response status code: 404
2024-11-28 13:27:37.004 +01:00 [INF] Request starting HTTP/1.1 GET http://localhost:5015/Product/Grid - null null
2024-11-28 13:27:37.005 +01:00 [INF] Executing endpoint 'FoodRegistrationTool.Controllers.ProductController.Grid (FoodRegistrationTool)'
2024-11-28 13:27:37.005 +01:00 [INF] Route matched with {action = "Grid", controller = "Product", page = "", area = ""}. Executing controller action with signature System.Threading.Tasks.Task`1[Microsoft.AspNetCore.Mvc.IActionResult] Grid() on controller FoodRegistrationTool.Controllers.ProductController (FoodRegistrationTool).
2024-11-28 13:27:37.013 +01:00 [INF] Executing ViewResult, running view Grid.
2024-11-28 13:27:37.015 +01:00 [INF] Executed ViewResult - view Grid executed in 2.4886ms.
2024-11-28 13:27:37.015 +01:00 [INF] Executed action FoodRegistrationTool.Controllers.ProductController.Grid (FoodRegistrationTool) in 10.3279ms
2024-11-28 13:27:37.015 +01:00 [INF] Executed endpoint 'FoodRegistrationTool.Controllers.ProductController.Grid (FoodRegistrationTool)'
2024-11-28 13:27:37.016 +01:00 [INF] Request finished HTTP/1.1 GET http://localhost:5015/Product/Grid - 200 null text/html; charset=utf-8 11.1978ms
2024-11-28 13:27:38.548 +01:00 [INF] Request starting HTTP/1.1 GET http://localhost:5015/Product/Create - null null
2024-11-28 13:27:38.555 +01:00 [INF] Authorization failed. These requirements were not met:
DenyAnonymousAuthorizationRequirement: Requires an authenticated user.
2024-11-28 13:27:38.559 +01:00 [INF] AuthenticationScheme: Identity.Application was challenged.
2024-11-28 13:27:38.560 +01:00 [INF] Request finished HTTP/1.1 GET http://localhost:5015/Product/Create - 302 0 null 11.3032ms
2024-11-28 13:27:38.567 +01:00 [INF] Request starting HTTP/1.1 GET http://localhost:5015/Identity/Account/Login?ReturnUrl=%2FProduct%2FCreate - null null
2024-11-28 13:27:38.567 +01:00 [INF] Executing endpoint '/Account/Login'
2024-11-28 13:27:38.600 +01:00 [INF] Route matched with {page = "/Account/Login", area = "Identity", action = "", controller = ""}. Executing page /Account/Login
2024-11-28 13:27:38.648 +01:00 [INF] Executing handler method FoodRegistrationTool.Areas.Identity.Pages.Account.LoginModel.OnGetAsync - ModelState is "Valid"
2024-11-28 13:27:38.662 +01:00 [INF] AuthenticationScheme: Identity.External signed out.
2024-11-28 13:27:38.664 +01:00 [INF] Executed handler method OnGetAsync, returned result .
2024-11-28 13:27:38.672 +01:00 [INF] Executing an implicit handler method - ModelState is "Valid"
2024-11-28 13:27:38.673 +01:00 [INF] Executed an implicit handler method, returned result Microsoft.AspNetCore.Mvc.RazorPages.PageResult.
2024-11-28 13:27:38.795 +01:00 [INF] Executed page /Account/Login in 193.9695ms
2024-11-28 13:27:38.795 +01:00 [INF] Executed endpoint '/Account/Login'
2024-11-28 13:27:38.796 +01:00 [INF] Request finished HTTP/1.1 GET http://localhost:5015/Identity/Account/Login?ReturnUrl=%2FProduct%2FCreate - 200 null text/html; charset=utf-8 228.984ms
2024-11-28 13:27:38.870 +01:00 [INF] Request starting HTTP/1.1 GET http://localhost:5015/lib/jquery-validation/dist/jquery.validate.min.js - null null
2024-11-28 13:27:38.872 +01:00 [INF] Sending file. Request path: '/lib/jquery-validation/dist/jquery.validate.min.js'. Physical path: 'C:\Users\Mats\OneDrive - OsloMet\Dokumenter\WebApp høst2024\itpe3200-comments\itpe3200\FoodRegistrationTool\wwwroot\lib\jquery-validation\dist\jquery.validate.min.js'
2024-11-28 13:27:38.872 +01:00 [INF] Request finished HTTP/1.1 GET http://localhost:5015/lib/jquery-validation/dist/jquery.validate.min.js - 200 24604 text/javascript 2.659ms
2024-11-28 13:27:38.891 +01:00 [INF] Request starting HTTP/1.1 GET http://localhost:5015/lib/jquery-validation-unobtrusive/jquery.validate.unobtrusive.min.js - null null
2024-11-28 13:27:38.893 +01:00 [INF] Sending file. Request path: '/lib/jquery-validation-unobtrusive/jquery.validate.unobtrusive.min.js'. Physical path: 'C:\Users\Mats\OneDrive - OsloMet\Dokumenter\WebApp høst2024\itpe3200-comments\itpe3200\FoodRegistrationTool\wwwroot\lib\jquery-validation-unobtrusive\jquery.validate.unobtrusive.min.js'
2024-11-28 13:27:38.893 +01:00 [INF] Request finished HTTP/1.1 GET http://localhost:5015/lib/jquery-validation-unobtrusive/jquery.validate.unobtrusive.min.js - 200 5831 text/javascript 2.2469ms
2024-11-28 13:27:40.717 +01:00 [INF] Request starting HTTP/1.1 GET http://localhost:5015/ - null null
2024-11-28 13:27:40.718 +01:00 [INF] Executing endpoint 'FoodRegistrationTool.Controllers.HomeController.Index (FoodRegistrationTool)'
2024-11-28 13:27:40.719 +01:00 [INF] Route matched with {action = "Index", controller = "Home", page = "", area = ""}. Executing controller action with signature Microsoft.AspNetCore.Mvc.IActionResult Index() on controller FoodRegistrationTool.Controllers.HomeController (FoodRegistrationTool).
2024-11-28 13:27:40.719 +01:00 [INF] Executing ViewResult, running view Index.
2024-11-28 13:27:40.725 +01:00 [INF] Executed ViewResult - view Index executed in 6.2338ms.
2024-11-28 13:27:40.726 +01:00 [INF] Executed action FoodRegistrationTool.Controllers.HomeController.Index (FoodRegistrationTool) in 7.1187ms
2024-11-28 13:27:40.726 +01:00 [INF] Executed endpoint 'FoodRegistrationTool.Controllers.HomeController.Index (FoodRegistrationTool)'
2024-11-28 13:27:40.727 +01:00 [INF] Request finished HTTP/1.1 GET http://localhost:5015/ - 200 null text/html; charset=utf-8 9.7388ms
2024-11-28 13:27:41.445 +01:00 [INF] Request starting HTTP/1.1 GET http://localhost:5015/ - null null
2024-11-28 13:27:41.446 +01:00 [INF] Executing endpoint 'FoodRegistrationTool.Controllers.HomeController.Index (FoodRegistrationTool)'
2024-11-28 13:27:41.446 +01:00 [INF] Route matched with {action = "Index", controller = "Home", page = "", area = ""}. Executing controller action with signature Microsoft.AspNetCore.Mvc.IActionResult Index() on controller FoodRegistrationTool.Controllers.HomeController (FoodRegistrationTool).
2024-11-28 13:27:41.446 +01:00 [INF] Executing ViewResult, running view Index.
2024-11-28 13:27:41.451 +01:00 [INF] Executed ViewResult - view Index executed in 4.8989ms.
2024-11-28 13:27:41.452 +01:00 [INF] Executed action FoodRegistrationTool.Controllers.HomeController.Index (FoodRegistrationTool) in 6.0848ms
2024-11-28 13:27:41.453 +01:00 [INF] Executed endpoint 'FoodRegistrationTool.Controllers.HomeController.Index (FoodRegistrationTool)'
2024-11-28 13:27:41.454 +01:00 [INF] Request finished HTTP/1.1 GET http://localhost:5015/ - 200 null text/html; charset=utf-8 7.7158ms
2024-11-28 13:27:43.933 +01:00 [INF] Request starting HTTP/1.1 GET http://localhost:5015/Identity/Account/Register - null null
2024-11-28 13:27:43.943 +01:00 [INF] Executing endpoint '/Account/Register'
2024-11-28 13:27:43.956 +01:00 [INF] Route matched with {page = "/Account/Register", area = "Identity", action = "", controller = ""}. Executing page /Account/Register
2024-11-28 13:27:43.964 +01:00 [INF] Executing handler method FoodRegistrationTool.Areas.Identity.Pages.Account.RegisterModel.OnGetAsync - ModelState is "Valid"
2024-11-28 13:27:43.965 +01:00 [INF] Executed handler method OnGetAsync, returned result .
2024-11-28 13:27:43.965 +01:00 [INF] Executing an implicit handler method - ModelState is "Valid"
2024-11-28 13:27:43.966 +01:00 [INF] Executed an implicit handler method, returned result Microsoft.AspNetCore.Mvc.RazorPages.PageResult.
2024-11-28 13:27:44.013 +01:00 [INF] Executed page /Account/Register in 56.8727ms
2024-11-28 13:27:44.014 +01:00 [INF] Executed endpoint '/Account/Register'
2024-11-28 13:27:44.014 +01:00 [INF] Request finished HTTP/1.1 GET http://localhost:5015/Identity/Account/Register - 200 null text/html; charset=utf-8 80.7138ms
2024-11-28 13:27:53.286 +01:00 [INF] Application is shutting down...
